11:09:49 AM [TRACE](./Net_Utils/NU_HTTP.c:206) parse_http_request(): 
"Header: 
GET / HTTP/1.1
Host: 192.168.1.112
Connection: keep-alive
Accept: text/html,application/xhtml+xml,application/xml;q=0.9,image/webp,*/*;q=0.8
Upgrade-Insecure-Requests: 1
User-Agent: Mozilla/5.0 (Windows NT 6.1; WOW64) AppleWebKit/537.36 (KHTML, like Gecko) Chrome/44.0.2403.155 Safari/537.36
DNT: 1
Accept-Encoding: gzip, deflate, sdch
Accept-Language: en-US,en;q=0.8
Cookie: fname=Louis; lname=Jenkins

"
11:09:49 AM [TRACE](./Net_Utils/NU_HTTP.c:96) parse_http_method(): 
"GET"
11:09:49 AM [TRACE](./Net_Utils/NU_HTTP.c:115) parse_http_path(): 
"/"
11:09:49 AM [TRACE](./Net_Utils/NU_HTTP.c:134) parse_http_version(): 
"HTTP/1.1"
11:09:49 AM [TRACE](./Net_Utils/NU_HTTP.c:70) parse_http_field(): 
"Host: 192.168.1.112"
11:09:49 AM [TRACE](./Net_Utils/NU_HTTP.c:86) parse_http_field(): 
"Field: 'Host'
Value: '192.168.1.112'"
11:09:49 AM [TRACE](./Net_Utils/NU_HTTP.c:70) parse_http_field(): 
"Connection: keep-alive"
11:09:49 AM [TRACE](./Net_Utils/NU_HTTP.c:86) parse_http_field(): 
"Field: 'Connection'
Value: 'keep-alive'"
11:09:49 AM [TRACE](./Net_Utils/NU_HTTP.c:70) parse_http_field(): 
"Accept: text/html,application/xhtml+xml,application/xml;q=0.9,image/webp,*/*;q=0.8"
11:09:49 AM [TRACE](./Net_Utils/NU_HTTP.c:86) parse_http_field(): 
"Field: 'Accept'
Value: 'text/html,application/xhtml+xml,application/xml;q=0.9,image/webp,*/*;q=0.8'"
11:09:49 AM [TRACE](./Net_Utils/NU_HTTP.c:70) parse_http_field(): 
"Upgrade-Insecure-Requests: 1"
11:09:49 AM [TRACE](./Net_Utils/NU_HTTP.c:86) parse_http_field(): 
"Field: 'Upgrade-Insecure-Requests'
Value: '1'"
11:09:49 AM [TRACE](./Net_Utils/NU_HTTP.c:70) parse_http_field(): 
"User-Agent: Mozilla/5.0 (Windows NT 6.1; WOW64) AppleWebKit/537.36 (KHTML, like Gecko) Chrome/44.0.2403.155 Safari/537.36"
11:09:49 AM [TRACE](./Net_Utils/NU_HTTP.c:86) parse_http_field(): 
"Field: 'User-Agent'
Value: 'Mozilla/5.0 (Windows NT 6.1; WOW64) AppleWebKit/537.36 (KHTML, like Gecko) Chrome/44.0.2403.155 Safari/537.36'"
11:09:49 AM [TRACE](./Net_Utils/NU_HTTP.c:70) parse_http_field(): 
"DNT: 1"
11:09:49 AM [TRACE](./Net_Utils/NU_HTTP.c:86) parse_http_field(): 
"Field: 'DNT'
Value: '1'"
11:09:49 AM [TRACE](./Net_Utils/NU_HTTP.c:70) parse_http_field(): 
"Accept-Encoding: gzip, deflate, sdch"
11:09:49 AM [TRACE](./Net_Utils/NU_HTTP.c:86) parse_http_field(): 
"Field: 'Accept-Encoding'
Value: 'gzip, deflate, sdch'"
11:09:49 AM [TRACE](./Net_Utils/NU_HTTP.c:70) parse_http_field(): 
"Accept-Language: en-US,en;q=0.8"
11:09:49 AM [TRACE](./Net_Utils/NU_HTTP.c:86) parse_http_field(): 
"Field: 'Accept-Language'
Value: 'en-US,en;q=0.8'"
11:09:49 AM [TRACE](./Net_Utils/NU_HTTP.c:70) parse_http_field(): 
"Cookie: fname=Louis; lname=Jenkins"
11:09:49 AM [TRACE](./Net_Utils/NU_HTTP.c:86) parse_http_field(): 
"Field: 'Cookie'
Value: 'fname=Louis; lname=Jenkins'"
11:09:49 AM [TRACE](./Net_Utils/NU_HTTP.c:288) NU_Request_append_header(): 
"Read 415 of 415 bytes of header; New header size = 0!"
11:09:49 AM [TRACE](./Net_Utils/NU_HTTP.c:206) parse_http_request(): 
"Header: 
GET /styles/main.css HTTP/1.1
Host: 192.168.1.112
Connection: keep-alive
Accept: text/css,*/*;q=0.1
User-Agent: Mozilla/5.0 (Windows NT 6.1; WOW64) AppleWebKit/537.36 (KHTML, like Gecko) Chrome/44.0.2403.155 Safari/537.36
DNT: 1
Referer: http://192.168.1.112/
Accept-Encoding: gzip, deflate, sdch
Accept-Language: en-US,en;q=0.8
Cookie: fname=Louis; lname=Jenkins

"
11:09:49 AM [TRACE](./Net_Utils/NU_HTTP.c:96) parse_http_method(): 
"GET"
11:09:49 AM [TRACE](./Net_Utils/NU_HTTP.c:115) parse_http_path(): 
"/styles/main.css"
11:09:49 AM [TRACE](./Net_Utils/NU_HTTP.c:134) parse_http_version(): 
"HTTP/1.1"
11:09:49 AM [TRACE](./Net_Utils/NU_HTTP.c:70) parse_http_field(): 
"Host: 192.168.1.112"
11:09:49 AM [TRACE](./Net_Utils/NU_HTTP.c:86) parse_http_field(): 
"Field: 'Host'
Value: '192.168.1.112'"
11:09:49 AM [TRACE](./Net_Utils/NU_HTTP.c:70) parse_http_field(): 
"Connection: keep-alive"
11:09:49 AM [TRACE](./Net_Utils/NU_HTTP.c:86) parse_http_field(): 
"Field: 'Connection'
Value: 'keep-alive'"
11:09:49 AM [TRACE](./Net_Utils/NU_HTTP.c:70) parse_http_field(): 
"Accept: text/css,*/*;q=0.1"
11:09:49 AM [TRACE](./Net_Utils/NU_HTTP.c:86) parse_http_field(): 
"Field: 'Accept'
Value: 'text/css,*/*;q=0.1'"
11:09:49 AM [TRACE](./Net_Utils/NU_HTTP.c:70) parse_http_field(): 
"User-Agent: Mozilla/5.0 (Windows NT 6.1; WOW64) AppleWebKit/537.36 (KHTML, like Gecko) Chrome/44.0.2403.155 Safari/537.36"
11:09:49 AM [TRACE](./Net_Utils/NU_HTTP.c:86) parse_http_field(): 
"Field: 'User-Agent'
Value: 'Mozilla/5.0 (Windows NT 6.1; WOW64) AppleWebKit/537.36 (KHTML, like Gecko) Chrome/44.0.2403.155 Safari/537.36'"
11:09:49 AM [TRACE](./Net_Utils/NU_HTTP.c:70) parse_http_field(): 
"DNT: 1"
11:09:49 AM [TRACE](./Net_Utils/NU_HTTP.c:86) parse_http_field(): 
"Field: 'DNT'
Value: '1'"
11:09:49 AM [TRACE](./Net_Utils/NU_HTTP.c:70) parse_http_field(): 
"Referer: http://192.168.1.112/"
11:09:49 AM [TRACE](./Net_Utils/NU_HTTP.c:86) parse_http_field(): 
"Field: 'Referer'
Value: 'http://192.168.1.112/'"
11:09:49 AM [TRACE](./Net_Utils/NU_HTTP.c:70) parse_http_field(): 
"Accept-Encoding: gzip, deflate, sdch"
11:09:49 AM [TRACE](./Net_Utils/NU_HTTP.c:86) parse_http_field(): 
"Field: 'Accept-Encoding'
Value: 'gzip, deflate, sdch'"
11:09:49 AM [TRACE](./Net_Utils/NU_HTTP.c:70) parse_http_field(): 
"Accept-Language: en-US,en;q=0.8"
11:09:49 AM [TRACE](./Net_Utils/NU_HTTP.c:86) parse_http_field(): 
"Field: 'Accept-Language'
Value: 'en-US,en;q=0.8'"
11:09:49 AM [TRACE](./Net_Utils/NU_HTTP.c:70) parse_http_field(): 
"Cookie: fname=Louis; lname=Jenkins"
11:09:49 AM [TRACE](./Net_Utils/NU_HTTP.c:86) parse_http_field(): 
"Field: 'Cookie'
Value: 'fname=Louis; lname=Jenkins'"
11:09:49 AM [TRACE](./Net_Utils/NU_HTTP.c:288) NU_Request_append_header(): 
"Read 376 of 376 bytes of header; New header size = 0!"
11:09:49 AM [TRACE](./Net_Utils/NU_HTTP.c:206) parse_http_request(): 
"Header: 
GET /favicon.ico HTTP/1.1
Host: 192.168.1.112
Connection: keep-alive
User-Agent: Mozilla/5.0 (Windows NT 6.1; WOW64) AppleWebKit/537.36 (KHTML, like Gecko) Chrome/44.0.2403.155 Safari/537.36
Accept: */*
DNT: 1
Referer: http://192.168.1.112/
Accept-Encoding: gzip, deflate, sdch
Accept-Language: en-US,en;q=0.8
Cookie: fname=Louis; lname=Jenkins

"
11:09:49 AM [TRACE](./Net_Utils/NU_HTTP.c:96) parse_http_method(): 
"GET"
11:09:49 AM [TRACE](./Net_Utils/NU_HTTP.c:115) parse_http_path(): 
"/favicon.ico"
11:09:49 AM [TRACE](./Net_Utils/NU_HTTP.c:134) parse_http_version(): 
"HTTP/1.1"
11:09:49 AM [TRACE](./Net_Utils/NU_HTTP.c:70) parse_http_field(): 
"Host: 192.168.1.112"
11:09:49 AM [TRACE](./Net_Utils/NU_HTTP.c:86) parse_http_field(): 
"Field: 'Host'
Value: '192.168.1.112'"
11:09:49 AM [TRACE](./Net_Utils/NU_HTTP.c:70) parse_http_field(): 
"Connection: keep-alive"
11:09:49 AM [TRACE](./Net_Utils/NU_HTTP.c:86) parse_http_field(): 
"Field: 'Connection'
Value: 'keep-alive'"
11:09:49 AM [TRACE](./Net_Utils/NU_HTTP.c:70) parse_http_field(): 
"User-Agent: Mozilla/5.0 (Windows NT 6.1; WOW64) AppleWebKit/537.36 (KHTML, like Gecko) Chrome/44.0.2403.155 Safari/537.36"
11:09:49 AM [TRACE](./Net_Utils/NU_HTTP.c:86) parse_http_field(): 
"Field: 'User-Agent'
Value: 'Mozilla/5.0 (Windows NT 6.1; WOW64) AppleWebKit/537.36 (KHTML, like Gecko) Chrome/44.0.2403.155 Safari/537.36'"
11:09:49 AM [TRACE](./Net_Utils/NU_HTTP.c:70) parse_http_field(): 
"Accept: */*"
11:09:49 AM [TRACE](./Net_Utils/NU_HTTP.c:86) parse_http_field(): 
"Field: 'Accept'
Value: '*/*'"
11:09:49 AM [TRACE](./Net_Utils/NU_HTTP.c:70) parse_http_field(): 
"DNT: 1"
11:09:49 AM [TRACE](./Net_Utils/NU_HTTP.c:86) parse_http_field(): 
"Field: 'DNT'
Value: '1'"
11:09:49 AM [TRACE](./Net_Utils/NU_HTTP.c:70) parse_http_field(): 
"Referer: http://192.168.1.112/"
11:09:49 AM [TRACE](./Net_Utils/NU_HTTP.c:86) parse_http_field(): 
"Field: 'Referer'
Value: 'http://192.168.1.112/'"
11:09:49 AM [TRACE](./Net_Utils/NU_HTTP.c:70) parse_http_field(): 
"Accept-Encoding: gzip, deflate, sdch"
11:09:49 AM [TRACE](./Net_Utils/NU_HTTP.c:86) parse_http_field(): 
"Field: 'Accept-Encoding'
Value: 'gzip, deflate, sdch'"
11:09:49 AM [TRACE](./Net_Utils/NU_HTTP.c:70) parse_http_field(): 
"Accept-Language: en-US,en;q=0.8"
11:09:49 AM [TRACE](./Net_Utils/NU_HTTP.c:86) parse_http_field(): 
"Field: 'Accept-Language'
Value: 'en-US,en;q=0.8'"
11:09:49 AM [TRACE](./Net_Utils/NU_HTTP.c:70) parse_http_field(): 
"Cookie: fname=Louis; lname=Jenkins"
11:09:49 AM [TRACE](./Net_Utils/NU_HTTP.c:86) parse_http_field(): 
"Field: 'Cookie'
Value: 'fname=Louis; lname=Jenkins'"
11:09:49 AM [TRACE](./Net_Utils/NU_HTTP.c:288) NU_Request_append_header(): 
"Read 357 of 357 bytes of header; New header size = 0!"
11:09:58 AM [TRACE](./Net_Utils/NU_HTTP.c:206) parse_http_request(): 
"Header: 
POST /menu.html HTTP/1.1
Host: 192.168.1.112
Connection: keep-alive
Content-Length: 25
Cache-Control: max-age=0
Accept: text/html,application/xhtml+xml,application/xml;q=0.9,image/webp,*/*;q=0.8
Origin: http://192.168.1.112
Upgrade-Insecure-Requests: 1
User-Agent: Mozilla/5.0 (Windows NT 6.1; WOW64) AppleWebKit/537.36 (KHTML, like Gecko) Chrome/44.0.2403.155 Safari/537.36
Content-Type: application/x-www-form-urlencoded
DNT: 1
Referer: http://192.168.1.112/
Accept-Encoding: gzip, deflate
Accept-Language: en-US,en;q=0.8
Cookie: fname=Louis; lname=Jenkins

fname=Louis&lname=Jenkins"
11:09:58 AM [TRACE](./Net_Utils/NU_HTTP.c:96) parse_http_method(): 
"POST"
11:09:58 AM [TRACE](./Net_Utils/NU_HTTP.c:115) parse_http_path(): 
"/menu.html"
11:09:58 AM [TRACE](./Net_Utils/NU_HTTP.c:134) parse_http_version(): 
"HTTP/1.1"
11:09:58 AM [TRACE](./Net_Utils/NU_HTTP.c:70) parse_http_field(): 
"Host: 192.168.1.112"
11:09:58 AM [TRACE](./Net_Utils/NU_HTTP.c:86) parse_http_field(): 
"Field: 'Host'
Value: '192.168.1.112'"
11:09:58 AM [TRACE](./Net_Utils/NU_HTTP.c:70) parse_http_field(): 
"Connection: keep-alive"
11:09:58 AM [TRACE](./Net_Utils/NU_HTTP.c:86) parse_http_field(): 
"Field: 'Connection'
Value: 'keep-alive'"
11:09:58 AM [TRACE](./Net_Utils/NU_HTTP.c:70) parse_http_field(): 
"Content-Length: 25"
11:09:58 AM [TRACE](./Net_Utils/NU_HTTP.c:86) parse_http_field(): 
"Field: 'Content-Length'
Value: '25'"
11:09:58 AM [TRACE](./Net_Utils/NU_HTTP.c:70) parse_http_field(): 
"Cache-Control: max-age=0"
11:09:58 AM [TRACE](./Net_Utils/NU_HTTP.c:86) parse_http_field(): 
"Field: 'Cache-Control'
Value: 'max-age=0'"
11:09:58 AM [TRACE](./Net_Utils/NU_HTTP.c:70) parse_http_field(): 
"Accept: text/html,application/xhtml+xml,application/xml;q=0.9,image/webp,*/*;q=0.8"
11:09:58 AM [TRACE](./Net_Utils/NU_HTTP.c:86) parse_http_field(): 
"Field: 'Accept'
Value: 'text/html,application/xhtml+xml,application/xml;q=0.9,image/webp,*/*;q=0.8'"
11:09:58 AM [TRACE](./Net_Utils/NU_HTTP.c:70) parse_http_field(): 
"Origin: http://192.168.1.112"
11:09:58 AM [TRACE](./Net_Utils/NU_HTTP.c:86) parse_http_field(): 
"Field: 'Origin'
Value: 'http://192.168.1.112'"
11:09:58 AM [TRACE](./Net_Utils/NU_HTTP.c:70) parse_http_field(): 
"Upgrade-Insecure-Requests: 1"
11:09:58 AM [TRACE](./Net_Utils/NU_HTTP.c:86) parse_http_field(): 
"Field: 'Upgrade-Insecure-Requests'
Value: '1'"
11:09:58 AM [TRACE](./Net_Utils/NU_HTTP.c:70) parse_http_field(): 
"User-Agent: Mozilla/5.0 (Windows NT 6.1; WOW64) AppleWebKit/537.36 (KHTML, like Gecko) Chrome/44.0.2403.155 Safari/537.36"
11:09:58 AM [TRACE](./Net_Utils/NU_HTTP.c:86) parse_http_field(): 
"Field: 'User-Agent'
Value: 'Mozilla/5.0 (Windows NT 6.1; WOW64) AppleWebKit/537.36 (KHTML, like Gecko) Chrome/44.0.2403.155 Safari/537.36'"
11:09:58 AM [TRACE](./Net_Utils/NU_HTTP.c:70) parse_http_field(): 
"Content-Type: application/x-www-form-urlencoded"
11:09:58 AM [TRACE](./Net_Utils/NU_HTTP.c:86) parse_http_field(): 
"Field: 'Content-Type'
Value: 'application/x-www-form-urlencoded'"
11:09:58 AM [TRACE](./Net_Utils/NU_HTTP.c:70) parse_http_field(): 
"DNT: 1"
11:09:58 AM [TRACE](./Net_Utils/NU_HTTP.c:86) parse_http_field(): 
"Field: 'DNT'
Value: '1'"
11:09:58 AM [TRACE](./Net_Utils/NU_HTTP.c:70) parse_http_field(): 
"Referer: http://192.168.1.112/"
11:09:58 AM [TRACE](./Net_Utils/NU_HTTP.c:86) parse_http_field(): 
"Field: 'Referer'
Value: 'http://192.168.1.112/'"
11:09:58 AM [TRACE](./Net_Utils/NU_HTTP.c:70) parse_http_field(): 
"Accept-Encoding: gzip, deflate"
11:09:58 AM [TRACE](./Net_Utils/NU_HTTP.c:86) parse_http_field(): 
"Field: 'Accept-Encoding'
Value: 'gzip, deflate'"
11:09:58 AM [TRACE](./Net_Utils/NU_HTTP.c:70) parse_http_field(): 
"Accept-Language: en-US,en;q=0.8"
11:09:58 AM [TRACE](./Net_Utils/NU_HTTP.c:86) parse_http_field(): 
"Field: 'Accept-Language'
Value: 'en-US,en;q=0.8'"
11:09:58 AM [TRACE](./Net_Utils/NU_HTTP.c:70) parse_http_field(): 
"Cookie: fname=Louis; lname=Jenkins"
11:09:58 AM [TRACE](./Net_Utils/NU_HTTP.c:86) parse_http_field(): 
"Field: 'Cookie'
Value: 'fname=Louis; lname=Jenkins'"
11:09:58 AM [TRACE](./Net_Utils/NU_HTTP.c:70) parse_http_field(): 
"fname=Louis&lname=Jenkins"
11:09:58 AM [WARNING](./Net_Utils/NU_HTTP.c:76) parse_http_field(): 
"No delimiter offset for line: 'fname=Louis&lname=Jenkins'!"
11:09:58 AM [TRACE](./Net_Utils/NU_HTTP.c:288) NU_Request_append_header(): 
"Read 603 of 601 bytes of header; New header size = 18446744073709551614!"
11:09:58 AM [TRACE](./Net_Utils/NU_HTTP.c:206) parse_http_request(): 
"Header: 
GET /styles/main.css HTTP/1.1
Host: 192.168.1.112
Connection: keep-alive
Accept: text/css,*/*;q=0.1
User-Agent: Mozilla/5.0 (Windows NT 6.1; WOW64) AppleWebKit/537.36 (KHTML, like Gecko) Chrome/44.0.2403.155 Safari/537.36
DNT: 1
Referer: http://192.168.1.112/menu.html
Accept-Encoding: gzip, deflate, sdch
Accept-Language: en-US,en;q=0.8
Cookie: fname=Louis; lname=Jenkins

"
11:09:58 AM [TRACE](./Net_Utils/NU_HTTP.c:96) parse_http_method(): 
"GET"
11:09:58 AM [TRACE](./Net_Utils/NU_HTTP.c:115) parse_http_path(): 
"/styles/main.css"
11:09:58 AM [TRACE](./Net_Utils/NU_HTTP.c:134) parse_http_version(): 
"HTTP/1.1"
11:09:58 AM [TRACE](./Net_Utils/NU_HTTP.c:70) parse_http_field(): 
"Host: 192.168.1.112"
11:09:58 AM [TRACE](./Net_Utils/NU_HTTP.c:86) parse_http_field(): 
"Field: 'Host'
Value: '192.168.1.112'"
11:09:58 AM [TRACE](./Net_Utils/NU_HTTP.c:70) parse_http_field(): 
"Connection: keep-alive"
11:09:58 AM [TRACE](./Net_Utils/NU_HTTP.c:86) parse_http_field(): 
"Field: 'Connection'
Value: 'keep-alive'"
11:09:58 AM [TRACE](./Net_Utils/NU_HTTP.c:70) parse_http_field(): 
"Accept: text/css,*/*;q=0.1"
11:09:58 AM [TRACE](./Net_Utils/NU_HTTP.c:86) parse_http_field(): 
"Field: 'Accept'
Value: 'text/css,*/*;q=0.1'"
11:09:58 AM [TRACE](./Net_Utils/NU_HTTP.c:70) parse_http_field(): 
"User-Agent: Mozilla/5.0 (Windows NT 6.1; WOW64) AppleWebKit/537.36 (KHTML, like Gecko) Chrome/44.0.2403.155 Safari/537.36"
11:09:58 AM [TRACE](./Net_Utils/NU_HTTP.c:86) parse_http_field(): 
"Field: 'User-Agent'
Value: 'Mozilla/5.0 (Windows NT 6.1; WOW64) AppleWebKit/537.36 (KHTML, like Gecko) Chrome/44.0.2403.155 Safari/537.36'"
11:09:58 AM [TRACE](./Net_Utils/NU_HTTP.c:70) parse_http_field(): 
"DNT: 1"
11:09:58 AM [TRACE](./Net_Utils/NU_HTTP.c:86) parse_http_field(): 
"Field: 'DNT'
Value: '1'"
11:09:58 AM [TRACE](./Net_Utils/NU_HTTP.c:70) parse_http_field(): 
"Referer: http://192.168.1.112/menu.html"
11:09:58 AM [TRACE](./Net_Utils/NU_HTTP.c:86) parse_http_field(): 
"Field: 'Referer'
Value: 'http://192.168.1.112/menu.html'"
11:09:58 AM [TRACE](./Net_Utils/NU_HTTP.c:70) parse_http_field(): 
"Accept-Encoding: gzip, deflate, sdch"
11:09:58 AM [TRACE](./Net_Utils/NU_HTTP.c:86) parse_http_field(): 
"Field: 'Accept-Encoding'
Value: 'gzip, deflate, sdch'"
11:09:58 AM [TRACE](./Net_Utils/NU_HTTP.c:70) parse_http_field(): 
"Accept-Language: en-US,en;q=0.8"
11:09:58 AM [TRACE](./Net_Utils/NU_HTTP.c:86) parse_http_field(): 
"Field: 'Accept-Language'
Value: 'en-US,en;q=0.8'"
11:09:58 AM [TRACE](./Net_Utils/NU_HTTP.c:70) parse_http_field(): 
"Cookie: fname=Louis; lname=Jenkins"
11:09:58 AM [TRACE](./Net_Utils/NU_HTTP.c:86) parse_http_field(): 
"Field: 'Cookie'
Value: 'fname=Louis; lname=Jenkins'"
11:09:58 AM [TRACE](./Net_Utils/NU_HTTP.c:288) NU_Request_append_header(): 
"Read 385 of 385 bytes of header; New header size = 0!"
11:09:58 AM [TRACE](./Net_Utils/NU_HTTP.c:206) parse_http_request(): 
"Header: 
GET /favicon.ico HTTP/1.1
Host: 192.168.1.112
Connection: keep-alive
User-Agent: Mozilla/5.0 (Windows NT 6.1; WOW64) AppleWebKit/537.36 (KHTML, like Gecko) Chrome/44.0.2403.155 Safari/537.36
Accept: */*
DNT: 1
Referer: http://192.168.1.112/menu.html
Accept-Encoding: gzip, deflate, sdch
Accept-Language: en-US,en;q=0.8
Cookie: fname=Louis; lname=Jenkins

"
11:09:58 AM [TRACE](./Net_Utils/NU_HTTP.c:96) parse_http_method(): 
"GET"
11:09:58 AM [TRACE](./Net_Utils/NU_HTTP.c:115) parse_http_path(): 
"/favicon.ico"
11:09:58 AM [TRACE](./Net_Utils/NU_HTTP.c:134) parse_http_version(): 
"HTTP/1.1"
11:09:58 AM [TRACE](./Net_Utils/NU_HTTP.c:70) parse_http_field(): 
"Host: 192.168.1.112"
11:09:58 AM [TRACE](./Net_Utils/NU_HTTP.c:86) parse_http_field(): 
"Field: 'Host'
Value: '192.168.1.112'"
11:09:58 AM [TRACE](./Net_Utils/NU_HTTP.c:70) parse_http_field(): 
"Connection: keep-alive"
11:09:58 AM [TRACE](./Net_Utils/NU_HTTP.c:86) parse_http_field(): 
"Field: 'Connection'
Value: 'keep-alive'"
11:09:58 AM [TRACE](./Net_Utils/NU_HTTP.c:70) parse_http_field(): 
"User-Agent: Mozilla/5.0 (Windows NT 6.1; WOW64) AppleWebKit/537.36 (KHTML, like Gecko) Chrome/44.0.2403.155 Safari/537.36"
11:09:58 AM [TRACE](./Net_Utils/NU_HTTP.c:86) parse_http_field(): 
"Field: 'User-Agent'
Value: 'Mozilla/5.0 (Windows NT 6.1; WOW64) AppleWebKit/537.36 (KHTML, like Gecko) Chrome/44.0.2403.155 Safari/537.36'"
11:09:58 AM [TRACE](./Net_Utils/NU_HTTP.c:70) parse_http_field(): 
"Accept: */*"
11:09:58 AM [TRACE](./Net_Utils/NU_HTTP.c:86) parse_http_field(): 
"Field: 'Accept'
Value: '*/*'"
11:09:58 AM [TRACE](./Net_Utils/NU_HTTP.c:70) parse_http_field(): 
"DNT: 1"
11:09:58 AM [TRACE](./Net_Utils/NU_HTTP.c:86) parse_http_field(): 
"Field: 'DNT'
Value: '1'"
11:09:58 AM [TRACE](./Net_Utils/NU_HTTP.c:70) parse_http_field(): 
"Referer: http://192.168.1.112/menu.html"
11:09:58 AM [TRACE](./Net_Utils/NU_HTTP.c:86) parse_http_field(): 
"Field: 'Referer'
Value: 'http://192.168.1.112/menu.html'"
11:09:58 AM [TRACE](./Net_Utils/NU_HTTP.c:70) parse_http_field(): 
"Accept-Encoding: gzip, deflate, sdch"
11:09:58 AM [TRACE](./Net_Utils/NU_HTTP.c:86) parse_http_field(): 
"Field: 'Accept-Encoding'
Value: 'gzip, deflate, sdch'"
11:09:58 AM [TRACE](./Net_Utils/NU_HTTP.c:70) parse_http_field(): 
"Accept-Language: en-US,en;q=0.8"
11:09:58 AM [TRACE](./Net_Utils/NU_HTTP.c:86) parse_http_field(): 
"Field: 'Accept-Language'
Value: 'en-US,en;q=0.8'"
11:09:58 AM [TRACE](./Net_Utils/NU_HTTP.c:70) parse_http_field(): 
"Cookie: fname=Louis; lname=Jenkins"
11:09:58 AM [TRACE](./Net_Utils/NU_HTTP.c:86) parse_http_field(): 
"Field: 'Cookie'
Value: 'fname=Louis; lname=Jenkins'"
11:09:58 AM [TRACE](./Net_Utils/NU_HTTP.c:288) NU_Request_append_header(): 
"Read 366 of 366 bytes of header; New header size = 0!"
