01:20:02 AM [INFO](./Net_Utils/NU_Server.c:238) NU_Server_bind(): 
"Bound a socket to 192.168.1.112 on port 10000!"
01:20:02 AM [INFO](./Net_Utils/NU_Server.c:259) NU_Server_bind(): 
"Bound a socket to 192.168.1.112 on port 80!"
01:20:02 AM [INFO](./Net_Utils/NU_Helper.c:69) NU_timed_accept(): 
"select: 'Timed out!'"
01:20:02 AM [INFO](./Net_Utils/NU_Server.c:281) NU_Server_accept(): 
"accept: 'Was unable to accept a connection!'"
01:20:02 AM [INFO](./Net_Utils/NU_Helper.c:69) NU_timed_accept(): 
"select: 'Timed out!'"
01:20:02 AM [INFO](./Net_Utils/NU_Server.c:281) NU_Server_accept(): 
"accept: 'Was unable to accept a connection!'"
01:20:03 AM [INFO](./Net_Utils/NU_Helper.c:69) NU_timed_accept(): 
"select: 'Timed out!'"
01:20:03 AM [INFO](./Net_Utils/NU_Server.c:281) NU_Server_accept(): 
"accept: 'Was unable to accept a connection!'"
01:20:03 AM [INFO](./Net_Utils/NU_Helper.c:69) NU_timed_accept(): 
"select: 'Timed out!'"
01:20:03 AM [INFO](./Net_Utils/NU_Server.c:281) NU_Server_accept(): 
"accept: 'Was unable to accept a connection!'"
01:20:04 AM [INFO](./Net_Utils/NU_Helper.c:69) NU_timed_accept(): 
"select: 'Timed out!'"
01:20:04 AM [INFO](./Net_Utils/NU_Server.c:281) NU_Server_accept(): 
"accept: 'Was unable to accept a connection!'"
01:20:04 AM [INFO](./Net_Utils/NU_Server.c:289) NU_Server_accept(): 
"2.0.252.18 connected to port 80"
01:20:04 AM [INFO](./Net_Utils/NU_Server.c:344) NU_Server_disconnect(): 
"Disconnected from 2.0.252.18 on port 80!"
01:20:05 AM [INFO](./Net_Utils/NU_Helper.c:69) NU_timed_accept(): 
"select: 'Timed out!'"
01:20:05 AM [INFO](./Net_Utils/NU_Server.c:281) NU_Server_accept(): 
"accept: 'Was unable to accept a connection!'"
01:20:05 AM [INFO](./Net_Utils/NU_Server.c:289) NU_Server_accept(): 
"2.0.252.19 connected to port 80"
01:20:05 AM [INFO](./Net_Utils/NU_Server.c:344) NU_Server_disconnect(): 
"Disconnected from 2.0.252.19 on port 80!"
01:20:06 AM [INFO](./Net_Utils/NU_Helper.c:69) NU_timed_accept(): 
"select: 'Timed out!'"
01:20:06 AM [INFO](./Net_Utils/NU_Server.c:281) NU_Server_accept(): 
"accept: 'Was unable to accept a connection!'"
01:20:06 AM [INFO](./Net_Utils/NU_Helper.c:69) NU_timed_accept(): 
"select: 'Timed out!'"
01:20:06 AM [INFO](./Net_Utils/NU_Server.c:281) NU_Server_accept(): 
"accept: 'Was unable to accept a connection!'"
01:20:07 AM [INFO](./Net_Utils/NU_Helper.c:69) NU_timed_accept(): 
"select: 'Timed out!'"
01:20:07 AM [INFO](./Net_Utils/NU_Server.c:281) NU_Server_accept(): 
"accept: 'Was unable to accept a connection!'"
01:20:07 AM [INFO](./Net_Utils/NU_Server.c:289) NU_Server_accept(): 
"2.0.252.25 connected to port 80"
01:20:07 AM [INFO](./Net_Utils/NU_Server.c:344) NU_Server_disconnect(): 
"Disconnected from 2.0.252.25 on port 80!"
01:20:08 AM [INFO](./Net_Utils/NU_Helper.c:69) NU_timed_accept(): 
"select: 'Timed out!'"
01:20:08 AM [INFO](./Net_Utils/NU_Server.c:281) NU_Server_accept(): 
"accept: 'Was unable to accept a connection!'"
01:20:08 AM [INFO](./Net_Utils/NU_Server.c:289) NU_Server_accept(): 
"2.0.252.26 connected to port 80"
01:20:08 AM [INFO](./Net_Utils/NU_Server.c:344) NU_Server_disconnect(): 
"Disconnected from 2.0.252.26 on port 80!"
01:20:09 AM [INFO](./Net_Utils/NU_Helper.c:69) NU_timed_accept(): 
"select: 'Timed out!'"
01:20:09 AM [INFO](./Net_Utils/NU_Server.c:281) NU_Server_accept(): 
"accept: 'Was unable to accept a connection!'"
01:20:09 AM [INFO](./Net_Utils/NU_Server.c:289) NU_Server_accept(): 
"2.0.252.27 connected to port 80"
01:20:10 AM [INFO](./Net_Utils/NU_Helper.c:69) NU_timed_accept(): 
"select: 'Timed out!'"
01:20:10 AM [INFO](./Net_Utils/NU_Server.c:281) NU_Server_accept(): 
"accept: 'Was unable to accept a connection!'"
01:20:10 AM [INFO](./Net_Utils/NU_Helper.c:69) NU_timed_accept(): 
"select: 'Timed out!'"
01:20:10 AM [INFO](./Net_Utils/NU_Server.c:281) NU_Server_accept(): 
"accept: 'Was unable to accept a connection!'"
01:20:10 AM [INFO](./Net_Utils/NU_Server.c:344) NU_Server_disconnect(): 
"Disconnected from 2.0.252.27 on port 80!"
01:20:11 AM [INFO](./Net_Utils/NU_Helper.c:69) NU_timed_accept(): 
"select: 'Timed out!'"
01:20:11 AM [INFO](./Net_Utils/NU_Server.c:281) NU_Server_accept(): 
"accept: 'Was unable to accept a connection!'"
01:20:11 AM [INFO](./Net_Utils/NU_Server.c:289) NU_Server_accept(): 
"2.0.252.31 connected to port 80"
01:20:11 AM [INFO](./Net_Utils/NU_Server.c:344) NU_Server_disconnect(): 
"Disconnected from 2.0.252.31 on port 80!"
01:20:12 AM [INFO](./Net_Utils/NU_Helper.c:69) NU_timed_accept(): 
"select: 'Timed out!'"
01:20:12 AM [INFO](./Net_Utils/NU_Server.c:281) NU_Server_accept(): 
"accept: 'Was unable to accept a connection!'"
01:20:12 AM [INFO](./Net_Utils/NU_Server.c:289) NU_Server_accept(): 
"2.0.252.32 connected to port 80"
01:20:13 AM [INFO](./Net_Utils/NU_Helper.c:69) NU_timed_accept(): 
"select: 'Timed out!'"
01:20:13 AM [INFO](./Net_Utils/NU_Server.c:281) NU_Server_accept(): 
"accept: 'Was unable to accept a connection!'"
01:20:13 AM [INFO](./Net_Utils/NU_Helper.c:69) NU_timed_accept(): 
"select: 'Timed out!'"
01:20:13 AM [INFO](./Net_Utils/NU_Server.c:281) NU_Server_accept(): 
"accept: 'Was unable to accept a connection!'"
01:20:14 AM [INFO](./Net_Utils/NU_Helper.c:69) NU_timed_accept(): 
"select: 'Timed out!'"
01:20:14 AM [INFO](./Net_Utils/NU_Server.c:281) NU_Server_accept(): 
"accept: 'Was unable to accept a connection!'"
01:20:14 AM [INFO](./Net_Utils/NU_Helper.c:69) NU_timed_accept(): 
"select: 'Timed out!'"
01:20:14 AM [INFO](./Net_Utils/NU_Server.c:281) NU_Server_accept(): 
"accept: 'Was unable to accept a connection!'"
01:20:15 AM [INFO](./Net_Utils/NU_Helper.c:69) NU_timed_accept(): 
"select: 'Timed out!'"
01:20:15 AM [INFO](./Net_Utils/NU_Server.c:281) NU_Server_accept(): 
"accept: 'Was unable to accept a connection!'"
01:20:15 AM [INFO](./Net_Utils/NU_Helper.c:69) NU_timed_accept(): 
"select: 'Timed out!'"
01:20:15 AM [INFO](./Net_Utils/NU_Server.c:281) NU_Server_accept(): 
"accept: 'Was unable to accept a connection!'"
01:20:16 AM [INFO](./Net_Utils/NU_Helper.c:69) NU_timed_accept(): 
"select: 'Timed out!'"
01:20:16 AM [INFO](./Net_Utils/NU_Server.c:281) NU_Server_accept(): 
"accept: 'Was unable to accept a connection!'"
01:20:16 AM [INFO](./Net_Utils/NU_Helper.c:69) NU_timed_accept(): 
"select: 'Timed out!'"
01:20:16 AM [INFO](./Net_Utils/NU_Server.c:281) NU_Server_accept(): 
"accept: 'Was unable to accept a connection!'"
01:20:17 AM [INFO](./Net_Utils/NU_Helper.c:69) NU_timed_accept(): 
"select: 'Timed out!'"
01:20:17 AM [INFO](./Net_Utils/NU_Server.c:281) NU_Server_accept(): 
"accept: 'Was unable to accept a connection!'"
01:20:17 AM [INFO](./Net_Utils/NU_Helper.c:69) NU_timed_accept(): 
"select: 'Timed out!'"
01:20:17 AM [INFO](./Net_Utils/NU_Server.c:281) NU_Server_accept(): 
"accept: 'Was unable to accept a connection!'"
01:20:18 AM [INFO](./Net_Utils/NU_Helper.c:69) NU_timed_accept(): 
"select: 'Timed out!'"
01:20:18 AM [INFO](./Net_Utils/NU_Server.c:281) NU_Server_accept(): 
"accept: 'Was unable to accept a connection!'"
01:20:18 AM [INFO](./Net_Utils/NU_Helper.c:69) NU_timed_accept(): 
"select: 'Timed out!'"
01:20:18 AM [INFO](./Net_Utils/NU_Server.c:281) NU_Server_accept(): 
"accept: 'Was unable to accept a connection!'"
01:20:19 AM [INFO](./Net_Utils/NU_Helper.c:69) NU_timed_accept(): 
"select: 'Timed out!'"
01:20:19 AM [INFO](./Net_Utils/NU_Server.c:281) NU_Server_accept(): 
"accept: 'Was unable to accept a connection!'"
01:20:19 AM [INFO](./Net_Utils/NU_Helper.c:69) NU_timed_accept(): 
"select: 'Timed out!'"
01:20:19 AM [INFO](./Net_Utils/NU_Server.c:281) NU_Server_accept(): 
"accept: 'Was unable to accept a connection!'"
01:20:20 AM [INFO](./Net_Utils/NU_Helper.c:69) NU_timed_accept(): 
"select: 'Timed out!'"
01:20:20 AM [INFO](./Net_Utils/NU_Server.c:281) NU_Server_accept(): 
"accept: 'Was unable to accept a connection!'"
01:20:20 AM [INFO](./Net_Utils/NU_Helper.c:69) NU_timed_accept(): 
"select: 'Timed out!'"
01:20:20 AM [INFO](./Net_Utils/NU_Server.c:281) NU_Server_accept(): 
"accept: 'Was unable to accept a connection!'"
01:20:21 AM [INFO](./Net_Utils/NU_Helper.c:69) NU_timed_accept(): 
"select: 'Timed out!'"
01:20:21 AM [INFO](./Net_Utils/NU_Server.c:281) NU_Server_accept(): 
"accept: 'Was unable to accept a connection!'"
01:20:21 AM [INFO](./Net_Utils/NU_Helper.c:69) NU_timed_accept(): 
"select: 'Timed out!'"
01:20:21 AM [INFO](./Net_Utils/NU_Server.c:281) NU_Server_accept(): 
"accept: 'Was unable to accept a connection!'"
01:20:22 AM [INFO](./Net_Utils/NU_Helper.c:69) NU_timed_accept(): 
"select: 'Timed out!'"
01:20:22 AM [INFO](./Net_Utils/NU_Server.c:281) NU_Server_accept(): 
"accept: 'Was unable to accept a connection!'"
01:20:22 AM [INFO](./Net_Utils/NU_Helper.c:69) NU_timed_accept(): 
"select: 'Timed out!'"
01:20:22 AM [INFO](./Net_Utils/NU_Server.c:281) NU_Server_accept(): 
"accept: 'Was unable to accept a connection!'"
01:20:23 AM [INFO](./Net_Utils/NU_Helper.c:69) NU_timed_accept(): 
"select: 'Timed out!'"
01:20:23 AM [INFO](./Net_Utils/NU_Server.c:281) NU_Server_accept(): 
"accept: 'Was unable to accept a connection!'"
01:20:23 AM [INFO](./Net_Utils/NU_Helper.c:69) NU_timed_accept(): 
"select: 'Timed out!'"
01:20:23 AM [INFO](./Net_Utils/NU_Server.c:281) NU_Server_accept(): 
"accept: 'Was unable to accept a connection!'"
01:20:24 AM [INFO](./Net_Utils/NU_Helper.c:69) NU_timed_accept(): 
"select: 'Timed out!'"
01:20:24 AM [INFO](./Net_Utils/NU_Server.c:281) NU_Server_accept(): 
"accept: 'Was unable to accept a connection!'"
01:20:24 AM [INFO](./Net_Utils/NU_Helper.c:69) NU_timed_accept(): 
"select: 'Timed out!'"
01:20:24 AM [INFO](./Net_Utils/NU_Server.c:281) NU_Server_accept(): 
"accept: 'Was unable to accept a connection!'"
01:20:25 AM [INFO](./Net_Utils/NU_Helper.c:69) NU_timed_accept(): 
"select: 'Timed out!'"
01:20:25 AM [INFO](./Net_Utils/NU_Server.c:281) NU_Server_accept(): 
"accept: 'Was unable to accept a connection!'"
01:20:25 AM [INFO](./Net_Utils/NU_Helper.c:69) NU_timed_accept(): 
"select: 'Timed out!'"
01:20:25 AM [INFO](./Net_Utils/NU_Server.c:281) NU_Server_accept(): 
"accept: 'Was unable to accept a connection!'"
01:20:26 AM [INFO](./Net_Utils/NU_Helper.c:69) NU_timed_accept(): 
"select: 'Timed out!'"
01:20:26 AM [INFO](./Net_Utils/NU_Server.c:281) NU_Server_accept(): 
"accept: 'Was unable to accept a connection!'"
01:20:26 AM [INFO](./Net_Utils/NU_Helper.c:69) NU_timed_accept(): 
"select: 'Timed out!'"
01:20:26 AM [INFO](./Net_Utils/NU_Server.c:281) NU_Server_accept(): 
"accept: 'Was unable to accept a connection!'"
01:20:27 AM [INFO](./Net_Utils/NU_Helper.c:69) NU_timed_accept(): 
"select: 'Timed out!'"
01:20:27 AM [INFO](./Net_Utils/NU_Server.c:281) NU_Server_accept(): 
"accept: 'Was unable to accept a connection!'"
01:20:27 AM [INFO](./Net_Utils/NU_Helper.c:69) NU_timed_accept(): 
"select: 'Timed out!'"
01:20:27 AM [INFO](./Net_Utils/NU_Server.c:281) NU_Server_accept(): 
"accept: 'Was unable to accept a connection!'"
01:20:27 AM [INFO](./Net_Utils/NU_Helper.c:52) NU_timed_receive(): 
"recv: 'Disconnected from the stream!'"
01:20:28 AM [INFO](./Net_Utils/NU_Helper.c:69) NU_timed_accept(): 
"select: 'Timed out!'"
01:20:28 AM [INFO](./Net_Utils/NU_Server.c:281) NU_Server_accept(): 
"accept: 'Was unable to accept a connection!'"
01:20:28 AM [INFO](./Net_Utils/NU_Helper.c:69) NU_timed_accept(): 
"select: 'Timed out!'"
01:20:28 AM [INFO](./Net_Utils/NU_Server.c:281) NU_Server_accept(): 
"accept: 'Was unable to accept a connection!'"
01:20:29 AM [INFO](./Net_Utils/NU_Helper.c:69) NU_timed_accept(): 
"select: 'Timed out!'"
01:20:29 AM [INFO](./Net_Utils/NU_Server.c:281) NU_Server_accept(): 
"accept: 'Was unable to accept a connection!'"
01:20:29 AM [INFO](./Net_Utils/NU_Helper.c:69) NU_timed_accept(): 
"select: 'Timed out!'"
01:20:29 AM [INFO](./Net_Utils/NU_Server.c:281) NU_Server_accept(): 
"accept: 'Was unable to accept a connection!'"
01:20:30 AM [INFO](./Net_Utils/NU_Helper.c:69) NU_timed_accept(): 
"select: 'Timed out!'"
01:20:30 AM [INFO](./Net_Utils/NU_Server.c:281) NU_Server_accept(): 
"accept: 'Was unable to accept a connection!'"
01:20:30 AM [INFO](./Net_Utils/NU_Helper.c:69) NU_timed_accept(): 
"select: 'Timed out!'"
01:20:30 AM [INFO](./Net_Utils/NU_Server.c:281) NU_Server_accept(): 
"accept: 'Was unable to accept a connection!'"
01:20:31 AM [INFO](./Net_Utils/NU_Helper.c:69) NU_timed_accept(): 
"select: 'Timed out!'"
01:20:31 AM [INFO](./Net_Utils/NU_Server.c:281) NU_Server_accept(): 
"accept: 'Was unable to accept a connection!'"
01:20:31 AM [INFO](./Net_Utils/NU_Helper.c:69) NU_timed_accept(): 
"select: 'Timed out!'"
01:20:31 AM [INFO](./Net_Utils/NU_Server.c:281) NU_Server_accept(): 
"accept: 'Was unable to accept a connection!'"
01:20:32 AM [INFO](./Net_Utils/NU_Helper.c:69) NU_timed_accept(): 
"select: 'Timed out!'"
01:20:32 AM [INFO](./Net_Utils/NU_Server.c:281) NU_Server_accept(): 
"accept: 'Was unable to accept a connection!'"
01:20:32 AM [INFO](./Net_Utils/NU_Helper.c:69) NU_timed_accept(): 
"select: 'Timed out!'"
01:20:32 AM [INFO](./Net_Utils/NU_Server.c:281) NU_Server_accept(): 
"accept: 'Was unable to accept a connection!'"
01:20:33 AM [INFO](./Net_Utils/NU_Helper.c:69) NU_timed_accept(): 
"select: 'Timed out!'"
01:20:33 AM [INFO](./Net_Utils/NU_Server.c:281) NU_Server_accept(): 
"accept: 'Was unable to accept a connection!'"
01:20:33 AM [INFO](./Net_Utils/NU_Helper.c:69) NU_timed_accept(): 
"select: 'Timed out!'"
01:20:33 AM [INFO](./Net_Utils/NU_Server.c:281) NU_Server_accept(): 
"accept: 'Was unable to accept a connection!'"
01:20:34 AM [INFO](./Net_Utils/NU_Helper.c:69) NU_timed_accept(): 
"select: 'Timed out!'"
01:20:34 AM [INFO](./Net_Utils/NU_Server.c:281) NU_Server_accept(): 
"accept: 'Was unable to accept a connection!'"
01:20:34 AM [INFO](./Net_Utils/NU_Helper.c:69) NU_timed_accept(): 
"select: 'Timed out!'"
01:20:34 AM [INFO](./Net_Utils/NU_Server.c:281) NU_Server_accept(): 
"accept: 'Was unable to accept a connection!'"
01:20:35 AM [INFO](./Net_Utils/NU_Helper.c:69) NU_timed_accept(): 
"select: 'Timed out!'"
01:20:35 AM [INFO](./Net_Utils/NU_Server.c:281) NU_Server_accept(): 
"accept: 'Was unable to accept a connection!'"
01:20:35 AM [INFO](./Net_Utils/NU_Helper.c:69) NU_timed_accept(): 
"select: 'Timed out!'"
01:20:35 AM [INFO](./Net_Utils/NU_Server.c:281) NU_Server_accept(): 
"accept: 'Was unable to accept a connection!'"
01:20:36 AM [INFO](./Net_Utils/NU_Helper.c:69) NU_timed_accept(): 
"select: 'Timed out!'"
01:20:36 AM [INFO](./Net_Utils/NU_Server.c:281) NU_Server_accept(): 
"accept: 'Was unable to accept a connection!'"
01:20:36 AM [INFO](./Net_Utils/NU_Helper.c:69) NU_timed_accept(): 
"select: 'Timed out!'"
01:20:36 AM [INFO](./Net_Utils/NU_Server.c:281) NU_Server_accept(): 
"accept: 'Was unable to accept a connection!'"
01:20:37 AM [INFO](./Net_Utils/NU_Helper.c:69) NU_timed_accept(): 
"select: 'Timed out!'"
01:20:37 AM [INFO](./Net_Utils/NU_Server.c:281) NU_Server_accept(): 
"accept: 'Was unable to accept a connection!'"
01:20:37 AM [INFO](./Net_Utils/NU_Helper.c:69) NU_timed_accept(): 
"select: 'Timed out!'"
01:20:37 AM [INFO](./Net_Utils/NU_Server.c:281) NU_Server_accept(): 
"accept: 'Was unable to accept a connection!'"
01:20:38 AM [INFO](./Net_Utils/NU_Helper.c:69) NU_timed_accept(): 
"select: 'Timed out!'"
01:20:38 AM [INFO](./Net_Utils/NU_Server.c:281) NU_Server_accept(): 
"accept: 'Was unable to accept a connection!'"
01:20:38 AM [INFO](./Net_Utils/NU_Server.c:320) NU_Server_accept(): 
"2.0.170.188 connected to port 80"
01:20:38 AM [INFO](./Net_Utils/NU_Server.c:344) NU_Server_disconnect(): 
"Disconnected from 2.0.170.188 on port 80!"
01:20:39 AM [INFO](./Net_Utils/NU_Helper.c:69) NU_timed_accept(): 
"select: 'Timed out!'"
01:20:39 AM [INFO](./Net_Utils/NU_Server.c:281) NU_Server_accept(): 
"accept: 'Was unable to accept a connection!'"
01:20:39 AM [INFO](./Net_Utils/NU_Server.c:289) NU_Server_accept(): 
"2.0.186.170 connected to port 80"
01:20:39 AM [INFO](./Net_Utils/NU_Server.c:344) NU_Server_disconnect(): 
"Disconnected from 2.0.186.170 on port 80!"
01:20:40 AM [INFO](./Net_Utils/NU_Helper.c:69) NU_timed_accept(): 
"select: 'Timed out!'"
01:20:40 AM [INFO](./Net_Utils/NU_Server.c:281) NU_Server_accept(): 
"accept: 'Was unable to accept a connection!'"
01:20:40 AM [INFO](./Net_Utils/NU_Server.c:289) NU_Server_accept(): 
"2.0.207.56 connected to port 80"
01:20:41 AM [INFO](./Net_Utils/NU_Helper.c:69) NU_timed_accept(): 
"select: 'Timed out!'"
01:20:41 AM [INFO](./Net_Utils/NU_Server.c:281) NU_Server_accept(): 
"accept: 'Was unable to accept a connection!'"
01:20:41 AM [INFO](./Net_Utils/NU_Helper.c:69) NU_timed_accept(): 
"select: 'Timed out!'"
01:20:41 AM [INFO](./Net_Utils/NU_Server.c:281) NU_Server_accept(): 
"accept: 'Was unable to accept a connection!'"
01:20:42 AM [INFO](./Net_Utils/NU_Helper.c:69) NU_timed_accept(): 
"select: 'Timed out!'"
01:20:42 AM [INFO](./Net_Utils/NU_Server.c:281) NU_Server_accept(): 
"accept: 'Was unable to accept a connection!'"
01:20:42 AM [INFO](./Net_Utils/NU_Helper.c:69) NU_timed_accept(): 
"select: 'Timed out!'"
01:20:42 AM [INFO](./Net_Utils/NU_Server.c:281) NU_Server_accept(): 
"accept: 'Was unable to accept a connection!'"
01:20:43 AM [INFO](./Net_Utils/NU_Helper.c:69) NU_timed_accept(): 
"select: 'Timed out!'"
01:20:43 AM [INFO](./Net_Utils/NU_Server.c:281) NU_Server_accept(): 
"accept: 'Was unable to accept a connection!'"
01:20:43 AM [INFO](./Net_Utils/NU_Helper.c:69) NU_timed_accept(): 
"select: 'Timed out!'"
01:20:43 AM [INFO](./Net_Utils/NU_Server.c:281) NU_Server_accept(): 
"accept: 'Was unable to accept a connection!'"
01:20:44 AM [INFO](./Net_Utils/NU_Helper.c:69) NU_timed_accept(): 
"select: 'Timed out!'"
01:20:44 AM [INFO](./Net_Utils/NU_Server.c:281) NU_Server_accept(): 
"accept: 'Was unable to accept a connection!'"
01:20:44 AM [INFO](./Net_Utils/NU_Helper.c:69) NU_timed_accept(): 
"select: 'Timed out!'"
01:20:44 AM [INFO](./Net_Utils/NU_Server.c:281) NU_Server_accept(): 
"accept: 'Was unable to accept a connection!'"
01:20:45 AM [INFO](./Net_Utils/NU_Helper.c:69) NU_timed_accept(): 
"select: 'Timed out!'"
01:20:45 AM [INFO](./Net_Utils/NU_Server.c:281) NU_Server_accept(): 
"accept: 'Was unable to accept a connection!'"
01:20:45 AM [INFO](./Net_Utils/NU_Helper.c:69) NU_timed_accept(): 
"select: 'Timed out!'"
01:20:45 AM [INFO](./Net_Utils/NU_Server.c:281) NU_Server_accept(): 
"accept: 'Was unable to accept a connection!'"
01:20:46 AM [INFO](./Net_Utils/NU_Helper.c:69) NU_timed_accept(): 
"select: 'Timed out!'"
01:20:46 AM [INFO](./Net_Utils/NU_Server.c:281) NU_Server_accept(): 
"accept: 'Was unable to accept a connection!'"
01:20:46 AM [INFO](./Net_Utils/NU_Helper.c:69) NU_timed_accept(): 
"select: 'Timed out!'"
01:20:46 AM [INFO](./Net_Utils/NU_Server.c:281) NU_Server_accept(): 
"accept: 'Was unable to accept a connection!'"
01:20:47 AM [INFO](./Net_Utils/NU_Helper.c:69) NU_timed_accept(): 
"select: 'Timed out!'"
01:20:47 AM [INFO](./Net_Utils/NU_Server.c:281) NU_Server_accept(): 
"accept: 'Was unable to accept a connection!'"
01:20:47 AM [INFO](./Net_Utils/NU_Helper.c:69) NU_timed_accept(): 
"select: 'Timed out!'"
01:20:47 AM [INFO](./Net_Utils/NU_Server.c:281) NU_Server_accept(): 
"accept: 'Was unable to accept a connection!'"
01:20:48 AM [INFO](./Net_Utils/NU_Helper.c:69) NU_timed_accept(): 
"select: 'Timed out!'"
01:20:48 AM [INFO](./Net_Utils/NU_Server.c:281) NU_Server_accept(): 
"accept: 'Was unable to accept a connection!'"
01:20:48 AM [INFO](./Net_Utils/NU_Helper.c:69) NU_timed_accept(): 
"select: 'Timed out!'"
01:20:48 AM [INFO](./Net_Utils/NU_Server.c:281) NU_Server_accept(): 
"accept: 'Was unable to accept a connection!'"
01:20:49 AM [INFO](./Net_Utils/NU_Helper.c:69) NU_timed_accept(): 
"select: 'Timed out!'"
01:20:49 AM [INFO](./Net_Utils/NU_Server.c:281) NU_Server_accept(): 
"accept: 'Was unable to accept a connection!'"
01:20:49 AM [INFO](./Net_Utils/NU_Helper.c:69) NU_timed_accept(): 
"select: 'Timed out!'"
01:20:49 AM [INFO](./Net_Utils/NU_Server.c:281) NU_Server_accept(): 
"accept: 'Was unable to accept a connection!'"
01:20:50 AM [INFO](./Net_Utils/NU_Helper.c:69) NU_timed_accept(): 
"select: 'Timed out!'"
01:20:50 AM [INFO](./Net_Utils/NU_Server.c:281) NU_Server_accept(): 
"accept: 'Was unable to accept a connection!'"
01:20:50 AM [INFO](./Net_Utils/NU_Helper.c:69) NU_timed_accept(): 
"select: 'Timed out!'"
01:20:50 AM [INFO](./Net_Utils/NU_Server.c:281) NU_Server_accept(): 
"accept: 'Was unable to accept a connection!'"
01:20:51 AM [INFO](./Net_Utils/NU_Helper.c:69) NU_timed_accept(): 
"select: 'Timed out!'"
01:20:51 AM [INFO](./Net_Utils/NU_Server.c:281) NU_Server_accept(): 
"accept: 'Was unable to accept a connection!'"
01:20:51 AM [INFO](./Net_Utils/NU_Helper.c:69) NU_timed_accept(): 
"select: 'Timed out!'"
01:20:51 AM [INFO](./Net_Utils/NU_Server.c:281) NU_Server_accept(): 
"accept: 'Was unable to accept a connection!'"
01:20:52 AM [INFO](./Net_Utils/NU_Helper.c:69) NU_timed_accept(): 
"select: 'Timed out!'"
01:20:52 AM [INFO](./Net_Utils/NU_Server.c:281) NU_Server_accept(): 
"accept: 'Was unable to accept a connection!'"
01:20:52 AM [INFO](./Net_Utils/NU_Helper.c:69) NU_timed_accept(): 
"select: 'Timed out!'"
01:20:52 AM [INFO](./Net_Utils/NU_Server.c:281) NU_Server_accept(): 
"accept: 'Was unable to accept a connection!'"
01:20:53 AM [INFO](./Net_Utils/NU_Helper.c:69) NU_timed_accept(): 
"select: 'Timed out!'"
01:20:53 AM [INFO](./Net_Utils/NU_Server.c:281) NU_Server_accept(): 
"accept: 'Was unable to accept a connection!'"
01:20:53 AM [INFO](./Net_Utils/NU_Helper.c:69) NU_timed_accept(): 
"select: 'Timed out!'"
01:20:53 AM [INFO](./Net_Utils/NU_Server.c:281) NU_Server_accept(): 
"accept: 'Was unable to accept a connection!'"
01:20:54 AM [INFO](./Net_Utils/NU_Helper.c:69) NU_timed_accept(): 
"select: 'Timed out!'"
01:20:54 AM [INFO](./Net_Utils/NU_Server.c:281) NU_Server_accept(): 
"accept: 'Was unable to accept a connection!'"
01:20:54 AM [INFO](./Net_Utils/NU_Helper.c:69) NU_timed_accept(): 
"select: 'Timed out!'"
01:20:54 AM [INFO](./Net_Utils/NU_Server.c:281) NU_Server_accept(): 
"accept: 'Was unable to accept a connection!'"
01:20:55 AM [INFO](./Net_Utils/NU_Helper.c:69) NU_timed_accept(): 
"select: 'Timed out!'"
01:20:55 AM [INFO](./Net_Utils/NU_Server.c:281) NU_Server_accept(): 
"accept: 'Was unable to accept a connection!'"
01:20:55 AM [INFO](./Net_Utils/NU_Helper.c:69) NU_timed_accept(): 
"select: 'Timed out!'"
01:20:55 AM [INFO](./Net_Utils/NU_Server.c:281) NU_Server_accept(): 
"accept: 'Was unable to accept a connection!'"
01:20:56 AM [INFO](./Net_Utils/NU_Helper.c:69) NU_timed_accept(): 
"select: 'Timed out!'"
01:20:56 AM [INFO](./Net_Utils/NU_Server.c:281) NU_Server_accept(): 
"accept: 'Was unable to accept a connection!'"
01:20:56 AM [INFO](./Net_Utils/NU_Helper.c:69) NU_timed_accept(): 
"select: 'Timed out!'"
01:20:56 AM [INFO](./Net_Utils/NU_Server.c:281) NU_Server_accept(): 
"accept: 'Was unable to accept a connection!'"
01:20:57 AM [INFO](./Net_Utils/NU_Helper.c:69) NU_timed_accept(): 
"select: 'Timed out!'"
01:20:57 AM [INFO](./Net_Utils/NU_Server.c:281) NU_Server_accept(): 
"accept: 'Was unable to accept a connection!'"
01:20:57 AM [INFO](./Net_Utils/NU_Helper.c:69) NU_timed_accept(): 
"select: 'Timed out!'"
01:20:57 AM [INFO](./Net_Utils/NU_Server.c:281) NU_Server_accept(): 
"accept: 'Was unable to accept a connection!'"
01:20:58 AM [INFO](./Net_Utils/NU_Helper.c:69) NU_timed_accept(): 
"select: 'Timed out!'"
01:20:58 AM [INFO](./Net_Utils/NU_Server.c:281) NU_Server_accept(): 
"accept: 'Was unable to accept a connection!'"
01:20:58 AM [INFO](./Net_Utils/NU_Helper.c:69) NU_timed_accept(): 
"select: 'Timed out!'"
01:20:58 AM [INFO](./Net_Utils/NU_Server.c:281) NU_Server_accept(): 
"accept: 'Was unable to accept a connection!'"
01:20:59 AM [INFO](./Net_Utils/NU_Helper.c:69) NU_timed_accept(): 
"select: 'Timed out!'"
01:20:59 AM [INFO](./Net_Utils/NU_Server.c:281) NU_Server_accept(): 
"accept: 'Was unable to accept a connection!'"
01:20:59 AM [INFO](./Net_Utils/NU_Helper.c:69) NU_timed_accept(): 
"select: 'Timed out!'"
01:20:59 AM [INFO](./Net_Utils/NU_Server.c:281) NU_Server_accept(): 
"accept: 'Was unable to accept a connection!'"
01:21:00 AM [INFO](./Net_Utils/NU_Helper.c:69) NU_timed_accept(): 
"select: 'Timed out!'"
01:21:00 AM [INFO](./Net_Utils/NU_Server.c:281) NU_Server_accept(): 
"accept: 'Was unable to accept a connection!'"
01:21:00 AM [INFO](./Net_Utils/NU_Helper.c:69) NU_timed_accept(): 
"select: 'Timed out!'"
01:21:00 AM [INFO](./Net_Utils/NU_Server.c:281) NU_Server_accept(): 
"accept: 'Was unable to accept a connection!'"
01:21:01 AM [INFO](./Net_Utils/NU_Helper.c:69) NU_timed_accept(): 
"select: 'Timed out!'"
01:21:01 AM [INFO](./Net_Utils/NU_Server.c:281) NU_Server_accept(): 
"accept: 'Was unable to accept a connection!'"
01:21:01 AM [INFO](./Net_Utils/NU_Helper.c:69) NU_timed_accept(): 
"select: 'Timed out!'"
01:21:01 AM [INFO](./Net_Utils/NU_Server.c:281) NU_Server_accept(): 
"accept: 'Was unable to accept a connection!'"
01:21:02 AM [INFO](./Net_Utils/NU_Helper.c:69) NU_timed_accept(): 
"select: 'Timed out!'"
01:21:02 AM [INFO](./Net_Utils/NU_Server.c:281) NU_Server_accept(): 
"accept: 'Was unable to accept a connection!'"
01:21:02 AM [INFO](./Net_Utils/NU_Helper.c:69) NU_timed_accept(): 
"select: 'Timed out!'"
01:21:02 AM [INFO](./Net_Utils/NU_Server.c:281) NU_Server_accept(): 
"accept: 'Was unable to accept a connection!'"
01:21:03 AM [INFO](./Net_Utils/NU_Helper.c:69) NU_timed_accept(): 
"select: 'Timed out!'"
01:21:03 AM [INFO](./Net_Utils/NU_Server.c:281) NU_Server_accept(): 
"accept: 'Was unable to accept a connection!'"
01:21:03 AM [INFO](./Net_Utils/NU_Helper.c:69) NU_timed_accept(): 
"select: 'Timed out!'"
01:21:03 AM [INFO](./Net_Utils/NU_Server.c:281) NU_Server_accept(): 
"accept: 'Was unable to accept a connection!'"
01:21:04 AM [INFO](./Net_Utils/NU_Helper.c:69) NU_timed_accept(): 
"select: 'Timed out!'"
01:21:04 AM [INFO](./Net_Utils/NU_Server.c:281) NU_Server_accept(): 
"accept: 'Was unable to accept a connection!'"
01:21:04 AM [INFO](./Net_Utils/NU_Helper.c:69) NU_timed_accept(): 
"select: 'Timed out!'"
01:21:04 AM [INFO](./Net_Utils/NU_Server.c:281) NU_Server_accept(): 
"accept: 'Was unable to accept a connection!'"
01:21:05 AM [INFO](./Net_Utils/NU_Helper.c:69) NU_timed_accept(): 
"select: 'Timed out!'"
01:21:05 AM [INFO](./Net_Utils/NU_Server.c:281) NU_Server_accept(): 
"accept: 'Was unable to accept a connection!'"
01:21:05 AM [INFO](./Net_Utils/NU_Helper.c:69) NU_timed_accept(): 
"select: 'Timed out!'"
01:21:05 AM [INFO](./Net_Utils/NU_Server.c:281) NU_Server_accept(): 
"accept: 'Was unable to accept a connection!'"
01:21:06 AM [INFO](./Net_Utils/NU_Helper.c:69) NU_timed_accept(): 
"select: 'Timed out!'"
01:21:06 AM [INFO](./Net_Utils/NU_Server.c:281) NU_Server_accept(): 
"accept: 'Was unable to accept a connection!'"
01:21:06 AM [INFO](./Net_Utils/NU_Helper.c:69) NU_timed_accept(): 
"select: 'Timed out!'"
01:21:06 AM [INFO](./Net_Utils/NU_Server.c:281) NU_Server_accept(): 
"accept: 'Was unable to accept a connection!'"
01:21:07 AM [INFO](./Net_Utils/NU_Helper.c:69) NU_timed_accept(): 
"select: 'Timed out!'"
01:21:07 AM [INFO](./Net_Utils/NU_Server.c:281) NU_Server_accept(): 
"accept: 'Was unable to accept a connection!'"
01:21:07 AM [INFO](./Net_Utils/NU_Helper.c:69) NU_timed_accept(): 
"select: 'Timed out!'"
01:21:07 AM [INFO](./Net_Utils/NU_Server.c:281) NU_Server_accept(): 
"accept: 'Was unable to accept a connection!'"
01:21:08 AM [INFO](./Net_Utils/NU_Helper.c:69) NU_timed_accept(): 
"select: 'Timed out!'"
01:21:08 AM [INFO](./Net_Utils/NU_Server.c:281) NU_Server_accept(): 
"accept: 'Was unable to accept a connection!'"
01:21:08 AM [INFO](./Net_Utils/NU_Helper.c:69) NU_timed_accept(): 
"select: 'Timed out!'"
01:21:08 AM [INFO](./Net_Utils/NU_Server.c:281) NU_Server_accept(): 
"accept: 'Was unable to accept a connection!'"
01:21:09 AM [INFO](./Net_Utils/NU_Helper.c:69) NU_timed_accept(): 
"select: 'Timed out!'"
01:21:09 AM [INFO](./Net_Utils/NU_Server.c:281) NU_Server_accept(): 
"accept: 'Was unable to accept a connection!'"
01:21:09 AM [INFO](./Net_Utils/NU_Helper.c:69) NU_timed_accept(): 
"select: 'Timed out!'"
01:21:09 AM [INFO](./Net_Utils/NU_Server.c:281) NU_Server_accept(): 
"accept: 'Was unable to accept a connection!'"
01:21:10 AM [INFO](./Net_Utils/NU_Helper.c:69) NU_timed_accept(): 
"select: 'Timed out!'"
01:21:10 AM [INFO](./Net_Utils/NU_Server.c:281) NU_Server_accept(): 
"accept: 'Was unable to accept a connection!'"
01:21:10 AM [INFO](./Net_Utils/NU_Helper.c:69) NU_timed_accept(): 
"select: 'Timed out!'"
01:21:10 AM [INFO](./Net_Utils/NU_Server.c:281) NU_Server_accept(): 
"accept: 'Was unable to accept a connection!'"
01:21:11 AM [INFO](./Net_Utils/NU_Helper.c:69) NU_timed_accept(): 
"select: 'Timed out!'"
01:21:11 AM [INFO](./Net_Utils/NU_Server.c:281) NU_Server_accept(): 
"accept: 'Was unable to accept a connection!'"
01:21:11 AM [INFO](./Net_Utils/NU_Helper.c:69) NU_timed_accept(): 
"select: 'Timed out!'"
01:21:11 AM [INFO](./Net_Utils/NU_Server.c:281) NU_Server_accept(): 
"accept: 'Was unable to accept a connection!'"
01:21:12 AM [INFO](./Net_Utils/NU_Helper.c:69) NU_timed_accept(): 
"select: 'Timed out!'"
01:21:12 AM [INFO](./Net_Utils/NU_Server.c:281) NU_Server_accept(): 
"accept: 'Was unable to accept a connection!'"
01:21:12 AM [INFO](./Net_Utils/NU_Helper.c:69) NU_timed_accept(): 
"select: 'Timed out!'"
01:21:12 AM [INFO](./Net_Utils/NU_Server.c:281) NU_Server_accept(): 
"accept: 'Was unable to accept a connection!'"
01:21:13 AM [INFO](./Net_Utils/NU_Helper.c:69) NU_timed_accept(): 
"select: 'Timed out!'"
01:21:13 AM [INFO](./Net_Utils/NU_Server.c:281) NU_Server_accept(): 
"accept: 'Was unable to accept a connection!'"
01:21:13 AM [INFO](./Net_Utils/NU_Helper.c:69) NU_timed_accept(): 
"select: 'Timed out!'"
01:21:13 AM [INFO](./Net_Utils/NU_Server.c:281) NU_Server_accept(): 
"accept: 'Was unable to accept a connection!'"
01:21:14 AM [INFO](./Net_Utils/NU_Helper.c:69) NU_timed_accept(): 
"select: 'Timed out!'"
01:21:14 AM [INFO](./Net_Utils/NU_Server.c:281) NU_Server_accept(): 
"accept: 'Was unable to accept a connection!'"
01:21:14 AM [INFO](./Net_Utils/NU_Helper.c:69) NU_timed_accept(): 
"select: 'Timed out!'"
01:21:14 AM [INFO](./Net_Utils/NU_Server.c:281) NU_Server_accept(): 
"accept: 'Was unable to accept a connection!'"
01:21:15 AM [INFO](./Net_Utils/NU_Helper.c:69) NU_timed_accept(): 
"select: 'Timed out!'"
01:21:15 AM [INFO](./Net_Utils/NU_Server.c:281) NU_Server_accept(): 
"accept: 'Was unable to accept a connection!'"
01:21:15 AM [INFO](./Net_Utils/NU_Helper.c:69) NU_timed_accept(): 
"select: 'Timed out!'"
01:21:15 AM [INFO](./Net_Utils/NU_Server.c:281) NU_Server_accept(): 
"accept: 'Was unable to accept a connection!'"
01:21:16 AM [INFO](./Net_Utils/NU_Helper.c:69) NU_timed_accept(): 
"select: 'Timed out!'"
01:21:16 AM [INFO](./Net_Utils/NU_Server.c:281) NU_Server_accept(): 
"accept: 'Was unable to accept a connection!'"
01:21:16 AM [INFO](./Net_Utils/NU_Helper.c:69) NU_timed_accept(): 
"select: 'Timed out!'"
01:21:16 AM [INFO](./Net_Utils/NU_Server.c:281) NU_Server_accept(): 
"accept: 'Was unable to accept a connection!'"
01:21:17 AM [INFO](./Net_Utils/NU_Helper.c:69) NU_timed_accept(): 
"select: 'Timed out!'"
01:21:17 AM [INFO](./Net_Utils/NU_Server.c:281) NU_Server_accept(): 
"accept: 'Was unable to accept a connection!'"
01:21:17 AM [INFO](./Net_Utils/NU_Helper.c:69) NU_timed_accept(): 
"select: 'Timed out!'"
01:21:17 AM [INFO](./Net_Utils/NU_Server.c:281) NU_Server_accept(): 
"accept: 'Was unable to accept a connection!'"
01:21:18 AM [INFO](./Net_Utils/NU_Helper.c:69) NU_timed_accept(): 
"select: 'Timed out!'"
01:21:18 AM [INFO](./Net_Utils/NU_Server.c:281) NU_Server_accept(): 
"accept: 'Was unable to accept a connection!'"
01:21:18 AM [INFO](./Net_Utils/NU_Helper.c:69) NU_timed_accept(): 
"select: 'Timed out!'"
01:21:18 AM [INFO](./Net_Utils/NU_Server.c:281) NU_Server_accept(): 
"accept: 'Was unable to accept a connection!'"
01:21:19 AM [INFO](./Net_Utils/NU_Helper.c:69) NU_timed_accept(): 
"select: 'Timed out!'"
01:21:19 AM [INFO](./Net_Utils/NU_Server.c:281) NU_Server_accept(): 
"accept: 'Was unable to accept a connection!'"
01:21:19 AM [INFO](./Net_Utils/NU_Helper.c:69) NU_timed_accept(): 
"select: 'Timed out!'"
01:21:19 AM [INFO](./Net_Utils/NU_Server.c:281) NU_Server_accept(): 
"accept: 'Was unable to accept a connection!'"
01:21:20 AM [INFO](./Net_Utils/NU_Helper.c:69) NU_timed_accept(): 
"select: 'Timed out!'"
01:21:20 AM [INFO](./Net_Utils/NU_Server.c:281) NU_Server_accept(): 
"accept: 'Was unable to accept a connection!'"
01:21:20 AM [INFO](./Net_Utils/NU_Helper.c:69) NU_timed_accept(): 
"select: 'Timed out!'"
01:21:20 AM [INFO](./Net_Utils/NU_Server.c:281) NU_Server_accept(): 
"accept: 'Was unable to accept a connection!'"
01:21:21 AM [INFO](./Net_Utils/NU_Helper.c:69) NU_timed_accept(): 
"select: 'Timed out!'"
01:21:21 AM [INFO](./Net_Utils/NU_Server.c:281) NU_Server_accept(): 
"accept: 'Was unable to accept a connection!'"
01:21:21 AM [INFO](./Net_Utils/NU_Helper.c:69) NU_timed_accept(): 
"select: 'Timed out!'"
01:21:21 AM [INFO](./Net_Utils/NU_Server.c:281) NU_Server_accept(): 
"accept: 'Was unable to accept a connection!'"
01:21:22 AM [INFO](./Net_Utils/NU_Helper.c:69) NU_timed_accept(): 
"select: 'Timed out!'"
01:21:22 AM [INFO](./Net_Utils/NU_Server.c:281) NU_Server_accept(): 
"accept: 'Was unable to accept a connection!'"
01:21:22 AM [INFO](./Net_Utils/NU_Helper.c:69) NU_timed_accept(): 
"select: 'Timed out!'"
01:21:22 AM [INFO](./Net_Utils/NU_Server.c:281) NU_Server_accept(): 
"accept: 'Was unable to accept a connection!'"
01:21:23 AM [INFO](./Net_Utils/NU_Helper.c:69) NU_timed_accept(): 
"select: 'Timed out!'"
01:21:23 AM [INFO](./Net_Utils/NU_Server.c:281) NU_Server_accept(): 
"accept: 'Was unable to accept a connection!'"
01:21:23 AM [INFO](./Net_Utils/NU_Helper.c:69) NU_timed_accept(): 
"select: 'Timed out!'"
01:21:23 AM [INFO](./Net_Utils/NU_Server.c:281) NU_Server_accept(): 
"accept: 'Was unable to accept a connection!'"
01:21:24 AM [INFO](./Net_Utils/NU_Helper.c:69) NU_timed_accept(): 
"select: 'Timed out!'"
01:21:24 AM [INFO](./Net_Utils/NU_Server.c:281) NU_Server_accept(): 
"accept: 'Was unable to accept a connection!'"
01:21:24 AM [INFO](./Net_Utils/NU_Helper.c:69) NU_timed_accept(): 
"select: 'Timed out!'"
01:21:24 AM [INFO](./Net_Utils/NU_Server.c:281) NU_Server_accept(): 
"accept: 'Was unable to accept a connection!'"
01:21:25 AM [INFO](./Net_Utils/NU_Helper.c:69) NU_timed_accept(): 
"select: 'Timed out!'"
01:21:25 AM [INFO](./Net_Utils/NU_Server.c:281) NU_Server_accept(): 
"accept: 'Was unable to accept a connection!'"
01:21:25 AM [INFO](./Net_Utils/NU_Helper.c:69) NU_timed_accept(): 
"select: 'Timed out!'"
01:21:25 AM [INFO](./Net_Utils/NU_Server.c:281) NU_Server_accept(): 
"accept: 'Was unable to accept a connection!'"
01:21:26 AM [INFO](./Net_Utils/NU_Helper.c:69) NU_timed_accept(): 
"select: 'Timed out!'"
01:21:26 AM [INFO](./Net_Utils/NU_Server.c:281) NU_Server_accept(): 
"accept: 'Was unable to accept a connection!'"
01:21:26 AM [INFO](./Net_Utils/NU_Helper.c:69) NU_timed_accept(): 
"select: 'Timed out!'"
01:21:26 AM [INFO](./Net_Utils/NU_Server.c:281) NU_Server_accept(): 
"accept: 'Was unable to accept a connection!'"
01:21:27 AM [INFO](./Net_Utils/NU_Helper.c:69) NU_timed_accept(): 
"select: 'Timed out!'"
01:21:27 AM [INFO](./Net_Utils/NU_Server.c:281) NU_Server_accept(): 
"accept: 'Was unable to accept a connection!'"
01:21:27 AM [INFO](./Net_Utils/NU_Helper.c:69) NU_timed_accept(): 
"select: 'Timed out!'"
01:21:27 AM [INFO](./Net_Utils/NU_Server.c:281) NU_Server_accept(): 
"accept: 'Was unable to accept a connection!'"
01:21:28 AM [INFO](./Net_Utils/NU_Helper.c:69) NU_timed_accept(): 
"select: 'Timed out!'"
01:21:28 AM [INFO](./Net_Utils/NU_Server.c:281) NU_Server_accept(): 
"accept: 'Was unable to accept a connection!'"
01:21:28 AM [INFO](./Net_Utils/NU_Helper.c:69) NU_timed_accept(): 
"select: 'Timed out!'"
01:21:28 AM [INFO](./Net_Utils/NU_Server.c:281) NU_Server_accept(): 
"accept: 'Was unable to accept a connection!'"
01:21:29 AM [INFO](./Net_Utils/NU_Helper.c:69) NU_timed_accept(): 
"select: 'Timed out!'"
01:21:29 AM [INFO](./Net_Utils/NU_Server.c:281) NU_Server_accept(): 
"accept: 'Was unable to accept a connection!'"
01:21:29 AM [INFO](./Net_Utils/NU_Helper.c:69) NU_timed_accept(): 
"select: 'Timed out!'"
01:21:29 AM [INFO](./Net_Utils/NU_Server.c:281) NU_Server_accept(): 
"accept: 'Was unable to accept a connection!'"
01:21:30 AM [INFO](./Net_Utils/NU_Helper.c:69) NU_timed_accept(): 
"select: 'Timed out!'"
01:21:30 AM [INFO](./Net_Utils/NU_Server.c:281) NU_Server_accept(): 
"accept: 'Was unable to accept a connection!'"
01:21:30 AM [INFO](./Net_Utils/NU_Helper.c:69) NU_timed_accept(): 
"select: 'Timed out!'"
01:21:30 AM [INFO](./Net_Utils/NU_Server.c:281) NU_Server_accept(): 
"accept: 'Was unable to accept a connection!'"
01:21:31 AM [INFO](./Net_Utils/NU_Helper.c:69) NU_timed_accept(): 
"select: 'Timed out!'"
01:21:31 AM [INFO](./Net_Utils/NU_Server.c:281) NU_Server_accept(): 
"accept: 'Was unable to accept a connection!'"
01:21:31 AM [INFO](./Net_Utils/NU_Helper.c:69) NU_timed_accept(): 
"select: 'Timed out!'"
01:21:31 AM [INFO](./Net_Utils/NU_Server.c:281) NU_Server_accept(): 
"accept: 'Was unable to accept a connection!'"
01:21:32 AM [INFO](./Net_Utils/NU_Helper.c:69) NU_timed_accept(): 
"select: 'Timed out!'"
01:21:32 AM [INFO](./Net_Utils/NU_Server.c:281) NU_Server_accept(): 
"accept: 'Was unable to accept a connection!'"
01:21:32 AM [INFO](./Net_Utils/NU_Helper.c:69) NU_timed_accept(): 
"select: 'Timed out!'"
01:21:32 AM [INFO](./Net_Utils/NU_Server.c:281) NU_Server_accept(): 
"accept: 'Was unable to accept a connection!'"
01:21:33 AM [INFO](./Net_Utils/NU_Helper.c:69) NU_timed_accept(): 
"select: 'Timed out!'"
01:21:33 AM [INFO](./Net_Utils/NU_Server.c:281) NU_Server_accept(): 
"accept: 'Was unable to accept a connection!'"
01:21:33 AM [INFO](./Net_Utils/NU_Helper.c:69) NU_timed_accept(): 
"select: 'Timed out!'"
01:21:33 AM [INFO](./Net_Utils/NU_Server.c:281) NU_Server_accept(): 
"accept: 'Was unable to accept a connection!'"
01:21:40 AM [INFO](./Net_Utils/NU_Helper.c:46) NU_timed_receive(): 
"select: 'Timed out!'"
01:21:40 AM [INFO](./Net_Utils/NU_Server.c:320) NU_Server_accept(): 
"2.0.252.110 connected to port 10000"
01:21:40 AM [ERROR](./Net_Utils/NU_Helper.c:27) NU_send_all(): 
"send: 'Broken pipe'"
01:21:40 AM [WARNING](./Net_Utils/NU_Connection.c:90) NU_Connection_send_file(): 
"NU_Connection_send_file->NU_send_all: 'Was unable to send all of message to 2.0.252.110'"
01:21:41 AM [INFO](./Net_Utils/NU_Server.c:320) NU_Server_accept(): 
"2.0.252.112 connected to port 10000"
01:21:42 AM [INFO](./Net_Utils/NU_Helper.c:69) NU_timed_accept(): 
"select: 'Timed out!'"
01:21:42 AM [INFO](./Net_Utils/NU_Server.c:281) NU_Server_accept(): 
"accept: 'Was unable to accept a connection!'"
01:21:42 AM [INFO](./Net_Utils/NU_Helper.c:69) NU_timed_accept(): 
"select: 'Timed out!'"
01:21:42 AM [INFO](./Net_Utils/NU_Server.c:281) NU_Server_accept(): 
"accept: 'Was unable to accept a connection!'"
01:21:43 AM [INFO](./Net_Utils/NU_Helper.c:69) NU_timed_accept(): 
"select: 'Timed out!'"
01:21:43 AM [INFO](./Net_Utils/NU_Server.c:281) NU_Server_accept(): 
"accept: 'Was unable to accept a connection!'"
01:21:43 AM [INFO](./Net_Utils/NU_Helper.c:69) NU_timed_accept(): 
"select: 'Timed out!'"
01:21:43 AM [INFO](./Net_Utils/NU_Server.c:281) NU_Server_accept(): 
"accept: 'Was unable to accept a connection!'"
01:21:44 AM [INFO](./Net_Utils/NU_Server.c:320) NU_Server_accept(): 
"2.0.252.124 connected to port 10000"
01:21:44 AM [INFO](./Net_Utils/NU_Server.c:344) NU_Server_disconnect(): 
"Disconnected from 2.0.252.112 on port 10000!"
01:21:44 AM [INFO](./Net_Utils/NU_Server.c:344) NU_Server_disconnect(): 
"Disconnected from 2.0.252.124 on port 10000!"
01:21:45 AM [INFO](./Net_Utils/NU_Server.c:289) NU_Server_accept(): 
"2.0.252.125 connected to port 10000"
01:21:46 AM [INFO](./Net_Utils/NU_Helper.c:69) NU_timed_accept(): 
"select: 'Timed out!'"
01:21:46 AM [INFO](./Net_Utils/NU_Server.c:281) NU_Server_accept(): 
"accept: 'Was unable to accept a connection!'"
01:21:46 AM [INFO](./Net_Utils/NU_Helper.c:69) NU_timed_accept(): 
"select: 'Timed out!'"
01:21:46 AM [INFO](./Net_Utils/NU_Server.c:281) NU_Server_accept(): 
"accept: 'Was unable to accept a connection!'"
01:21:47 AM [INFO](./Net_Utils/NU_Helper.c:69) NU_timed_accept(): 
"select: 'Timed out!'"
01:21:47 AM [INFO](./Net_Utils/NU_Server.c:281) NU_Server_accept(): 
"accept: 'Was unable to accept a connection!'"
01:21:47 AM [INFO](./Net_Utils/NU_Helper.c:69) NU_timed_accept(): 
"select: 'Timed out!'"
01:21:47 AM [INFO](./Net_Utils/NU_Server.c:281) NU_Server_accept(): 
"accept: 'Was unable to accept a connection!'"
01:21:48 AM [INFO](./Net_Utils/NU_Helper.c:69) NU_timed_accept(): 
"select: 'Timed out!'"
01:21:48 AM [INFO](./Net_Utils/NU_Server.c:281) NU_Server_accept(): 
"accept: 'Was unable to accept a connection!'"
01:21:48 AM [INFO](./Net_Utils/NU_Helper.c:69) NU_timed_accept(): 
"select: 'Timed out!'"
01:21:48 AM [INFO](./Net_Utils/NU_Server.c:281) NU_Server_accept(): 
"accept: 'Was unable to accept a connection!'"
01:21:49 AM [INFO](./Net_Utils/NU_Helper.c:69) NU_timed_accept(): 
"select: 'Timed out!'"
01:21:49 AM [INFO](./Net_Utils/NU_Server.c:281) NU_Server_accept(): 
"accept: 'Was unable to accept a connection!'"
01:21:49 AM [INFO](./Net_Utils/NU_Helper.c:69) NU_timed_accept(): 
"select: 'Timed out!'"
01:21:49 AM [INFO](./Net_Utils/NU_Server.c:281) NU_Server_accept(): 
"accept: 'Was unable to accept a connection!'"
01:21:50 AM [INFO](./Net_Utils/NU_Helper.c:69) NU_timed_accept(): 
"select: 'Timed out!'"
01:21:50 AM [INFO](./Net_Utils/NU_Server.c:281) NU_Server_accept(): 
"accept: 'Was unable to accept a connection!'"
01:21:50 AM [INFO](./Net_Utils/NU_Helper.c:69) NU_timed_accept(): 
"select: 'Timed out!'"
01:21:50 AM [INFO](./Net_Utils/NU_Server.c:281) NU_Server_accept(): 
"accept: 'Was unable to accept a connection!'"
01:21:51 AM [INFO](./Net_Utils/NU_Helper.c:69) NU_timed_accept(): 
"select: 'Timed out!'"
01:21:51 AM [INFO](./Net_Utils/NU_Server.c:281) NU_Server_accept(): 
"accept: 'Was unable to accept a connection!'"
01:21:51 AM [INFO](./Net_Utils/NU_Helper.c:69) NU_timed_accept(): 
"select: 'Timed out!'"
01:21:51 AM [INFO](./Net_Utils/NU_Server.c:281) NU_Server_accept(): 
"accept: 'Was unable to accept a connection!'"
01:21:52 AM [INFO](./Net_Utils/NU_Helper.c:69) NU_timed_accept(): 
"select: 'Timed out!'"
01:21:52 AM [INFO](./Net_Utils/NU_Server.c:281) NU_Server_accept(): 
"accept: 'Was unable to accept a connection!'"
01:21:52 AM [INFO](./Net_Utils/NU_Helper.c:69) NU_timed_accept(): 
"select: 'Timed out!'"
01:21:52 AM [INFO](./Net_Utils/NU_Server.c:281) NU_Server_accept(): 
"accept: 'Was unable to accept a connection!'"
01:21:53 AM [INFO](./Net_Utils/NU_Helper.c:69) NU_timed_accept(): 
"select: 'Timed out!'"
01:21:53 AM [INFO](./Net_Utils/NU_Server.c:281) NU_Server_accept(): 
"accept: 'Was unable to accept a connection!'"
01:21:53 AM [INFO](./Net_Utils/NU_Helper.c:69) NU_timed_accept(): 
"select: 'Timed out!'"
01:21:53 AM [INFO](./Net_Utils/NU_Server.c:281) NU_Server_accept(): 
"accept: 'Was unable to accept a connection!'"
01:21:54 AM [INFO](./Net_Utils/NU_Helper.c:69) NU_timed_accept(): 
"select: 'Timed out!'"
01:21:54 AM [INFO](./Net_Utils/NU_Server.c:281) NU_Server_accept(): 
"accept: 'Was unable to accept a connection!'"
01:21:54 AM [INFO](./Net_Utils/NU_Helper.c:69) NU_timed_accept(): 
"select: 'Timed out!'"
01:21:54 AM [INFO](./Net_Utils/NU_Server.c:281) NU_Server_accept(): 
"accept: 'Was unable to accept a connection!'"
01:21:55 AM [INFO](./Net_Utils/NU_Helper.c:69) NU_timed_accept(): 
"select: 'Timed out!'"
01:21:55 AM [INFO](./Net_Utils/NU_Server.c:281) NU_Server_accept(): 
"accept: 'Was unable to accept a connection!'"
01:21:55 AM [INFO](./Net_Utils/NU_Helper.c:69) NU_timed_accept(): 
"select: 'Timed out!'"
01:21:55 AM [INFO](./Net_Utils/NU_Server.c:281) NU_Server_accept(): 
"accept: 'Was unable to accept a connection!'"
01:21:56 AM [INFO](./Net_Utils/NU_Helper.c:69) NU_timed_accept(): 
"select: 'Timed out!'"
01:21:56 AM [INFO](./Net_Utils/NU_Server.c:281) NU_Server_accept(): 
"accept: 'Was unable to accept a connection!'"
01:21:56 AM [INFO](./Net_Utils/NU_Helper.c:69) NU_timed_accept(): 
"select: 'Timed out!'"
01:21:56 AM [INFO](./Net_Utils/NU_Server.c:281) NU_Server_accept(): 
"accept: 'Was unable to accept a connection!'"
01:21:57 AM [INFO](./Net_Utils/NU_Helper.c:69) NU_timed_accept(): 
"select: 'Timed out!'"
01:21:57 AM [INFO](./Net_Utils/NU_Server.c:281) NU_Server_accept(): 
"accept: 'Was unable to accept a connection!'"
01:21:57 AM [INFO](./Net_Utils/NU_Helper.c:69) NU_timed_accept(): 
"select: 'Timed out!'"
01:21:57 AM [INFO](./Net_Utils/NU_Server.c:281) NU_Server_accept(): 
"accept: 'Was unable to accept a connection!'"
01:21:57 AM [INFO](./Net_Utils/NU_Helper.c:52) NU_timed_receive(): 
"recv: 'Disconnected from the stream!'"
01:21:58 AM [INFO](./Net_Utils/NU_Helper.c:69) NU_timed_accept(): 
"select: 'Timed out!'"
01:21:58 AM [INFO](./Net_Utils/NU_Server.c:281) NU_Server_accept(): 
"accept: 'Was unable to accept a connection!'"
01:21:58 AM [INFO](./Net_Utils/NU_Helper.c:69) NU_timed_accept(): 
"select: 'Timed out!'"
01:21:58 AM [INFO](./Net_Utils/NU_Server.c:281) NU_Server_accept(): 
"accept: 'Was unable to accept a connection!'"
01:21:59 AM [INFO](./Net_Utils/NU_Helper.c:69) NU_timed_accept(): 
"select: 'Timed out!'"
01:21:59 AM [INFO](./Net_Utils/NU_Server.c:281) NU_Server_accept(): 
"accept: 'Was unable to accept a connection!'"
01:21:59 AM [INFO](./Net_Utils/NU_Helper.c:69) NU_timed_accept(): 
"select: 'Timed out!'"
01:21:59 AM [INFO](./Net_Utils/NU_Server.c:281) NU_Server_accept(): 
"accept: 'Was unable to accept a connection!'"
01:22:00 AM [INFO](./Net_Utils/NU_Helper.c:69) NU_timed_accept(): 
"select: 'Timed out!'"
01:22:00 AM [INFO](./Net_Utils/NU_Server.c:281) NU_Server_accept(): 
"accept: 'Was unable to accept a connection!'"
01:22:00 AM [INFO](./Net_Utils/NU_Helper.c:69) NU_timed_accept(): 
"select: 'Timed out!'"
01:22:00 AM [INFO](./Net_Utils/NU_Server.c:281) NU_Server_accept(): 
"accept: 'Was unable to accept a connection!'"
01:22:01 AM [INFO](./Net_Utils/NU_Helper.c:69) NU_timed_accept(): 
"select: 'Timed out!'"
01:22:01 AM [INFO](./Net_Utils/NU_Server.c:281) NU_Server_accept(): 
"accept: 'Was unable to accept a connection!'"
01:22:01 AM [INFO](./Net_Utils/NU_Helper.c:69) NU_timed_accept(): 
"select: 'Timed out!'"
01:22:01 AM [INFO](./Net_Utils/NU_Server.c:281) NU_Server_accept(): 
"accept: 'Was unable to accept a connection!'"
01:22:02 AM [INFO](./Net_Utils/NU_Helper.c:69) NU_timed_accept(): 
"select: 'Timed out!'"
01:22:02 AM [INFO](./Net_Utils/NU_Server.c:281) NU_Server_accept(): 
"accept: 'Was unable to accept a connection!'"
01:22:02 AM [INFO](./Net_Utils/NU_Helper.c:69) NU_timed_accept(): 
"select: 'Timed out!'"
01:22:02 AM [INFO](./Net_Utils/NU_Server.c:281) NU_Server_accept(): 
"accept: 'Was unable to accept a connection!'"
01:22:03 AM [INFO](./Net_Utils/NU_Helper.c:69) NU_timed_accept(): 
"select: 'Timed out!'"
01:22:03 AM [INFO](./Net_Utils/NU_Server.c:281) NU_Server_accept(): 
"accept: 'Was unable to accept a connection!'"
01:22:03 AM [INFO](./Net_Utils/NU_Helper.c:69) NU_timed_accept(): 
"select: 'Timed out!'"
01:22:03 AM [INFO](./Net_Utils/NU_Server.c:281) NU_Server_accept(): 
"accept: 'Was unable to accept a connection!'"
01:22:04 AM [INFO](./Net_Utils/NU_Helper.c:69) NU_timed_accept(): 
"select: 'Timed out!'"
01:22:04 AM [INFO](./Net_Utils/NU_Server.c:281) NU_Server_accept(): 
"accept: 'Was unable to accept a connection!'"
01:22:04 AM [INFO](./Net_Utils/NU_Helper.c:69) NU_timed_accept(): 
"select: 'Timed out!'"
01:22:04 AM [INFO](./Net_Utils/NU_Server.c:281) NU_Server_accept(): 
"accept: 'Was unable to accept a connection!'"
01:22:05 AM [INFO](./Net_Utils/NU_Helper.c:69) NU_timed_accept(): 
"select: 'Timed out!'"
01:22:05 AM [INFO](./Net_Utils/NU_Server.c:281) NU_Server_accept(): 
"accept: 'Was unable to accept a connection!'"
01:22:05 AM [INFO](./Net_Utils/NU_Helper.c:69) NU_timed_accept(): 
"select: 'Timed out!'"
01:22:05 AM [INFO](./Net_Utils/NU_Server.c:281) NU_Server_accept(): 
"accept: 'Was unable to accept a connection!'"
01:22:06 AM [INFO](./Net_Utils/NU_Helper.c:69) NU_timed_accept(): 
"select: 'Timed out!'"
01:22:06 AM [INFO](./Net_Utils/NU_Server.c:281) NU_Server_accept(): 
"accept: 'Was unable to accept a connection!'"
01:22:06 AM [INFO](./Net_Utils/NU_Helper.c:69) NU_timed_accept(): 
"select: 'Timed out!'"
01:22:06 AM [INFO](./Net_Utils/NU_Server.c:281) NU_Server_accept(): 
"accept: 'Was unable to accept a connection!'"
01:22:07 AM [INFO](./Net_Utils/NU_Helper.c:69) NU_timed_accept(): 
"select: 'Timed out!'"
01:22:07 AM [INFO](./Net_Utils/NU_Server.c:281) NU_Server_accept(): 
"accept: 'Was unable to accept a connection!'"
01:22:07 AM [INFO](./Net_Utils/NU_Helper.c:69) NU_timed_accept(): 
"select: 'Timed out!'"
01:22:07 AM [INFO](./Net_Utils/NU_Server.c:281) NU_Server_accept(): 
"accept: 'Was unable to accept a connection!'"
01:22:08 AM [INFO](./Net_Utils/NU_Helper.c:69) NU_timed_accept(): 
"select: 'Timed out!'"
01:22:08 AM [INFO](./Net_Utils/NU_Server.c:281) NU_Server_accept(): 
"accept: 'Was unable to accept a connection!'"
01:22:08 AM [INFO](./Net_Utils/NU_Helper.c:69) NU_timed_accept(): 
"select: 'Timed out!'"
01:22:08 AM [INFO](./Net_Utils/NU_Server.c:281) NU_Server_accept(): 
"accept: 'Was unable to accept a connection!'"
01:22:09 AM [INFO](./Net_Utils/NU_Helper.c:69) NU_timed_accept(): 
"select: 'Timed out!'"
01:22:09 AM [INFO](./Net_Utils/NU_Server.c:281) NU_Server_accept(): 
"accept: 'Was unable to accept a connection!'"
01:22:09 AM [INFO](./Net_Utils/NU_Helper.c:69) NU_timed_accept(): 
"select: 'Timed out!'"
01:22:09 AM [INFO](./Net_Utils/NU_Server.c:281) NU_Server_accept(): 
"accept: 'Was unable to accept a connection!'"
01:22:10 AM [INFO](./Net_Utils/NU_Helper.c:69) NU_timed_accept(): 
"select: 'Timed out!'"
01:22:10 AM [INFO](./Net_Utils/NU_Server.c:281) NU_Server_accept(): 
"accept: 'Was unable to accept a connection!'"
01:22:10 AM [INFO](./Net_Utils/NU_Helper.c:69) NU_timed_accept(): 
"select: 'Timed out!'"
01:22:10 AM [INFO](./Net_Utils/NU_Server.c:281) NU_Server_accept(): 
"accept: 'Was unable to accept a connection!'"
01:22:11 AM [INFO](./Net_Utils/NU_Helper.c:69) NU_timed_accept(): 
"select: 'Timed out!'"
01:22:11 AM [INFO](./Net_Utils/NU_Server.c:281) NU_Server_accept(): 
"accept: 'Was unable to accept a connection!'"
01:22:11 AM [INFO](./Net_Utils/NU_Helper.c:69) NU_timed_accept(): 
"select: 'Timed out!'"
01:22:11 AM [INFO](./Net_Utils/NU_Server.c:281) NU_Server_accept(): 
"accept: 'Was unable to accept a connection!'"
01:22:12 AM [INFO](./Net_Utils/NU_Helper.c:69) NU_timed_accept(): 
"select: 'Timed out!'"
01:22:12 AM [INFO](./Net_Utils/NU_Server.c:281) NU_Server_accept(): 
"accept: 'Was unable to accept a connection!'"
01:22:12 AM [INFO](./Net_Utils/NU_Helper.c:69) NU_timed_accept(): 
"select: 'Timed out!'"
01:22:12 AM [INFO](./Net_Utils/NU_Server.c:281) NU_Server_accept(): 
"accept: 'Was unable to accept a connection!'"
01:22:13 AM [INFO](./Net_Utils/NU_Helper.c:69) NU_timed_accept(): 
"select: 'Timed out!'"
01:22:13 AM [INFO](./Net_Utils/NU_Server.c:281) NU_Server_accept(): 
"accept: 'Was unable to accept a connection!'"
01:22:13 AM [INFO](./Net_Utils/NU_Helper.c:69) NU_timed_accept(): 
"select: 'Timed out!'"
01:22:13 AM [INFO](./Net_Utils/NU_Server.c:281) NU_Server_accept(): 
"accept: 'Was unable to accept a connection!'"
01:22:14 AM [INFO](./Net_Utils/NU_Helper.c:69) NU_timed_accept(): 
"select: 'Timed out!'"
01:22:14 AM [INFO](./Net_Utils/NU_Server.c:281) NU_Server_accept(): 
"accept: 'Was unable to accept a connection!'"
01:22:14 AM [INFO](./Net_Utils/NU_Helper.c:69) NU_timed_accept(): 
"select: 'Timed out!'"
01:22:14 AM [INFO](./Net_Utils/NU_Server.c:281) NU_Server_accept(): 
"accept: 'Was unable to accept a connection!'"
01:22:15 AM [INFO](./Net_Utils/NU_Helper.c:69) NU_timed_accept(): 
"select: 'Timed out!'"
01:22:15 AM [INFO](./Net_Utils/NU_Server.c:281) NU_Server_accept(): 
"accept: 'Was unable to accept a connection!'"
01:22:15 AM [INFO](./Net_Utils/NU_Helper.c:69) NU_timed_accept(): 
"select: 'Timed out!'"
01:22:15 AM [INFO](./Net_Utils/NU_Server.c:281) NU_Server_accept(): 
"accept: 'Was unable to accept a connection!'"
01:22:16 AM [INFO](./Net_Utils/NU_Helper.c:69) NU_timed_accept(): 
"select: 'Timed out!'"
01:22:16 AM [INFO](./Net_Utils/NU_Server.c:281) NU_Server_accept(): 
"accept: 'Was unable to accept a connection!'"
01:22:16 AM [INFO](./Net_Utils/NU_Helper.c:69) NU_timed_accept(): 
"select: 'Timed out!'"
01:22:16 AM [INFO](./Net_Utils/NU_Server.c:281) NU_Server_accept(): 
"accept: 'Was unable to accept a connection!'"
01:22:17 AM [INFO](./Net_Utils/NU_Helper.c:69) NU_timed_accept(): 
"select: 'Timed out!'"
01:22:17 AM [INFO](./Net_Utils/NU_Server.c:281) NU_Server_accept(): 
"accept: 'Was unable to accept a connection!'"
01:22:17 AM [INFO](./Net_Utils/NU_Helper.c:69) NU_timed_accept(): 
"select: 'Timed out!'"
01:22:17 AM [INFO](./Net_Utils/NU_Server.c:281) NU_Server_accept(): 
"accept: 'Was unable to accept a connection!'"
01:22:18 AM [INFO](./Net_Utils/NU_Helper.c:69) NU_timed_accept(): 
"select: 'Timed out!'"
01:22:18 AM [INFO](./Net_Utils/NU_Server.c:281) NU_Server_accept(): 
"accept: 'Was unable to accept a connection!'"
01:22:18 AM [INFO](./Net_Utils/NU_Helper.c:69) NU_timed_accept(): 
"select: 'Timed out!'"
01:22:18 AM [INFO](./Net_Utils/NU_Server.c:281) NU_Server_accept(): 
"accept: 'Was unable to accept a connection!'"
01:22:19 AM [INFO](./Net_Utils/NU_Helper.c:69) NU_timed_accept(): 
"select: 'Timed out!'"
01:22:19 AM [INFO](./Net_Utils/NU_Server.c:281) NU_Server_accept(): 
"accept: 'Was unable to accept a connection!'"
01:22:19 AM [INFO](./Net_Utils/NU_Helper.c:69) NU_timed_accept(): 
"select: 'Timed out!'"
01:22:19 AM [INFO](./Net_Utils/NU_Server.c:281) NU_Server_accept(): 
"accept: 'Was unable to accept a connection!'"
01:22:20 AM [INFO](./Net_Utils/NU_Server.c:289) NU_Server_accept(): 
"2.0.252.158 connected to port 10000"
01:22:20 AM [INFO](./Net_Utils/NU_Server.c:344) NU_Server_disconnect(): 
"Disconnected from 2.0.252.158 on port 10000!"
01:22:21 AM [INFO](./Net_Utils/NU_Server.c:289) NU_Server_accept(): 
"2.0.252.159 connected to port 10000"
01:22:21 AM [INFO](./Net_Utils/NU_Server.c:344) NU_Server_disconnect(): 
"Disconnected from 2.0.252.159 on port 10000!"
01:22:22 AM [INFO](./Net_Utils/NU_Helper.c:69) NU_timed_accept(): 
"select: 'Timed out!'"
01:22:22 AM [INFO](./Net_Utils/NU_Server.c:281) NU_Server_accept(): 
"accept: 'Was unable to accept a connection!'"
01:22:22 AM [INFO](./Net_Utils/NU_Helper.c:69) NU_timed_accept(): 
"select: 'Timed out!'"
01:22:22 AM [INFO](./Net_Utils/NU_Server.c:281) NU_Server_accept(): 
"accept: 'Was unable to accept a connection!'"
01:22:23 AM [INFO](./Net_Utils/NU_Helper.c:69) NU_timed_accept(): 
"select: 'Timed out!'"
01:22:23 AM [INFO](./Net_Utils/NU_Server.c:281) NU_Server_accept(): 
"accept: 'Was unable to accept a connection!'"
01:22:23 AM [INFO](./Net_Utils/NU_Helper.c:69) NU_timed_accept(): 
"select: 'Timed out!'"
01:22:23 AM [INFO](./Net_Utils/NU_Server.c:281) NU_Server_accept(): 
"accept: 'Was unable to accept a connection!'"
01:22:24 AM [INFO](./Net_Utils/NU_Server.c:289) NU_Server_accept(): 
"2.0.252.167 connected to port 10000"
01:22:24 AM [INFO](./Net_Utils/NU_Server.c:344) NU_Server_disconnect(): 
"Disconnected from 2.0.252.167 on port 10000!"
01:22:25 AM [INFO](./Net_Utils/NU_Server.c:289) NU_Server_accept(): 
"2.0.252.169 connected to port 10000"
01:22:25 AM [INFO](./Net_Utils/NU_Server.c:344) NU_Server_disconnect(): 
"Disconnected from 2.0.252.169 on port 10000!"
01:22:26 AM [INFO](./Net_Utils/NU_Helper.c:69) NU_timed_accept(): 
"select: 'Timed out!'"
01:22:26 AM [INFO](./Net_Utils/NU_Server.c:281) NU_Server_accept(): 
"accept: 'Was unable to accept a connection!'"
01:22:26 AM [INFO](./Net_Utils/NU_Helper.c:69) NU_timed_accept(): 
"select: 'Timed out!'"
01:22:26 AM [INFO](./Net_Utils/NU_Server.c:281) NU_Server_accept(): 
"accept: 'Was unable to accept a connection!'"
01:22:27 AM [INFO](./Net_Utils/NU_Helper.c:69) NU_timed_accept(): 
"select: 'Timed out!'"
01:22:27 AM [INFO](./Net_Utils/NU_Server.c:281) NU_Server_accept(): 
"accept: 'Was unable to accept a connection!'"
01:22:27 AM [INFO](./Net_Utils/NU_Helper.c:69) NU_timed_accept(): 
"select: 'Timed out!'"
01:22:27 AM [INFO](./Net_Utils/NU_Server.c:281) NU_Server_accept(): 
"accept: 'Was unable to accept a connection!'"
01:22:28 AM [INFO](./Net_Utils/NU_Helper.c:69) NU_timed_accept(): 
"select: 'Timed out!'"
01:22:28 AM [INFO](./Net_Utils/NU_Server.c:281) NU_Server_accept(): 
"accept: 'Was unable to accept a connection!'"
01:22:28 AM [INFO](./Net_Utils/NU_Helper.c:69) NU_timed_accept(): 
"select: 'Timed out!'"
01:22:28 AM [INFO](./Net_Utils/NU_Server.c:281) NU_Server_accept(): 
"accept: 'Was unable to accept a connection!'"
01:22:29 AM [INFO](./Net_Utils/NU_Helper.c:69) NU_timed_accept(): 
"select: 'Timed out!'"
01:22:29 AM [INFO](./Net_Utils/NU_Server.c:281) NU_Server_accept(): 
"accept: 'Was unable to accept a connection!'"
01:22:29 AM [INFO](./Net_Utils/NU_Helper.c:69) NU_timed_accept(): 
"select: 'Timed out!'"
01:22:29 AM [INFO](./Net_Utils/NU_Server.c:281) NU_Server_accept(): 
"accept: 'Was unable to accept a connection!'"
01:22:30 AM [INFO](./Net_Utils/NU_Helper.c:69) NU_timed_accept(): 
"select: 'Timed out!'"
01:22:30 AM [INFO](./Net_Utils/NU_Server.c:281) NU_Server_accept(): 
"accept: 'Was unable to accept a connection!'"
01:22:30 AM [INFO](./Net_Utils/NU_Helper.c:69) NU_timed_accept(): 
"select: 'Timed out!'"
01:22:30 AM [INFO](./Net_Utils/NU_Server.c:281) NU_Server_accept(): 
"accept: 'Was unable to accept a connection!'"
01:22:31 AM [INFO](./Net_Utils/NU_Helper.c:69) NU_timed_accept(): 
"select: 'Timed out!'"
01:22:31 AM [INFO](./Net_Utils/NU_Server.c:281) NU_Server_accept(): 
"accept: 'Was unable to accept a connection!'"
01:22:31 AM [INFO](./Net_Utils/NU_Server.c:289) NU_Server_accept(): 
"2.0.214.193 connected to port 80"
01:22:32 AM [INFO](./Net_Utils/NU_Helper.c:69) NU_timed_accept(): 
"select: 'Timed out!'"
01:22:32 AM [INFO](./Net_Utils/NU_Server.c:281) NU_Server_accept(): 
"accept: 'Was unable to accept a connection!'"
01:22:32 AM [INFO](./Net_Utils/NU_Helper.c:69) NU_timed_accept(): 
"select: 'Timed out!'"
01:22:32 AM [INFO](./Net_Utils/NU_Server.c:281) NU_Server_accept(): 
"accept: 'Was unable to accept a connection!'"
01:22:33 AM [INFO](./Net_Utils/NU_Helper.c:69) NU_timed_accept(): 
"select: 'Timed out!'"
01:22:33 AM [INFO](./Net_Utils/NU_Server.c:281) NU_Server_accept(): 
"accept: 'Was unable to accept a connection!'"
01:22:33 AM [INFO](./Net_Utils/NU_Helper.c:69) NU_timed_accept(): 
"select: 'Timed out!'"
01:22:33 AM [INFO](./Net_Utils/NU_Server.c:281) NU_Server_accept(): 
"accept: 'Was unable to accept a connection!'"
01:22:34 AM [INFO](./Net_Utils/NU_Helper.c:69) NU_timed_accept(): 
"select: 'Timed out!'"
01:22:34 AM [INFO](./Net_Utils/NU_Server.c:281) NU_Server_accept(): 
"accept: 'Was unable to accept a connection!'"
01:22:34 AM [INFO](./Net_Utils/NU_Helper.c:69) NU_timed_accept(): 
"select: 'Timed out!'"
01:22:34 AM [INFO](./Net_Utils/NU_Server.c:281) NU_Server_accept(): 
"accept: 'Was unable to accept a connection!'"
01:22:35 AM [INFO](./Net_Utils/NU_Helper.c:69) NU_timed_accept(): 
"select: 'Timed out!'"
01:22:35 AM [INFO](./Net_Utils/NU_Server.c:281) NU_Server_accept(): 
"accept: 'Was unable to accept a connection!'"
01:22:35 AM [INFO](./Net_Utils/NU_Helper.c:69) NU_timed_accept(): 
"select: 'Timed out!'"
01:22:35 AM [INFO](./Net_Utils/NU_Server.c:281) NU_Server_accept(): 
"accept: 'Was unable to accept a connection!'"
01:22:36 AM [INFO](./Net_Utils/NU_Helper.c:69) NU_timed_accept(): 
"select: 'Timed out!'"
01:22:36 AM [INFO](./Net_Utils/NU_Server.c:281) NU_Server_accept(): 
"accept: 'Was unable to accept a connection!'"
01:22:36 AM [INFO](./Net_Utils/NU_Helper.c:69) NU_timed_accept(): 
"select: 'Timed out!'"
01:22:36 AM [INFO](./Net_Utils/NU_Server.c:281) NU_Server_accept(): 
"accept: 'Was unable to accept a connection!'"
01:22:37 AM [INFO](./Net_Utils/NU_Helper.c:69) NU_timed_accept(): 
"select: 'Timed out!'"
01:22:37 AM [INFO](./Net_Utils/NU_Server.c:281) NU_Server_accept(): 
"accept: 'Was unable to accept a connection!'"
01:22:37 AM [INFO](./Net_Utils/NU_Helper.c:69) NU_timed_accept(): 
"select: 'Timed out!'"
01:22:37 AM [INFO](./Net_Utils/NU_Server.c:281) NU_Server_accept(): 
"accept: 'Was unable to accept a connection!'"
01:22:38 AM [INFO](./Net_Utils/NU_Helper.c:69) NU_timed_accept(): 
"select: 'Timed out!'"
01:22:38 AM [INFO](./Net_Utils/NU_Server.c:281) NU_Server_accept(): 
"accept: 'Was unable to accept a connection!'"
01:22:38 AM [INFO](./Net_Utils/NU_Helper.c:69) NU_timed_accept(): 
"select: 'Timed out!'"
01:22:38 AM [INFO](./Net_Utils/NU_Server.c:281) NU_Server_accept(): 
"accept: 'Was unable to accept a connection!'"
01:22:39 AM [INFO](./Net_Utils/NU_Helper.c:69) NU_timed_accept(): 
"select: 'Timed out!'"
01:22:39 AM [INFO](./Net_Utils/NU_Server.c:281) NU_Server_accept(): 
"accept: 'Was unable to accept a connection!'"
01:22:39 AM [INFO](./Net_Utils/NU_Helper.c:69) NU_timed_accept(): 
"select: 'Timed out!'"
01:22:39 AM [INFO](./Net_Utils/NU_Server.c:281) NU_Server_accept(): 
"accept: 'Was unable to accept a connection!'"
01:22:40 AM [INFO](./Net_Utils/NU_Server.c:344) NU_Server_disconnect(): 
"Disconnected from 2.0.214.193 on port 80!"
01:22:40 AM [INFO](./Net_Utils/NU_Helper.c:69) NU_timed_accept(): 
"select: 'Timed out!'"
01:22:40 AM [INFO](./Net_Utils/NU_Server.c:281) NU_Server_accept(): 
"accept: 'Was unable to accept a connection!'"
01:22:40 AM [INFO](./Net_Utils/NU_Helper.c:69) NU_timed_accept(): 
"select: 'Timed out!'"
01:22:40 AM [INFO](./Net_Utils/NU_Server.c:281) NU_Server_accept(): 
"accept: 'Was unable to accept a connection!'"
01:22:41 AM [INFO](./Net_Utils/NU_Helper.c:69) NU_timed_accept(): 
"select: 'Timed out!'"
01:22:41 AM [INFO](./Net_Utils/NU_Server.c:281) NU_Server_accept(): 
"accept: 'Was unable to accept a connection!'"
01:22:41 AM [INFO](./Net_Utils/NU_Helper.c:69) NU_timed_accept(): 
"select: 'Timed out!'"
01:22:41 AM [INFO](./Net_Utils/NU_Server.c:281) NU_Server_accept(): 
"accept: 'Was unable to accept a connection!'"
01:22:42 AM [INFO](./Net_Utils/NU_Helper.c:69) NU_timed_accept(): 
"select: 'Timed out!'"
01:22:42 AM [INFO](./Net_Utils/NU_Server.c:281) NU_Server_accept(): 
"accept: 'Was unable to accept a connection!'"
01:22:42 AM [INFO](./Net_Utils/NU_Helper.c:69) NU_timed_accept(): 
"select: 'Timed out!'"
01:22:42 AM [INFO](./Net_Utils/NU_Server.c:281) NU_Server_accept(): 
"accept: 'Was unable to accept a connection!'"
01:22:43 AM [INFO](./Net_Utils/NU_Helper.c:69) NU_timed_accept(): 
"select: 'Timed out!'"
01:22:43 AM [INFO](./Net_Utils/NU_Server.c:281) NU_Server_accept(): 
"accept: 'Was unable to accept a connection!'"
01:22:43 AM [INFO](./Net_Utils/NU_Helper.c:69) NU_timed_accept(): 
"select: 'Timed out!'"
01:22:43 AM [INFO](./Net_Utils/NU_Server.c:281) NU_Server_accept(): 
"accept: 'Was unable to accept a connection!'"
01:22:44 AM [INFO](./Net_Utils/NU_Helper.c:69) NU_timed_accept(): 
"select: 'Timed out!'"
01:22:44 AM [INFO](./Net_Utils/NU_Server.c:281) NU_Server_accept(): 
"accept: 'Was unable to accept a connection!'"
01:22:44 AM [INFO](./Net_Utils/NU_Server.c:289) NU_Server_accept(): 
"2.0.237.48 connected to port 80"
01:22:45 AM [INFO](./Net_Utils/NU_Helper.c:69) NU_timed_accept(): 
"select: 'Timed out!'"
01:22:45 AM [INFO](./Net_Utils/NU_Server.c:281) NU_Server_accept(): 
"accept: 'Was unable to accept a connection!'"
01:22:45 AM [INFO](./Net_Utils/NU_Helper.c:69) NU_timed_accept(): 
"select: 'Timed out!'"
01:22:45 AM [INFO](./Net_Utils/NU_Server.c:281) NU_Server_accept(): 
"accept: 'Was unable to accept a connection!'"
01:22:46 AM [INFO](./Net_Utils/NU_Server.c:344) NU_Server_disconnect(): 
"Disconnected from 2.0.237.48 on port 80!"
01:22:46 AM [INFO](./Net_Utils/NU_Helper.c:69) NU_timed_accept(): 
"select: 'Timed out!'"
01:22:46 AM [INFO](./Net_Utils/NU_Server.c:281) NU_Server_accept(): 
"accept: 'Was unable to accept a connection!'"
01:22:46 AM [INFO](./Net_Utils/NU_Helper.c:69) NU_timed_accept(): 
"select: 'Timed out!'"
01:22:46 AM [INFO](./Net_Utils/NU_Server.c:281) NU_Server_accept(): 
"accept: 'Was unable to accept a connection!'"
01:22:47 AM [INFO](./Net_Utils/NU_Helper.c:69) NU_timed_accept(): 
"select: 'Timed out!'"
01:22:47 AM [INFO](./Net_Utils/NU_Server.c:281) NU_Server_accept(): 
"accept: 'Was unable to accept a connection!'"
01:22:47 AM [INFO](./Net_Utils/NU_Helper.c:69) NU_timed_accept(): 
"select: 'Timed out!'"
01:22:47 AM [INFO](./Net_Utils/NU_Server.c:281) NU_Server_accept(): 
"accept: 'Was unable to accept a connection!'"
01:22:48 AM [INFO](./Net_Utils/NU_Helper.c:69) NU_timed_accept(): 
"select: 'Timed out!'"
01:22:48 AM [INFO](./Net_Utils/NU_Server.c:281) NU_Server_accept(): 
"accept: 'Was unable to accept a connection!'"
01:22:48 AM [INFO](./Net_Utils/NU_Server.c:289) NU_Server_accept(): 
"2.0.192.59 connected to port 80"
01:22:49 AM [INFO](./Net_Utils/NU_Helper.c:69) NU_timed_accept(): 
"select: 'Timed out!'"
01:22:49 AM [INFO](./Net_Utils/NU_Server.c:281) NU_Server_accept(): 
"accept: 'Was unable to accept a connection!'"
01:22:49 AM [INFO](./Net_Utils/NU_Helper.c:69) NU_timed_accept(): 
"select: 'Timed out!'"
01:22:49 AM [INFO](./Net_Utils/NU_Server.c:281) NU_Server_accept(): 
"accept: 'Was unable to accept a connection!'"
01:22:50 AM [INFO](./Net_Utils/NU_Helper.c:69) NU_timed_accept(): 
"select: 'Timed out!'"
01:22:50 AM [INFO](./Net_Utils/NU_Server.c:281) NU_Server_accept(): 
"accept: 'Was unable to accept a connection!'"
01:22:50 AM [INFO](./Net_Utils/NU_Helper.c:69) NU_timed_accept(): 
"select: 'Timed out!'"
01:22:50 AM [INFO](./Net_Utils/NU_Server.c:281) NU_Server_accept(): 
"accept: 'Was unable to accept a connection!'"
01:22:54 AM [INFO](./Net_Utils/NU_Server.c:320) NU_Server_accept(): 
"2.0.252.205 connected to port 10000"
01:22:54 AM [INFO](./Net_Utils/NU_Server.c:344) NU_Server_disconnect(): 
"Disconnected from 2.0.192.59 on port 80!"
01:22:54 AM [INFO](./Net_Utils/NU_Server.c:344) NU_Server_disconnect(): 
"Disconnected from 2.0.252.205 on port 10000!"
01:22:55 AM [INFO](./Net_Utils/NU_Server.c:289) NU_Server_accept(): 
"2.0.252.207 connected to port 10000"
01:22:55 AM [INFO](./Net_Utils/NU_Server.c:344) NU_Server_disconnect(): 
"Disconnected from 2.0.252.207 on port 10000!"
01:22:56 AM [INFO](./Net_Utils/NU_Server.c:289) NU_Server_accept(): 
"2.0.252.218 connected to port 10000"
01:22:56 AM [INFO](./Net_Utils/NU_Server.c:344) NU_Server_disconnect(): 
"Disconnected from 2.0.252.218 on port 10000!"
01:22:57 AM [INFO](./Net_Utils/NU_Helper.c:69) NU_timed_accept(): 
"select: 'Timed out!'"
01:22:57 AM [INFO](./Net_Utils/NU_Server.c:281) NU_Server_accept(): 
"accept: 'Was unable to accept a connection!'"
01:22:57 AM [INFO](./Net_Utils/NU_Server.c:289) NU_Server_accept(): 
"2.0.206.193 connected to port 80"
01:22:57 AM [INFO](./Net_Utils/NU_Server.c:344) NU_Server_disconnect(): 
"Disconnected from 2.0.206.193 on port 80!"
01:22:58 AM [INFO](./Net_Utils/NU_Helper.c:69) NU_timed_accept(): 
"select: 'Timed out!'"
01:22:58 AM [INFO](./Net_Utils/NU_Server.c:281) NU_Server_accept(): 
"accept: 'Was unable to accept a connection!'"
01:22:58 AM [INFO](./Net_Utils/NU_Helper.c:69) NU_timed_accept(): 
"select: 'Timed out!'"
01:22:58 AM [INFO](./Net_Utils/NU_Server.c:281) NU_Server_accept(): 
"accept: 'Was unable to accept a connection!'"
01:22:59 AM [INFO](./Net_Utils/NU_Helper.c:69) NU_timed_accept(): 
"select: 'Timed out!'"
01:22:59 AM [INFO](./Net_Utils/NU_Server.c:281) NU_Server_accept(): 
"accept: 'Was unable to accept a connection!'"
01:22:59 AM [INFO](./Net_Utils/NU_Server.c:289) NU_Server_accept(): 
"2.0.187.16 connected to port 80"
01:23:59 AM [INFO](./Net_Utils/NU_Helper.c:46) NU_timed_receive(): 
"select: 'Timed out!'"
01:23:59 AM [INFO](./Net_Utils/NU_Server.c:289) NU_Server_accept(): 
"2.0.252.223 connected to port 10000"
01:23:59 AM [INFO](./Net_Utils/NU_Server.c:344) NU_Server_disconnect(): 
"Disconnected from 2.0.252.223 on port 10000!"
01:24:00 AM [INFO](./Net_Utils/NU_Server.c:289) NU_Server_accept(): 
"2.0.252.225 connected to port 10000"
01:24:00 AM [INFO](./Net_Utils/NU_Helper.c:52) NU_timed_receive(): 
"recv: 'Disconnected from the stream!'"
01:24:01 AM [INFO](./Net_Utils/NU_Server.c:320) NU_Server_accept(): 
"2.0.252.224 connected to port 10000"
01:24:01 AM [INFO](./Net_Utils/NU_Helper.c:52) NU_timed_receive(): 
"recv: 'Disconnected from the stream!'"
01:24:02 AM [INFO](./Net_Utils/NU_Helper.c:69) NU_timed_accept(): 
"select: 'Timed out!'"
01:24:02 AM [INFO](./Net_Utils/NU_Server.c:281) NU_Server_accept(): 
"accept: 'Was unable to accept a connection!'"
01:24:02 AM [INFO](./Net_Utils/NU_Helper.c:69) NU_timed_accept(): 
"select: 'Timed out!'"
01:24:02 AM [INFO](./Net_Utils/NU_Server.c:281) NU_Server_accept(): 
"accept: 'Was unable to accept a connection!'"
01:24:03 AM [INFO](./Net_Utils/NU_Helper.c:69) NU_timed_accept(): 
"select: 'Timed out!'"
01:24:03 AM [INFO](./Net_Utils/NU_Server.c:281) NU_Server_accept(): 
"accept: 'Was unable to accept a connection!'"
01:24:03 AM [INFO](./Net_Utils/NU_Helper.c:69) NU_timed_accept(): 
"select: 'Timed out!'"
01:24:03 AM [INFO](./Net_Utils/NU_Server.c:281) NU_Server_accept(): 
"accept: 'Was unable to accept a connection!'"
01:24:04 AM [INFO](./Net_Utils/NU_Helper.c:69) NU_timed_accept(): 
"select: 'Timed out!'"
01:24:04 AM [INFO](./Net_Utils/NU_Server.c:281) NU_Server_accept(): 
"accept: 'Was unable to accept a connection!'"
01:24:04 AM [INFO](./Net_Utils/NU_Helper.c:69) NU_timed_accept(): 
"select: 'Timed out!'"
01:24:04 AM [INFO](./Net_Utils/NU_Server.c:281) NU_Server_accept(): 
"accept: 'Was unable to accept a connection!'"
01:24:05 AM [INFO](./Net_Utils/NU_Helper.c:69) NU_timed_accept(): 
"select: 'Timed out!'"
01:24:05 AM [INFO](./Net_Utils/NU_Server.c:281) NU_Server_accept(): 
"accept: 'Was unable to accept a connection!'"
01:24:05 AM [INFO](./Net_Utils/NU_Helper.c:69) NU_timed_accept(): 
"select: 'Timed out!'"
01:24:05 AM [INFO](./Net_Utils/NU_Server.c:281) NU_Server_accept(): 
"accept: 'Was unable to accept a connection!'"
01:24:06 AM [INFO](./Net_Utils/NU_Helper.c:69) NU_timed_accept(): 
"select: 'Timed out!'"
01:24:06 AM [INFO](./Net_Utils/NU_Server.c:281) NU_Server_accept(): 
"accept: 'Was unable to accept a connection!'"
01:24:06 AM [INFO](./Net_Utils/NU_Helper.c:69) NU_timed_accept(): 
"select: 'Timed out!'"
01:24:06 AM [INFO](./Net_Utils/NU_Server.c:281) NU_Server_accept(): 
"accept: 'Was unable to accept a connection!'"
01:24:07 AM [INFO](./Net_Utils/NU_Helper.c:69) NU_timed_accept(): 
"select: 'Timed out!'"
01:24:07 AM [INFO](./Net_Utils/NU_Server.c:281) NU_Server_accept(): 
"accept: 'Was unable to accept a connection!'"
01:24:07 AM [INFO](./Net_Utils/NU_Helper.c:69) NU_timed_accept(): 
"select: 'Timed out!'"
01:24:07 AM [INFO](./Net_Utils/NU_Server.c:281) NU_Server_accept(): 
"accept: 'Was unable to accept a connection!'"
01:24:08 AM [INFO](./Net_Utils/NU_Helper.c:69) NU_timed_accept(): 
"select: 'Timed out!'"
01:24:08 AM [INFO](./Net_Utils/NU_Server.c:281) NU_Server_accept(): 
"accept: 'Was unable to accept a connection!'"
01:24:08 AM [INFO](./Net_Utils/NU_Helper.c:69) NU_timed_accept(): 
"select: 'Timed out!'"
01:24:08 AM [INFO](./Net_Utils/NU_Server.c:281) NU_Server_accept(): 
"accept: 'Was unable to accept a connection!'"
01:24:09 AM [INFO](./Net_Utils/NU_Helper.c:69) NU_timed_accept(): 
"select: 'Timed out!'"
01:24:09 AM [INFO](./Net_Utils/NU_Server.c:281) NU_Server_accept(): 
"accept: 'Was unable to accept a connection!'"
01:24:09 AM [INFO](./Net_Utils/NU_Helper.c:69) NU_timed_accept(): 
"select: 'Timed out!'"
01:24:09 AM [INFO](./Net_Utils/NU_Server.c:281) NU_Server_accept(): 
"accept: 'Was unable to accept a connection!'"
01:24:10 AM [INFO](./Net_Utils/NU_Helper.c:69) NU_timed_accept(): 
"select: 'Timed out!'"
01:24:10 AM [INFO](./Net_Utils/NU_Server.c:281) NU_Server_accept(): 
"accept: 'Was unable to accept a connection!'"
01:24:10 AM [INFO](./Net_Utils/NU_Helper.c:69) NU_timed_accept(): 
"select: 'Timed out!'"
01:24:10 AM [INFO](./Net_Utils/NU_Server.c:281) NU_Server_accept(): 
"accept: 'Was unable to accept a connection!'"
01:24:11 AM [INFO](./Net_Utils/NU_Helper.c:69) NU_timed_accept(): 
"select: 'Timed out!'"
01:24:11 AM [INFO](./Net_Utils/NU_Server.c:281) NU_Server_accept(): 
"accept: 'Was unable to accept a connection!'"
01:24:11 AM [INFO](./Net_Utils/NU_Helper.c:69) NU_timed_accept(): 
"select: 'Timed out!'"
01:24:11 AM [INFO](./Net_Utils/NU_Server.c:281) NU_Server_accept(): 
"accept: 'Was unable to accept a connection!'"
01:24:12 AM [INFO](./Net_Utils/NU_Helper.c:69) NU_timed_accept(): 
"select: 'Timed out!'"
01:24:12 AM [INFO](./Net_Utils/NU_Server.c:281) NU_Server_accept(): 
"accept: 'Was unable to accept a connection!'"
01:24:12 AM [INFO](./Net_Utils/NU_Helper.c:69) NU_timed_accept(): 
"select: 'Timed out!'"
01:24:12 AM [INFO](./Net_Utils/NU_Server.c:281) NU_Server_accept(): 
"accept: 'Was unable to accept a connection!'"
01:24:13 AM [INFO](./Net_Utils/NU_Helper.c:69) NU_timed_accept(): 
"select: 'Timed out!'"
01:24:13 AM [INFO](./Net_Utils/NU_Server.c:281) NU_Server_accept(): 
"accept: 'Was unable to accept a connection!'"
01:24:13 AM [INFO](./Net_Utils/NU_Helper.c:69) NU_timed_accept(): 
"select: 'Timed out!'"
01:24:13 AM [INFO](./Net_Utils/NU_Server.c:281) NU_Server_accept(): 
"accept: 'Was unable to accept a connection!'"
01:24:14 AM [INFO](./Net_Utils/NU_Helper.c:69) NU_timed_accept(): 
"select: 'Timed out!'"
01:24:14 AM [INFO](./Net_Utils/NU_Server.c:281) NU_Server_accept(): 
"accept: 'Was unable to accept a connection!'"
01:24:14 AM [INFO](./Net_Utils/NU_Helper.c:69) NU_timed_accept(): 
"select: 'Timed out!'"
01:24:14 AM [INFO](./Net_Utils/NU_Server.c:281) NU_Server_accept(): 
"accept: 'Was unable to accept a connection!'"
01:24:15 AM [INFO](./Net_Utils/NU_Helper.c:69) NU_timed_accept(): 
"select: 'Timed out!'"
01:24:15 AM [INFO](./Net_Utils/NU_Server.c:281) NU_Server_accept(): 
"accept: 'Was unable to accept a connection!'"
01:24:15 AM [INFO](./Net_Utils/NU_Helper.c:69) NU_timed_accept(): 
"select: 'Timed out!'"
01:24:15 AM [INFO](./Net_Utils/NU_Server.c:281) NU_Server_accept(): 
"accept: 'Was unable to accept a connection!'"
01:24:16 AM [INFO](./Net_Utils/NU_Helper.c:69) NU_timed_accept(): 
"select: 'Timed out!'"
01:24:16 AM [INFO](./Net_Utils/NU_Server.c:281) NU_Server_accept(): 
"accept: 'Was unable to accept a connection!'"
01:24:16 AM [INFO](./Net_Utils/NU_Helper.c:69) NU_timed_accept(): 
"select: 'Timed out!'"
01:24:16 AM [INFO](./Net_Utils/NU_Server.c:281) NU_Server_accept(): 
"accept: 'Was unable to accept a connection!'"
01:24:17 AM [INFO](./Net_Utils/NU_Helper.c:69) NU_timed_accept(): 
"select: 'Timed out!'"
01:24:17 AM [INFO](./Net_Utils/NU_Server.c:281) NU_Server_accept(): 
"accept: 'Was unable to accept a connection!'"
01:24:17 AM [INFO](./Net_Utils/NU_Helper.c:69) NU_timed_accept(): 
"select: 'Timed out!'"
01:24:17 AM [INFO](./Net_Utils/NU_Server.c:281) NU_Server_accept(): 
"accept: 'Was unable to accept a connection!'"
01:24:18 AM [INFO](./Net_Utils/NU_Helper.c:69) NU_timed_accept(): 
"select: 'Timed out!'"
01:24:18 AM [INFO](./Net_Utils/NU_Server.c:281) NU_Server_accept(): 
"accept: 'Was unable to accept a connection!'"
01:24:18 AM [INFO](./Net_Utils/NU_Helper.c:69) NU_timed_accept(): 
"select: 'Timed out!'"
01:24:18 AM [INFO](./Net_Utils/NU_Server.c:281) NU_Server_accept(): 
"accept: 'Was unable to accept a connection!'"
