02:08:56 PM [EVENT] Resume: "Event created!"
02:08:56 PM [EVENT] Finished: "Event created!"
02:08:56 PM [EVENT] Resume: "Thread #0: 'Reset Event Flag...'"
02:08:56 PM [EVENT] Resume: "Thread #1: 'Waiting For Event Signal...'"
02:08:56 PM [EVENT] Resume: "Thread #3: 'Waiting For Event Signal...'"
02:08:56 PM [EVENT] Resume: "Thread #4: 'Waiting For Event Signal...'"
02:08:56 PM [EVENT] Resume: "Thread #5: 'Waiting For Event Signal...'"
02:08:56 PM [EVENT] Resume: "Thread #2: 'Waiting For Event Signal...'"
02:08:57 PM [EVENT] Resume: "Thread #0: 'Event Signaled...'"
02:08:57 PM [EVENT] Resume: "Thread #1: 'Received Event Signal...'"
02:08:57 PM [EVENT] Resume: "Thread #3: 'Received Event Signal...'"
02:08:57 PM [EVENT] Resume: "Thread #4: 'Received Event Signal...'"
02:08:57 PM [EVENT] Resume: "Thread #2: 'Received Event Signal...'"
02:08:57 PM [EVENT] Resume: "Thread #5: 'Received Event Signal...'"
02:09:02 PM [EVENT] Resume: "Thread #0: 'Reset Event Flag...'"
02:09:02 PM [EVENT] Result Ready: "Event created!"
02:09:02 PM [EVENT] Result Ready: "Thread #0: 'Waiting For Event Signal...'"
02:09:02 PM [EVENT] Resume: "Thread #2: 'Waiting For Event Signal...'"
02:09:02 PM [EVENT] Resume: "Thread #3: 'Waiting For Event Signal...'"
02:09:02 PM [EVENT] Resume: "Thread #1: 'Waiting For Event Signal...'"
02:09:02 PM [EVENT] Resume: "Thread #5: 'Waiting For Event Signal...'"
02:09:02 PM [EVENT] Resume: "Thread #4: 'Waiting For Event Signal...'"
02:09:07 PM [EVENT] Resume: "Thread #2: 'Timed Out, Signaling Other Threads...'"
02:09:07 PM [EVENT] Resume: "Thread #1: 'Received Event Signal...'"
02:09:07 PM [EVENT] Result Ready: "Thread #2: 'Event Signaled...'"
02:09:07 PM [EVENT] Resume: "Thread #4: 'Received Event Signal...'"
02:09:07 PM [EVENT] Result Ready: "Thread #0: 'Received Event Signal...'"
02:09:07 PM [EVENT] Result Ready: "Broadcasting Event Signal..."
02:09:07 PM [EVENT] Resume: "Thread #3: 'Received Event Signal...'"
02:09:07 PM [EVENT] Resume: "Thread #5: 'Received Event Signal...'"
02:09:07 PM [EVENT] Result Ready: "Destroying Event..."
02:09:07 PM [EVENT] Finished: "Thread #0: 'Waiting For Event Signal...'"
02:09:11 PM [EVENT] Finished: "Thread #5: 'Event Signaled...'"
02:09:11 PM [EVENT] Finished: "Thread #0: 'Received Event Signal...'"
