05:20:09 PM [INFO](./string/string_buffer.c:89) c_utils_string_buffer_append(): 
"Old Length: 5; New Length: 6;"
05:20:09 PM [INFO](./string/string_buffer.c:89) c_utils_string_buffer_append(): 
"Old Length: 6; New Length: 8;"
05:20:09 PM [INFO](./string/string_buffer.c:89) c_utils_string_buffer_append(): 
"Old Length: 8; New Length: 10;"
05:20:09 PM [INFO](./string/string_buffer.c:89) c_utils_string_buffer_append(): 
"Old Length: 10; New Length: 12;"
05:20:09 PM [INFO](./string/string_buffer.c:89) c_utils_string_buffer_append(): 
"Old Length: 12; New Length: 15;"
05:20:09 PM [INFO](./string/string_buffer.c:89) c_utils_string_buffer_append(): 
"Old Length: 15; New Length: 17;"
05:20:09 PM [INFO](./string/string_buffer.c:89) c_utils_string_buffer_append(): 
"Old Length: 17; New Length: 20;"
05:20:09 PM [INFO](./string/string_buffer.c:89) c_utils_string_buffer_append(): 
"Old Length: 20; New Length: 22;"
05:20:09 PM [INFO](./string/string_buffer.c:89) c_utils_string_buffer_append(): 
"Old Length: 22; New Length: 25;"
05:20:09 PM [INFO](./string/string_buffer.c:89) c_utils_string_buffer_append(): 
"Old Length: 25; New Length: 27;"
05:20:09 PM [INFO](./string/string_buffer.c:89) c_utils_string_buffer_append(): 
"Old Length: 27; New Length: 30;"
05:20:09 PM [INFO](./string/string_buffer.c:89) c_utils_string_buffer_append(): 
"Old Length: 30; New Length: 32;"
05:20:09 PM [INFO](./string/string_buffer.c:89) c_utils_string_buffer_append(): 
"Old Length: 32; New Length: 34;"
05:20:09 PM [INFO](./string/string_buffer.c:89) c_utils_string_buffer_append(): 
"Old Length: 34; New Length: 36;"
05:20:09 PM [INFO](./string/string_buffer.c:89) c_utils_string_buffer_append(): 
"Old Length: 36; New Length: 39;"
05:20:09 PM [INFO](./string/string_buffer.c:89) c_utils_string_buffer_append(): 
"Old Length: 39; New Length: 41;"
05:20:09 PM [INFO](./string/string_buffer.c:89) c_utils_string_buffer_append(): 
"Old Length: 41; New Length: 44;"
05:20:09 PM [INFO](./string/string_buffer.c:89) c_utils_string_buffer_append(): 
"Old Length: 44; New Length: 46;"
05:20:09 PM [INFO](./string/string_buffer.c:89) c_utils_string_buffer_append(): 
"Old Length: 46; New Length: 49;"
05:20:09 PM [INFO](./string/string_buffer.c:89) c_utils_string_buffer_append(): 
"Old Length: 49; New Length: 51;"
05:20:09 PM [INFO](./string/string_buffer.c:89) c_utils_string_buffer_append(): 
"Old Length: 51; New Length: 54;"
05:20:09 PM [INFO](./string/string_buffer.c:89) c_utils_string_buffer_append(): 
"Old Length: 54; New Length: 56;"
05:20:09 PM [INFO](./string/string_buffer.c:89) c_utils_string_buffer_append(): 
"Old Length: 56; New Length: 59;"
05:20:09 PM [INFO](./string/string_buffer.c:89) c_utils_string_buffer_append(): 
"Old Length: 59; New Length: 61;"
05:20:09 PM [INFO](./string/string_buffer.c:89) c_utils_string_buffer_append(): 
"Old Length: 61; New Length: 63;"
05:20:09 PM [INFO](./string/string_buffer.c:89) c_utils_string_buffer_append(): 
"Old Length: 63; New Length: 65;"
05:20:09 PM [INFO](./string/string_buffer.c:89) c_utils_string_buffer_append(): 
"Old Length: 65; New Length: 69;"
05:20:09 PM [INFO](./string/string_buffer.c:89) c_utils_string_buffer_append(): 
"Old Length: 69; New Length: 71;"
05:20:09 PM [INFO](./string/string_buffer.c:89) c_utils_string_buffer_append(): 
"Old Length: 71; New Length: 74;"
05:20:09 PM [INFO](./string/string_buffer.c:89) c_utils_string_buffer_append(): 
"Old Length: 74; New Length: 76;"
05:20:09 PM [INFO](./string/string_buffer.c:89) c_utils_string_buffer_append(): 
"Old Length: 76; New Length: 80;"
05:20:09 PM [INFO](./string/string_buffer.c:89) c_utils_string_buffer_append(): 
"Old Length: 80; New Length: 82;"
05:20:09 PM [INFO](./string/string_buffer.c:89) c_utils_string_buffer_append(): 
"Old Length: 82; New Length: 85;"
05:20:09 PM [INFO](./string/string_buffer.c:89) c_utils_string_buffer_append(): 
"Old Length: 85; New Length: 87;"
05:20:09 PM [INFO](./string/string_buffer.c:89) c_utils_string_buffer_append(): 
"Old Length: 87; New Length: 90;"
05:20:09 PM [INFO](./string/string_buffer.c:89) c_utils_string_buffer_append(): 
"Old Length: 90; New Length: 92;"
05:20:09 PM [INFO](./string/string_buffer.c:89) c_utils_string_buffer_append(): 
"Old Length: 92; New Length: 95;"
05:20:09 PM [INFO](./string/string_buffer.c:89) c_utils_string_buffer_append(): 
"Old Length: 95; New Length: 97;"
05:20:09 PM [INFO](./string/string_buffer.c:89) c_utils_string_buffer_append(): 
"Old Length: 97; New Length: 101;"
05:20:09 PM [INFO](./string/string_buffer.c:89) c_utils_string_buffer_append(): 
"Old Length: 101; New Length: 103;"
05:20:09 PM [INFO](./string/string_buffer.c:89) c_utils_string_buffer_append(): 
"Old Length: 103; New Length: 106;"
05:20:09 PM [INFO](./string/string_buffer.c:89) c_utils_string_buffer_append(): 
"Old Length: 106; New Length: 108;"
05:20:09 PM [INFO](./string/string_buffer.c:89) c_utils_string_buffer_append(): 
"Old Length: 108; New Length: 112;"
05:20:09 PM [INFO](./string/string_buffer.c:89) c_utils_string_buffer_append(): 
"Old Length: 112; New Length: 114;"
05:20:09 PM [INFO](./string/string_buffer.c:89) c_utils_string_buffer_append(): 
"Old Length: 114; New Length: 118;"
05:20:09 PM [INFO](./string/string_buffer.c:89) c_utils_string_buffer_append(): 
"Old Length: 118; New Length: 120;"
05:20:09 PM [INFO](./string/string_buffer.c:89) c_utils_string_buffer_append(): 
"Old Length: 120; New Length: 123;"
05:20:09 PM [INFO](./string/string_buffer.c:89) c_utils_string_buffer_append(): 
"Old Length: 123; New Length: 125;"
05:20:09 PM [INFO](./string/string_buffer.c:89) c_utils_string_buffer_append(): 
"Old Length: 125; New Length: 128;"
05:20:09 PM [INFO](./string/string_buffer.c:89) c_utils_string_buffer_append(): 
"Old Length: 128; New Length: 130;"
05:20:09 PM [INFO](./string/string_buffer.c:89) c_utils_string_buffer_append(): 
"Old Length: 130; New Length: 133;"
05:20:09 PM [INFO](./string/string_buffer.c:89) c_utils_string_buffer_append(): 
"Old Length: 133; New Length: 135;"
05:20:09 PM [INFO](./string/string_buffer.c:89) c_utils_string_buffer_append(): 
"Old Length: 135; New Length: 139;"
05:20:09 PM [INFO](./string/string_buffer.c:89) c_utils_string_buffer_append(): 
"Old Length: 139; New Length: 141;"
05:20:09 PM [INFO](./string/string_buffer.c:89) c_utils_string_buffer_append(): 
"Old Length: 141; New Length: 145;"
05:20:09 PM [INFO](./string/string_buffer.c:89) c_utils_string_buffer_append(): 
"Old Length: 145; New Length: 147;"
05:20:09 PM [INFO](./string/string_buffer.c:89) c_utils_string_buffer_append(): 
"Old Length: 147; New Length: 151;"
05:20:09 PM [INFO](./string/string_buffer.c:89) c_utils_string_buffer_append(): 
"Old Length: 151; New Length: 153;"
05:20:09 PM [INFO](./string/string_buffer.c:89) c_utils_string_buffer_append(): 
"Old Length: 153; New Length: 157;"
05:20:09 PM [INFO](./string/string_buffer.c:89) c_utils_string_buffer_append(): 
"Old Length: 157; New Length: 159;"
05:20:09 PM [INFO](./string/string_buffer.c:89) c_utils_string_buffer_append(): 
"Old Length: 159; New Length: 163;"
05:20:09 PM [INFO](./string/string_buffer.c:89) c_utils_string_buffer_append(): 
"Old Length: 163; New Length: 165;"
05:20:09 PM [INFO](./string/string_buffer.c:89) c_utils_string_buffer_append(): 
"Old Length: 165; New Length: 169;"
05:20:09 PM [INFO](./string/string_buffer.c:89) c_utils_string_buffer_append(): 
"Old Length: 169; New Length: 171;"
05:20:09 PM [INFO](./string/string_buffer.c:89) c_utils_string_buffer_append(): 
"Old Length: 171; New Length: 174;"
05:20:09 PM [INFO](./string/string_buffer.c:89) c_utils_string_buffer_append(): 
"Old Length: 174; New Length: 176;"
05:20:09 PM [INFO](./string/string_buffer.c:89) c_utils_string_buffer_append(): 
"Old Length: 176; New Length: 180;"
05:20:09 PM [INFO](./string/string_buffer.c:89) c_utils_string_buffer_append(): 
"Old Length: 180; New Length: 182;"
05:20:09 PM [INFO](./string/string_buffer.c:89) c_utils_string_buffer_append(): 
"Old Length: 182; New Length: 186;"
05:20:09 PM [INFO](./string/string_buffer.c:89) c_utils_string_buffer_append(): 
"Old Length: 186; New Length: 188;"
05:20:09 PM [INFO](./string/string_buffer.c:89) c_utils_string_buffer_append(): 
"Old Length: 188; New Length: 192;"
05:20:09 PM [INFO](./string/string_buffer.c:89) c_utils_string_buffer_append(): 
"Old Length: 192; New Length: 194;"
05:20:09 PM [INFO](./string/string_buffer.c:89) c_utils_string_buffer_append(): 
"Old Length: 194; New Length: 198;"
05:20:09 PM [INFO](./string/string_buffer.c:89) c_utils_string_buffer_append(): 
"Old Length: 198; New Length: 200;"
05:20:09 PM [INFO](./string/string_buffer.c:89) c_utils_string_buffer_append(): 
"Old Length: 200; New Length: 204;"
05:20:09 PM [INFO](./string/string_buffer.c:89) c_utils_string_buffer_append(): 
"Old Length: 204; New Length: 206;"
05:20:09 PM [INFO](./string/string_buffer.c:89) c_utils_string_buffer_append(): 
"Old Length: 206; New Length: 210;"
05:20:09 PM [INFO](./string/string_buffer.c:89) c_utils_string_buffer_append(): 
"Old Length: 210; New Length: 212;"
05:20:09 PM [INFO](./string/string_buffer.c:89) c_utils_string_buffer_append(): 
"Old Length: 212; New Length: 216;"
05:20:09 PM [INFO](./string/string_buffer.c:89) c_utils_string_buffer_append(): 
"Old Length: 216; New Length: 218;"
05:20:09 PM [INFO](./string/string_buffer.c:89) c_utils_string_buffer_append(): 
"Old Length: 218; New Length: 222;"
05:20:09 PM [INFO](./string/string_buffer.c:89) c_utils_string_buffer_append(): 
"Old Length: 222; New Length: 224;"
05:20:09 PM [INFO](./string/string_buffer.c:89) c_utils_string_buffer_append(): 
"Old Length: 224; New Length: 228;"
05:20:09 PM [INFO](./string/string_buffer.c:89) c_utils_string_buffer_append(): 
"Old Length: 228; New Length: 230;"
05:20:09 PM [INFO](./string/string_buffer.c:89) c_utils_string_buffer_append(): 
"Old Length: 230; New Length: 234;"
05:20:09 PM [INFO](./string/string_buffer.c:89) c_utils_string_buffer_append(): 
"Old Length: 234; New Length: 236;"
05:20:09 PM [INFO](./string/string_buffer.c:89) c_utils_string_buffer_append(): 
"Old Length: 236; New Length: 239;"
05:20:09 PM [INFO](./string/string_buffer.c:89) c_utils_string_buffer_append(): 
"Old Length: 239; New Length: 241;"
05:20:09 PM [INFO](./string/string_buffer.c:89) c_utils_string_buffer_append(): 
"Old Length: 241; New Length: 245;"
05:20:09 PM [INFO](./string/string_buffer.c:89) c_utils_string_buffer_append(): 
"Old Length: 245; New Length: 247;"
05:20:09 PM [INFO](./string/string_buffer.c:89) c_utils_string_buffer_append(): 
"Old Length: 247; New Length: 251;"
05:20:09 PM [INFO](./string/string_buffer.c:89) c_utils_string_buffer_append(): 
"Old Length: 251; New Length: 253;"
05:20:09 PM [INFO](./string/string_buffer.c:89) c_utils_string_buffer_append(): 
"Old Length: 253; New Length: 256;"
05:20:09 PM [INFO](./string/string_buffer.c:89) c_utils_string_buffer_append(): 
"Old Length: 256; New Length: 258;"
05:20:09 PM [INFO](./string/string_buffer.c:89) c_utils_string_buffer_append(): 
"Old Length: 258; New Length: 262;"
05:20:09 PM [INFO](./string/string_buffer.c:89) c_utils_string_buffer_append(): 
"Old Length: 262; New Length: 264;"
05:20:09 PM [INFO](./string/string_buffer.c:89) c_utils_string_buffer_append(): 
"Old Length: 264; New Length: 268;"
05:20:09 PM [INFO](./string/string_buffer.c:89) c_utils_string_buffer_append(): 
"Old Length: 268; New Length: 270;"
05:20:09 PM [INFO](./string/string_buffer.c:89) c_utils_string_buffer_append(): 
"Old Length: 270; New Length: 274;"
05:20:09 PM [INFO](./string/string_buffer.c:89) c_utils_string_buffer_append(): 
"Old Length: 274; New Length: 276;"
05:20:09 PM [INFO](./string/string_buffer.c:89) c_utils_string_buffer_append(): 
"Old Length: 276; New Length: 280;"
05:20:09 PM [INFO](./string/string_buffer.c:89) c_utils_string_buffer_append(): 
"Old Length: 280; New Length: 282;"
05:20:09 PM [INFO](./string/string_buffer.c:89) c_utils_string_buffer_append(): 
"Old Length: 282; New Length: 286;"
05:20:09 PM [INFO](./string/string_buffer.c:89) c_utils_string_buffer_append(): 
"Old Length: 286; New Length: 288;"
05:20:09 PM [INFO](./string/string_buffer.c:89) c_utils_string_buffer_append(): 
"Old Length: 288; New Length: 292;"
05:20:09 PM [INFO](./string/string_buffer.c:89) c_utils_string_buffer_append(): 
"Old Length: 292; New Length: 294;"
05:20:09 PM [INFO](./string/string_buffer.c:89) c_utils_string_buffer_append(): 
"Old Length: 294; New Length: 298;"
05:20:09 PM [INFO](./string/string_buffer.c:89) c_utils_string_buffer_append(): 
"Old Length: 298; New Length: 300;"
05:20:09 PM [INFO](./string/string_buffer.c:89) c_utils_string_buffer_append(): 
"Old Length: 300; New Length: 304;"
05:20:09 PM [INFO](./string/string_buffer.c:89) c_utils_string_buffer_append(): 
"Old Length: 304; New Length: 306;"
05:20:09 PM [INFO](./string/string_buffer.c:89) c_utils_string_buffer_append(): 
"Old Length: 306; New Length: 310;"
05:20:09 PM [INFO](./string/string_buffer.c:89) c_utils_string_buffer_append(): 
"Old Length: 310; New Length: 312;"
05:20:09 PM [INFO](./string/string_buffer.c:89) c_utils_string_buffer_append(): 
"Old Length: 312; New Length: 316;"
05:20:09 PM [INFO](./string/string_buffer.c:89) c_utils_string_buffer_append(): 
"Old Length: 316; New Length: 318;"
05:20:09 PM [INFO](./string/string_buffer.c:89) c_utils_string_buffer_append(): 
"Old Length: 318; New Length: 321;"
05:20:09 PM [INFO](./string/string_buffer.c:89) c_utils_string_buffer_append(): 
"Old Length: 321; New Length: 323;"
05:20:09 PM [INFO](./string/string_buffer.c:89) c_utils_string_buffer_append(): 
"Old Length: 323; New Length: 327;"
05:20:09 PM [INFO](./string/string_buffer.c:89) c_utils_string_buffer_append(): 
"Old Length: 327; New Length: 329;"
05:20:09 PM [INFO](./string/string_buffer.c:89) c_utils_string_buffer_append(): 
"Old Length: 329; New Length: 333;"
05:20:09 PM [INFO](./string/string_buffer.c:89) c_utils_string_buffer_append(): 
"Old Length: 333; New Length: 335;"
05:20:09 PM [INFO](./string/string_buffer.c:89) c_utils_string_buffer_append(): 
"Old Length: 335; New Length: 339;"
05:20:09 PM [INFO](./string/string_buffer.c:89) c_utils_string_buffer_append(): 
"Old Length: 339; New Length: 341;"
05:20:09 PM [INFO](./string/string_buffer.c:89) c_utils_string_buffer_append(): 
"Old Length: 341; New Length: 345;"
05:20:09 PM [INFO](./string/string_buffer.c:89) c_utils_string_buffer_append(): 
"Old Length: 345; New Length: 347;"
05:20:09 PM [INFO](./string/string_buffer.c:89) c_utils_string_buffer_append(): 
"Old Length: 347; New Length: 351;"
05:20:09 PM [INFO](./string/string_buffer.c:89) c_utils_string_buffer_append(): 
"Old Length: 351; New Length: 353;"
05:20:09 PM [INFO](./string/string_buffer.c:89) c_utils_string_buffer_append(): 
"Old Length: 353; New Length: 356;"
05:20:09 PM [INFO](./string/string_buffer.c:89) c_utils_string_buffer_append(): 
"Old Length: 356; New Length: 358;"
05:20:09 PM [INFO](./string/string_buffer.c:89) c_utils_string_buffer_append(): 
"Old Length: 358; New Length: 362;"
05:20:09 PM [INFO](./string/string_buffer.c:89) c_utils_string_buffer_append(): 
"Old Length: 362; New Length: 364;"
05:20:09 PM [INFO](./string/string_buffer.c:89) c_utils_string_buffer_append(): 
"Old Length: 364; New Length: 368;"
05:20:09 PM [INFO](./string/string_buffer.c:89) c_utils_string_buffer_append(): 
"Old Length: 368; New Length: 370;"
05:20:09 PM [INFO](./string/string_buffer.c:89) c_utils_string_buffer_append(): 
"Old Length: 370; New Length: 374;"
05:20:09 PM [INFO](./string/string_buffer.c:89) c_utils_string_buffer_append(): 
"Old Length: 374; New Length: 376;"
05:20:09 PM [INFO](./string/string_buffer.c:89) c_utils_string_buffer_append(): 
"Old Length: 376; New Length: 380;"
05:20:09 PM [INFO](./string/string_buffer.c:89) c_utils_string_buffer_append(): 
"Old Length: 380; New Length: 382;"
05:20:09 PM [INFO](./string/string_buffer.c:89) c_utils_string_buffer_append(): 
"Old Length: 382; New Length: 386;"
05:20:09 PM [INFO](./string/string_buffer.c:89) c_utils_string_buffer_append(): 
"Old Length: 386; New Length: 388;"
05:20:09 PM [INFO](./string/string_buffer.c:89) c_utils_string_buffer_append(): 
"Old Length: 388; New Length: 392;"
05:20:09 PM [INFO](./string/string_buffer.c:89) c_utils_string_buffer_append(): 
"Old Length: 392; New Length: 394;"
05:20:09 PM [INFO](./string/string_buffer.c:89) c_utils_string_buffer_append(): 
"Old Length: 394; New Length: 398;"
05:20:09 PM [INFO](./string/string_buffer.c:89) c_utils_string_buffer_append(): 
"Old Length: 398; New Length: 400;"
05:20:09 PM [INFO](./string/string_buffer.c:89) c_utils_string_buffer_append(): 
"Old Length: 400; New Length: 404;"
05:20:09 PM [INFO](./string/string_buffer.c:89) c_utils_string_buffer_append(): 
"Old Length: 404; New Length: 406;"
05:20:09 PM [INFO](./string/string_buffer.c:89) c_utils_string_buffer_append(): 
"Old Length: 406; New Length: 409;"
05:20:09 PM [INFO](./string/string_buffer.c:89) c_utils_string_buffer_append(): 
"Old Length: 409; New Length: 411;"
05:20:09 PM [INFO](./string/string_buffer.c:89) c_utils_string_buffer_append(): 
"Old Length: 411; New Length: 415;"
05:20:09 PM [INFO](./string/string_buffer.c:89) c_utils_string_buffer_append(): 
"Old Length: 415; New Length: 417;"
05:20:09 PM [INFO](./string/string_buffer.c:89) c_utils_string_buffer_append(): 
"Old Length: 417; New Length: 421;"
05:20:09 PM [INFO](./string/string_buffer.c:89) c_utils_string_buffer_append(): 
"Old Length: 421; New Length: 423;"
05:20:09 PM [INFO](./string/string_buffer.c:89) c_utils_string_buffer_append(): 
"Old Length: 423; New Length: 427;"
05:20:09 PM [INFO](./string/string_buffer.c:89) c_utils_string_buffer_append(): 
"Old Length: 427; New Length: 429;"
05:20:09 PM [INFO](./string/string_buffer.c:89) c_utils_string_buffer_append(): 
"Old Length: 429; New Length: 433;"
05:20:09 PM [INFO](./string/string_buffer.c:89) c_utils_string_buffer_append(): 
"Old Length: 433; New Length: 435;"
05:20:09 PM [INFO](./string/string_buffer.c:89) c_utils_string_buffer_append(): 
"Old Length: 435; New Length: 439;"
05:20:09 PM [INFO](./string/string_buffer.c:89) c_utils_string_buffer_append(): 
"Old Length: 439; New Length: 441;"
05:20:09 PM [INFO](./string/string_buffer.c:89) c_utils_string_buffer_append(): 
"Old Length: 441; New Length: 445;"
05:20:09 PM [INFO](./string/string_buffer.c:89) c_utils_string_buffer_append(): 
"Old Length: 445; New Length: 447;"
05:20:09 PM [INFO](./string/string_buffer.c:89) c_utils_string_buffer_append(): 
"Old Length: 447; New Length: 451;"
05:20:09 PM [INFO](./string/string_buffer.c:89) c_utils_string_buffer_append(): 
"Old Length: 451; New Length: 453;"
05:20:09 PM [INFO](./string/string_buffer.c:89) c_utils_string_buffer_append(): 
"Old Length: 453; New Length: 457;"
05:20:09 PM [INFO](./string/string_buffer.c:89) c_utils_string_buffer_append(): 
"Old Length: 457; New Length: 459;"
05:20:09 PM [INFO](./string/string_buffer.c:89) c_utils_string_buffer_append(): 
"Old Length: 459; New Length: 463;"
05:20:09 PM [INFO](./string/string_buffer.c:89) c_utils_string_buffer_append(): 
"Old Length: 463; New Length: 465;"
05:20:09 PM [INFO](./string/string_buffer.c:89) c_utils_string_buffer_append(): 
"Old Length: 465; New Length: 469;"
05:20:09 PM [INFO](./string/string_buffer.c:89) c_utils_string_buffer_append(): 
"Old Length: 469; New Length: 471;"
05:20:09 PM [INFO](./string/string_buffer.c:89) c_utils_string_buffer_append(): 
"Old Length: 471; New Length: 472;"
05:20:09 PM [INFO](./string/string_buffer.c:89) c_utils_string_buffer_append(): 
"Old Length: 472; New Length: 474;"
05:20:09 PM [INFO](./string/string_buffer.c:89) c_utils_string_buffer_append(): 
"Old Length: 474; New Length: 478;"
05:20:09 PM [INFO](./string/string_buffer.c:89) c_utils_string_buffer_append(): 
"Old Length: 478; New Length: 480;"
05:20:09 PM [INFO](./string/string_buffer.c:89) c_utils_string_buffer_append(): 
"Old Length: 480; New Length: 484;"
05:20:09 PM [INFO](./string/string_buffer.c:89) c_utils_string_buffer_append(): 
"Old Length: 484; New Length: 486;"
05:20:09 PM [INFO](./string/string_buffer.c:89) c_utils_string_buffer_append(): 
"Old Length: 486; New Length: 490;"
05:20:09 PM [INFO](./string/string_buffer.c:89) c_utils_string_buffer_append(): 
"Old Length: 490; New Length: 492;"
05:20:09 PM [INFO](./string/string_buffer.c:89) c_utils_string_buffer_append(): 
"Old Length: 492; New Length: 496;"
05:20:09 PM [INFO](./string/string_buffer.c:89) c_utils_string_buffer_append(): 
"Old Length: 496; New Length: 498;"
05:20:09 PM [INFO](./string/string_buffer.c:89) c_utils_string_buffer_append(): 
"Old Length: 498; New Length: 501;"
05:20:09 PM [INFO](./string/string_buffer.c:89) c_utils_string_buffer_append(): 
"Old Length: 501; New Length: 503;"
05:20:09 PM [INFO](./string/string_buffer.c:89) c_utils_string_buffer_append(): 
"Old Length: 503; New Length: 507;"
05:20:09 PM [INFO](./string/string_buffer.c:89) c_utils_string_buffer_append(): 
"Old Length: 507; New Length: 509;"
05:20:09 PM [INFO](./string/string_buffer.c:89) c_utils_string_buffer_append(): 
"Old Length: 509; New Length: 513;"
05:20:09 PM [INFO](./string/string_buffer.c:89) c_utils_string_buffer_append(): 
"Old Length: 513; New Length: 515;"
05:20:09 PM [INFO](./string/string_buffer.c:89) c_utils_string_buffer_append(): 
"Old Length: 515; New Length: 519;"
05:20:09 PM [INFO](./string/string_buffer.c:89) c_utils_string_buffer_append(): 
"Old Length: 519; New Length: 521;"
05:20:09 PM [INFO](./string/string_buffer.c:89) c_utils_string_buffer_append(): 
"Old Length: 521; New Length: 525;"
05:20:09 PM [INFO](./string/string_buffer.c:89) c_utils_string_buffer_append(): 
"Old Length: 525; New Length: 527;"
05:20:09 PM [INFO](./string/string_buffer.c:89) c_utils_string_buffer_append(): 
"Old Length: 527; New Length: 531;"
05:20:09 PM [INFO](./string/string_buffer.c:89) c_utils_string_buffer_append(): 
"Old Length: 531; New Length: 533;"
05:20:09 PM [INFO](./string/string_buffer.c:89) c_utils_string_buffer_append(): 
"Old Length: 533; New Length: 537;"
05:20:09 PM [INFO](./string/string_buffer.c:89) c_utils_string_buffer_append(): 
"Old Length: 537; New Length: 539;"
05:20:09 PM [INFO](./string/string_buffer.c:89) c_utils_string_buffer_append(): 
"Old Length: 539; New Length: 543;"
05:20:09 PM [INFO](./string/string_buffer.c:89) c_utils_string_buffer_append(): 
"Old Length: 543; New Length: 545;"
05:20:09 PM [INFO](./string/string_buffer.c:89) c_utils_string_buffer_append(): 
"Old Length: 545; New Length: 549;"
05:20:09 PM [INFO](./string/string_buffer.c:89) c_utils_string_buffer_append(): 
"Old Length: 549; New Length: 551;"
05:20:09 PM [INFO](./string/string_buffer.c:89) c_utils_string_buffer_append(): 
"Old Length: 551; New Length: 555;"
05:20:09 PM [INFO](./string/string_buffer.c:89) c_utils_string_buffer_append(): 
"Old Length: 555; New Length: 557;"
05:20:09 PM [INFO](./string/string_buffer.c:89) c_utils_string_buffer_append(): 
"Old Length: 557; New Length: 561;"
05:20:09 PM [INFO](./string/string_buffer.c:89) c_utils_string_buffer_append(): 
"Old Length: 561; New Length: 563;"
05:20:09 PM [INFO](./string/string_buffer.c:168) c_utils_string_buffer_delete(): 
"Initial Start: -2; Initial End: -1;"
05:20:09 PM [INFO](./string/string_buffer.c:186) c_utils_string_buffer_delete(): 
"Corrected Start: 559; Corrected End: 561;"
05:20:09 PM [INFO](./string/string_buffer.c:190) c_utils_string_buffer_delete(): 
"Buffer used: 563; New Length: 561;"
05:20:09 PM [INFO](./string/string_buffer.c:194) c_utils_string_buffer_delete(): 
"Before: buf->data: " { 0, 55, 186, 165, 148, 235, 24, 581, 432, 567, 820, 561, 60, 1040, 308, 1095, 608, 102, 162, 1387, 480, 1932, 1232, 966, 888, 325, 1924, 1593, 1008, 2291, 2910, 2542, 256, 2013, 1292, 1470, 2700, 2923, 2926, 3120, 1600, 3895, 3444, 731, 4136, 4365, 322, 3478, 2784, 4753, 3876, 4992, 1855, 3348, 1595, 3080, 3990, 696, 2950, 4920, 5917, 3782, 2961, 704, 6305, 2442, 5628, 3128, 5382, 2100, 6106, 3384, 365, 6808, 2550, 1520, 5544, 5928, 1659, 2640, 1863, 2788, 5063, 0, 2635, 4730, 3915, 7128, 801, 5130, 7280, 8556, 1581, 2820, 2090, 2784, 4074, 8722, 2475, ";"
05:20:09 PM [INFO](./string/string_buffer.c:197) c_utils_string_buffer_delete(): 
"After: buf->data: " { 0, 55, 186, 165, 148, 235, 24, 581, 432, 567, 820, 561, 60, 1040, 308, 1095, 608, 102, 162, 1387, 480, 1932, 1232, 966, 888, 325, 1924, 1593, 1008, 2291, 2910, 2542, 256, 2013, 1292, 1470, 2700, 2923, 2926, 3120, 1600, 3895, 3444, 731, 4136, 4365, 322, 3478, 2784, 4753, 3876, 4992, 1855, 3348, 1595, 3080, 3990, 696, 2950, 4920, 5917, 3782, 2961, 704, 6305, 2442, 5628, 3128, 5382, 2100, 6106, 3384, 365, 6808, 2550, 1520, 5544, 5928, 1659, 2640, 1863, 2788, 5063, 0, 2635, 4730, 3915, 7128, 801, 5130, 7280, 8556, 1581, 2820, 2090, 2784, 4074, 8722, 2475";"
05:20:09 PM [INFO](./string/string_buffer.c:89) c_utils_string_buffer_append(): 
"Old Length: 561; New Length: 564;"
05:20:09 PM [INFO](./string/string_buffer.c:89) c_utils_string_buffer_append(): 
"Old Length: 5; New Length: 9;"
05:20:09 PM [INFO](./string/string_buffer.c:89) c_utils_string_buffer_append(): 
"Old Length: 9; New Length: 11;"
05:20:09 PM [INFO](./string/string_buffer.c:89) c_utils_string_buffer_append(): 
"Old Length: 11; New Length: 15;"
05:20:09 PM [INFO](./string/string_buffer.c:89) c_utils_string_buffer_append(): 
"Old Length: 15; New Length: 17;"
05:20:09 PM [INFO](./string/string_buffer.c:89) c_utils_string_buffer_append(): 
"Old Length: 17; New Length: 21;"
05:20:09 PM [INFO](./string/string_buffer.c:89) c_utils_string_buffer_append(): 
"Old Length: 21; New Length: 23;"
05:20:09 PM [INFO](./string/string_buffer.c:89) c_utils_string_buffer_append(): 
"Old Length: 23; New Length: 27;"
05:20:09 PM [INFO](./string/string_buffer.c:89) c_utils_string_buffer_append(): 
"Old Length: 27; New Length: 29;"
05:20:09 PM [INFO](./string/string_buffer.c:89) c_utils_string_buffer_append(): 
"Old Length: 29; New Length: 33;"
05:20:09 PM [INFO](./string/string_buffer.c:89) c_utils_string_buffer_append(): 
"Old Length: 33; New Length: 35;"
05:20:09 PM [INFO](./string/string_buffer.c:89) c_utils_string_buffer_append(): 
"Old Length: 35; New Length: 39;"
05:20:09 PM [INFO](./string/string_buffer.c:89) c_utils_string_buffer_append(): 
"Old Length: 39; New Length: 41;"
05:20:09 PM [INFO](./string/string_buffer.c:89) c_utils_string_buffer_append(): 
"Old Length: 41; New Length: 45;"
05:20:09 PM [INFO](./string/string_buffer.c:89) c_utils_string_buffer_append(): 
"Old Length: 45; New Length: 47;"
05:20:09 PM [INFO](./string/string_buffer.c:89) c_utils_string_buffer_append(): 
"Old Length: 47; New Length: 51;"
05:20:09 PM [INFO](./string/string_buffer.c:89) c_utils_string_buffer_append(): 
"Old Length: 51; New Length: 53;"
05:20:09 PM [INFO](./string/string_buffer.c:89) c_utils_string_buffer_append(): 
"Old Length: 53; New Length: 57;"
05:20:09 PM [INFO](./string/string_buffer.c:89) c_utils_string_buffer_append(): 
"Old Length: 57; New Length: 59;"
05:20:09 PM [INFO](./string/string_buffer.c:89) c_utils_string_buffer_append(): 
"Old Length: 59; New Length: 63;"
05:20:09 PM [INFO](./string/string_buffer.c:89) c_utils_string_buffer_append(): 
"Old Length: 63; New Length: 65;"
05:20:09 PM [INFO](./string/string_buffer.c:89) c_utils_string_buffer_append(): 
"Old Length: 65; New Length: 69;"
05:20:09 PM [INFO](./string/string_buffer.c:89) c_utils_string_buffer_append(): 
"Old Length: 69; New Length: 71;"
05:20:09 PM [INFO](./string/string_buffer.c:89) c_utils_string_buffer_append(): 
"Old Length: 71; New Length: 75;"
05:20:09 PM [INFO](./string/string_buffer.c:89) c_utils_string_buffer_append(): 
"Old Length: 75; New Length: 77;"
05:20:09 PM [INFO](./string/string_buffer.c:89) c_utils_string_buffer_append(): 
"Old Length: 77; New Length: 81;"
05:20:09 PM [INFO](./string/string_buffer.c:89) c_utils_string_buffer_append(): 
"Old Length: 81; New Length: 83;"
05:20:09 PM [INFO](./string/string_buffer.c:89) c_utils_string_buffer_append(): 
"Old Length: 83; New Length: 87;"
05:20:09 PM [INFO](./string/string_buffer.c:89) c_utils_string_buffer_append(): 
"Old Length: 87; New Length: 89;"
05:20:09 PM [INFO](./string/string_buffer.c:89) c_utils_string_buffer_append(): 
"Old Length: 89; New Length: 93;"
05:20:09 PM [INFO](./string/string_buffer.c:89) c_utils_string_buffer_append(): 
"Old Length: 93; New Length: 95;"
05:20:09 PM [INFO](./string/string_buffer.c:89) c_utils_string_buffer_append(): 
"Old Length: 95; New Length: 99;"
05:20:09 PM [INFO](./string/string_buffer.c:89) c_utils_string_buffer_append(): 
"Old Length: 99; New Length: 101;"
05:20:09 PM [INFO](./string/string_buffer.c:89) c_utils_string_buffer_append(): 
"Old Length: 101; New Length: 105;"
05:20:09 PM [INFO](./string/string_buffer.c:89) c_utils_string_buffer_append(): 
"Old Length: 105; New Length: 107;"
05:20:09 PM [INFO](./string/string_buffer.c:89) c_utils_string_buffer_append(): 
"Old Length: 107; New Length: 111;"
05:20:09 PM [INFO](./string/string_buffer.c:89) c_utils_string_buffer_append(): 
"Old Length: 111; New Length: 113;"
05:20:09 PM [INFO](./string/string_buffer.c:89) c_utils_string_buffer_append(): 
"Old Length: 113; New Length: 117;"
05:20:09 PM [INFO](./string/string_buffer.c:89) c_utils_string_buffer_append(): 
"Old Length: 117; New Length: 119;"
05:20:09 PM [INFO](./string/string_buffer.c:89) c_utils_string_buffer_append(): 
"Old Length: 119; New Length: 123;"
05:20:09 PM [INFO](./string/string_buffer.c:89) c_utils_string_buffer_append(): 
"Old Length: 123; New Length: 125;"
05:20:09 PM [INFO](./string/string_buffer.c:89) c_utils_string_buffer_append(): 
"Old Length: 125; New Length: 129;"
05:20:09 PM [INFO](./string/string_buffer.c:89) c_utils_string_buffer_append(): 
"Old Length: 129; New Length: 131;"
05:20:09 PM [INFO](./string/string_buffer.c:89) c_utils_string_buffer_append(): 
"Old Length: 131; New Length: 135;"
05:20:09 PM [INFO](./string/string_buffer.c:89) c_utils_string_buffer_append(): 
"Old Length: 135; New Length: 137;"
05:20:09 PM [INFO](./string/string_buffer.c:89) c_utils_string_buffer_append(): 
"Old Length: 137; New Length: 141;"
05:20:09 PM [INFO](./string/string_buffer.c:89) c_utils_string_buffer_append(): 
"Old Length: 141; New Length: 143;"
05:20:09 PM [INFO](./string/string_buffer.c:89) c_utils_string_buffer_append(): 
"Old Length: 143; New Length: 147;"
05:20:09 PM [INFO](./string/string_buffer.c:89) c_utils_string_buffer_append(): 
"Old Length: 147; New Length: 149;"
05:20:09 PM [INFO](./string/string_buffer.c:89) c_utils_string_buffer_append(): 
"Old Length: 149; New Length: 153;"
05:20:09 PM [INFO](./string/string_buffer.c:89) c_utils_string_buffer_append(): 
"Old Length: 153; New Length: 155;"
05:20:09 PM [INFO](./string/string_buffer.c:89) c_utils_string_buffer_append(): 
"Old Length: 155; New Length: 159;"
05:20:09 PM [INFO](./string/string_buffer.c:89) c_utils_string_buffer_append(): 
"Old Length: 159; New Length: 161;"
05:20:09 PM [INFO](./string/string_buffer.c:89) c_utils_string_buffer_append(): 
"Old Length: 161; New Length: 165;"
05:20:09 PM [INFO](./string/string_buffer.c:89) c_utils_string_buffer_append(): 
"Old Length: 165; New Length: 167;"
05:20:09 PM [INFO](./string/string_buffer.c:89) c_utils_string_buffer_append(): 
"Old Length: 167; New Length: 171;"
05:20:09 PM [INFO](./string/string_buffer.c:89) c_utils_string_buffer_append(): 
"Old Length: 171; New Length: 173;"
05:20:09 PM [INFO](./string/string_buffer.c:89) c_utils_string_buffer_append(): 
"Old Length: 173; New Length: 177;"
05:20:09 PM [INFO](./string/string_buffer.c:89) c_utils_string_buffer_append(): 
"Old Length: 177; New Length: 179;"
05:20:09 PM [INFO](./string/string_buffer.c:89) c_utils_string_buffer_append(): 
"Old Length: 179; New Length: 183;"
05:20:09 PM [INFO](./string/string_buffer.c:89) c_utils_string_buffer_append(): 
"Old Length: 183; New Length: 185;"
05:20:09 PM [INFO](./string/string_buffer.c:89) c_utils_string_buffer_append(): 
"Old Length: 185; New Length: 189;"
05:20:09 PM [INFO](./string/string_buffer.c:89) c_utils_string_buffer_append(): 
"Old Length: 189; New Length: 191;"
05:20:09 PM [INFO](./string/string_buffer.c:89) c_utils_string_buffer_append(): 
"Old Length: 191; New Length: 195;"
05:20:09 PM [INFO](./string/string_buffer.c:89) c_utils_string_buffer_append(): 
"Old Length: 195; New Length: 197;"
05:20:09 PM [INFO](./string/string_buffer.c:89) c_utils_string_buffer_append(): 
"Old Length: 197; New Length: 201;"
05:20:09 PM [INFO](./string/string_buffer.c:89) c_utils_string_buffer_append(): 
"Old Length: 201; New Length: 203;"
05:20:09 PM [INFO](./string/string_buffer.c:89) c_utils_string_buffer_append(): 
"Old Length: 203; New Length: 207;"
05:20:09 PM [INFO](./string/string_buffer.c:89) c_utils_string_buffer_append(): 
"Old Length: 207; New Length: 209;"
05:20:09 PM [INFO](./string/string_buffer.c:89) c_utils_string_buffer_append(): 
"Old Length: 209; New Length: 213;"
05:20:09 PM [INFO](./string/string_buffer.c:89) c_utils_string_buffer_append(): 
"Old Length: 213; New Length: 215;"
05:20:09 PM [INFO](./string/string_buffer.c:89) c_utils_string_buffer_append(): 
"Old Length: 215; New Length: 219;"
05:20:09 PM [INFO](./string/string_buffer.c:89) c_utils_string_buffer_append(): 
"Old Length: 219; New Length: 221;"
05:20:09 PM [INFO](./string/string_buffer.c:89) c_utils_string_buffer_append(): 
"Old Length: 221; New Length: 225;"
05:20:09 PM [INFO](./string/string_buffer.c:89) c_utils_string_buffer_append(): 
"Old Length: 225; New Length: 227;"
05:20:09 PM [INFO](./string/string_buffer.c:89) c_utils_string_buffer_append(): 
"Old Length: 227; New Length: 231;"
05:20:09 PM [INFO](./string/string_buffer.c:89) c_utils_string_buffer_append(): 
"Old Length: 231; New Length: 233;"
05:20:09 PM [INFO](./string/string_buffer.c:89) c_utils_string_buffer_append(): 
"Old Length: 233; New Length: 237;"
05:20:09 PM [INFO](./string/string_buffer.c:89) c_utils_string_buffer_append(): 
"Old Length: 237; New Length: 239;"
05:20:09 PM [INFO](./string/string_buffer.c:89) c_utils_string_buffer_append(): 
"Old Length: 239; New Length: 243;"
05:20:09 PM [INFO](./string/string_buffer.c:89) c_utils_string_buffer_append(): 
"Old Length: 243; New Length: 245;"
05:20:09 PM [INFO](./string/string_buffer.c:89) c_utils_string_buffer_append(): 
"Old Length: 245; New Length: 249;"
05:20:09 PM [INFO](./string/string_buffer.c:89) c_utils_string_buffer_append(): 
"Old Length: 249; New Length: 251;"
05:20:09 PM [INFO](./string/string_buffer.c:89) c_utils_string_buffer_append(): 
"Old Length: 251; New Length: 255;"
05:20:09 PM [INFO](./string/string_buffer.c:89) c_utils_string_buffer_append(): 
"Old Length: 255; New Length: 257;"
05:20:09 PM [INFO](./string/string_buffer.c:89) c_utils_string_buffer_append(): 
"Old Length: 257; New Length: 261;"
05:20:09 PM [INFO](./string/string_buffer.c:89) c_utils_string_buffer_append(): 
"Old Length: 261; New Length: 263;"
05:20:09 PM [INFO](./string/string_buffer.c:89) c_utils_string_buffer_append(): 
"Old Length: 263; New Length: 267;"
05:20:09 PM [INFO](./string/string_buffer.c:89) c_utils_string_buffer_append(): 
"Old Length: 267; New Length: 269;"
05:20:09 PM [INFO](./string/string_buffer.c:89) c_utils_string_buffer_append(): 
"Old Length: 269; New Length: 273;"
05:20:09 PM [INFO](./string/string_buffer.c:89) c_utils_string_buffer_append(): 
"Old Length: 273; New Length: 275;"
05:20:09 PM [INFO](./string/string_buffer.c:89) c_utils_string_buffer_append(): 
"Old Length: 275; New Length: 279;"
05:20:09 PM [INFO](./string/string_buffer.c:89) c_utils_string_buffer_append(): 
"Old Length: 279; New Length: 281;"
05:20:09 PM [INFO](./string/string_buffer.c:89) c_utils_string_buffer_append(): 
"Old Length: 281; New Length: 285;"
05:20:09 PM [INFO](./string/string_buffer.c:89) c_utils_string_buffer_append(): 
"Old Length: 285; New Length: 287;"
05:20:09 PM [INFO](./string/string_buffer.c:89) c_utils_string_buffer_append(): 
"Old Length: 287; New Length: 291;"
05:20:09 PM [INFO](./string/string_buffer.c:89) c_utils_string_buffer_append(): 
"Old Length: 291; New Length: 293;"
05:20:09 PM [INFO](./string/string_buffer.c:89) c_utils_string_buffer_append(): 
"Old Length: 293; New Length: 297;"
05:20:09 PM [INFO](./string/string_buffer.c:89) c_utils_string_buffer_append(): 
"Old Length: 297; New Length: 299;"
05:20:09 PM [INFO](./string/string_buffer.c:89) c_utils_string_buffer_append(): 
"Old Length: 299; New Length: 303;"
05:20:09 PM [INFO](./string/string_buffer.c:89) c_utils_string_buffer_append(): 
"Old Length: 303; New Length: 305;"
05:20:09 PM [INFO](./string/string_buffer.c:89) c_utils_string_buffer_append(): 
"Old Length: 305; New Length: 309;"
05:20:09 PM [INFO](./string/string_buffer.c:89) c_utils_string_buffer_append(): 
"Old Length: 309; New Length: 311;"
05:20:09 PM [INFO](./string/string_buffer.c:89) c_utils_string_buffer_append(): 
"Old Length: 311; New Length: 315;"
05:20:09 PM [INFO](./string/string_buffer.c:89) c_utils_string_buffer_append(): 
"Old Length: 315; New Length: 317;"
05:20:09 PM [INFO](./string/string_buffer.c:89) c_utils_string_buffer_append(): 
"Old Length: 317; New Length: 321;"
05:20:09 PM [INFO](./string/string_buffer.c:89) c_utils_string_buffer_append(): 
"Old Length: 321; New Length: 323;"
05:20:09 PM [INFO](./string/string_buffer.c:89) c_utils_string_buffer_append(): 
"Old Length: 323; New Length: 327;"
05:20:09 PM [INFO](./string/string_buffer.c:89) c_utils_string_buffer_append(): 
"Old Length: 327; New Length: 329;"
05:20:09 PM [INFO](./string/string_buffer.c:89) c_utils_string_buffer_append(): 
"Old Length: 329; New Length: 333;"
05:20:09 PM [INFO](./string/string_buffer.c:89) c_utils_string_buffer_append(): 
"Old Length: 333; New Length: 335;"
05:20:09 PM [INFO](./string/string_buffer.c:89) c_utils_string_buffer_append(): 
"Old Length: 335; New Length: 339;"
05:20:09 PM [INFO](./string/string_buffer.c:89) c_utils_string_buffer_append(): 
"Old Length: 339; New Length: 341;"
05:20:09 PM [INFO](./string/string_buffer.c:89) c_utils_string_buffer_append(): 
"Old Length: 341; New Length: 345;"
05:20:09 PM [INFO](./string/string_buffer.c:89) c_utils_string_buffer_append(): 
"Old Length: 345; New Length: 347;"
05:20:09 PM [INFO](./string/string_buffer.c:89) c_utils_string_buffer_append(): 
"Old Length: 347; New Length: 351;"
05:20:09 PM [INFO](./string/string_buffer.c:89) c_utils_string_buffer_append(): 
"Old Length: 351; New Length: 353;"
05:20:09 PM [INFO](./string/string_buffer.c:89) c_utils_string_buffer_append(): 
"Old Length: 353; New Length: 357;"
05:20:09 PM [INFO](./string/string_buffer.c:89) c_utils_string_buffer_append(): 
"Old Length: 357; New Length: 359;"
05:20:09 PM [INFO](./string/string_buffer.c:89) c_utils_string_buffer_append(): 
"Old Length: 359; New Length: 363;"
05:20:09 PM [INFO](./string/string_buffer.c:89) c_utils_string_buffer_append(): 
"Old Length: 363; New Length: 365;"
05:20:09 PM [INFO](./string/string_buffer.c:89) c_utils_string_buffer_append(): 
"Old Length: 365; New Length: 369;"
05:20:09 PM [INFO](./string/string_buffer.c:89) c_utils_string_buffer_append(): 
"Old Length: 369; New Length: 371;"
05:20:09 PM [INFO](./string/string_buffer.c:89) c_utils_string_buffer_append(): 
"Old Length: 371; New Length: 375;"
05:20:09 PM [INFO](./string/string_buffer.c:89) c_utils_string_buffer_append(): 
"Old Length: 375; New Length: 377;"
05:20:09 PM [INFO](./string/string_buffer.c:89) c_utils_string_buffer_append(): 
"Old Length: 377; New Length: 381;"
05:20:09 PM [INFO](./string/string_buffer.c:89) c_utils_string_buffer_append(): 
"Old Length: 381; New Length: 383;"
05:20:09 PM [INFO](./string/string_buffer.c:89) c_utils_string_buffer_append(): 
"Old Length: 383; New Length: 387;"
05:20:09 PM [INFO](./string/string_buffer.c:89) c_utils_string_buffer_append(): 
"Old Length: 387; New Length: 389;"
05:20:09 PM [INFO](./string/string_buffer.c:89) c_utils_string_buffer_append(): 
"Old Length: 389; New Length: 393;"
05:20:09 PM [INFO](./string/string_buffer.c:89) c_utils_string_buffer_append(): 
"Old Length: 393; New Length: 395;"
05:20:09 PM [INFO](./string/string_buffer.c:89) c_utils_string_buffer_append(): 
"Old Length: 395; New Length: 399;"
05:20:09 PM [INFO](./string/string_buffer.c:89) c_utils_string_buffer_append(): 
"Old Length: 399; New Length: 401;"
05:20:09 PM [INFO](./string/string_buffer.c:89) c_utils_string_buffer_append(): 
"Old Length: 401; New Length: 405;"
05:20:09 PM [INFO](./string/string_buffer.c:89) c_utils_string_buffer_append(): 
"Old Length: 405; New Length: 407;"
05:20:09 PM [INFO](./string/string_buffer.c:89) c_utils_string_buffer_append(): 
"Old Length: 407; New Length: 411;"
05:20:09 PM [INFO](./string/string_buffer.c:89) c_utils_string_buffer_append(): 
"Old Length: 411; New Length: 413;"
05:20:09 PM [INFO](./string/string_buffer.c:89) c_utils_string_buffer_append(): 
"Old Length: 413; New Length: 417;"
05:20:09 PM [INFO](./string/string_buffer.c:89) c_utils_string_buffer_append(): 
"Old Length: 417; New Length: 419;"
05:20:09 PM [INFO](./string/string_buffer.c:89) c_utils_string_buffer_append(): 
"Old Length: 419; New Length: 423;"
05:20:09 PM [INFO](./string/string_buffer.c:89) c_utils_string_buffer_append(): 
"Old Length: 423; New Length: 425;"
05:20:09 PM [INFO](./string/string_buffer.c:89) c_utils_string_buffer_append(): 
"Old Length: 425; New Length: 429;"
05:20:09 PM [INFO](./string/string_buffer.c:89) c_utils_string_buffer_append(): 
"Old Length: 429; New Length: 431;"
05:20:09 PM [INFO](./string/string_buffer.c:89) c_utils_string_buffer_append(): 
"Old Length: 431; New Length: 434;"
05:20:09 PM [INFO](./string/string_buffer.c:89) c_utils_string_buffer_append(): 
"Old Length: 434; New Length: 436;"
05:20:09 PM [INFO](./string/string_buffer.c:89) c_utils_string_buffer_append(): 
"Old Length: 436; New Length: 439;"
05:20:09 PM [INFO](./string/string_buffer.c:89) c_utils_string_buffer_append(): 
"Old Length: 439; New Length: 441;"
05:20:09 PM [INFO](./string/string_buffer.c:89) c_utils_string_buffer_append(): 
"Old Length: 441; New Length: 444;"
05:20:09 PM [INFO](./string/string_buffer.c:89) c_utils_string_buffer_append(): 
"Old Length: 444; New Length: 446;"
05:20:09 PM [INFO](./string/string_buffer.c:89) c_utils_string_buffer_append(): 
"Old Length: 446; New Length: 449;"
05:20:09 PM [INFO](./string/string_buffer.c:89) c_utils_string_buffer_append(): 
"Old Length: 449; New Length: 451;"
05:20:09 PM [INFO](./string/string_buffer.c:89) c_utils_string_buffer_append(): 
"Old Length: 451; New Length: 454;"
05:20:09 PM [INFO](./string/string_buffer.c:89) c_utils_string_buffer_append(): 
"Old Length: 454; New Length: 456;"
05:20:09 PM [INFO](./string/string_buffer.c:89) c_utils_string_buffer_append(): 
"Old Length: 456; New Length: 459;"
05:20:09 PM [INFO](./string/string_buffer.c:89) c_utils_string_buffer_append(): 
"Old Length: 459; New Length: 461;"
05:20:09 PM [INFO](./string/string_buffer.c:89) c_utils_string_buffer_append(): 
"Old Length: 461; New Length: 464;"
05:20:09 PM [INFO](./string/string_buffer.c:89) c_utils_string_buffer_append(): 
"Old Length: 464; New Length: 466;"
05:20:09 PM [INFO](./string/string_buffer.c:89) c_utils_string_buffer_append(): 
"Old Length: 466; New Length: 469;"
05:20:09 PM [INFO](./string/string_buffer.c:89) c_utils_string_buffer_append(): 
"Old Length: 469; New Length: 471;"
05:20:09 PM [INFO](./string/string_buffer.c:89) c_utils_string_buffer_append(): 
"Old Length: 471; New Length: 474;"
05:20:09 PM [INFO](./string/string_buffer.c:89) c_utils_string_buffer_append(): 
"Old Length: 474; New Length: 476;"
05:20:09 PM [INFO](./string/string_buffer.c:89) c_utils_string_buffer_append(): 
"Old Length: 476; New Length: 479;"
05:20:09 PM [INFO](./string/string_buffer.c:89) c_utils_string_buffer_append(): 
"Old Length: 479; New Length: 481;"
05:20:09 PM [INFO](./string/string_buffer.c:89) c_utils_string_buffer_append(): 
"Old Length: 481; New Length: 484;"
05:20:09 PM [INFO](./string/string_buffer.c:89) c_utils_string_buffer_append(): 
"Old Length: 484; New Length: 486;"
05:20:09 PM [INFO](./string/string_buffer.c:89) c_utils_string_buffer_append(): 
"Old Length: 486; New Length: 489;"
05:20:09 PM [INFO](./string/string_buffer.c:89) c_utils_string_buffer_append(): 
"Old Length: 489; New Length: 491;"
05:20:09 PM [INFO](./string/string_buffer.c:89) c_utils_string_buffer_append(): 
"Old Length: 491; New Length: 494;"
05:20:09 PM [INFO](./string/string_buffer.c:89) c_utils_string_buffer_append(): 
"Old Length: 494; New Length: 496;"
05:20:09 PM [INFO](./string/string_buffer.c:89) c_utils_string_buffer_append(): 
"Old Length: 496; New Length: 499;"
05:20:09 PM [INFO](./string/string_buffer.c:89) c_utils_string_buffer_append(): 
"Old Length: 499; New Length: 501;"
05:20:09 PM [INFO](./string/string_buffer.c:89) c_utils_string_buffer_append(): 
"Old Length: 501; New Length: 504;"
05:20:09 PM [INFO](./string/string_buffer.c:89) c_utils_string_buffer_append(): 
"Old Length: 504; New Length: 506;"
05:20:09 PM [INFO](./string/string_buffer.c:89) c_utils_string_buffer_append(): 
"Old Length: 506; New Length: 509;"
05:20:09 PM [INFO](./string/string_buffer.c:89) c_utils_string_buffer_append(): 
"Old Length: 509; New Length: 511;"
05:20:09 PM [INFO](./string/string_buffer.c:89) c_utils_string_buffer_append(): 
"Old Length: 511; New Length: 514;"
05:20:09 PM [INFO](./string/string_buffer.c:89) c_utils_string_buffer_append(): 
"Old Length: 514; New Length: 516;"
05:20:09 PM [INFO](./string/string_buffer.c:89) c_utils_string_buffer_append(): 
"Old Length: 516; New Length: 519;"
05:20:09 PM [INFO](./string/string_buffer.c:89) c_utils_string_buffer_append(): 
"Old Length: 519; New Length: 521;"
05:20:09 PM [INFO](./string/string_buffer.c:89) c_utils_string_buffer_append(): 
"Old Length: 521; New Length: 524;"
05:20:09 PM [INFO](./string/string_buffer.c:89) c_utils_string_buffer_append(): 
"Old Length: 524; New Length: 526;"
05:20:09 PM [INFO](./string/string_buffer.c:89) c_utils_string_buffer_append(): 
"Old Length: 526; New Length: 529;"
05:20:09 PM [INFO](./string/string_buffer.c:89) c_utils_string_buffer_append(): 
"Old Length: 529; New Length: 531;"
05:20:09 PM [INFO](./string/string_buffer.c:89) c_utils_string_buffer_append(): 
"Old Length: 531; New Length: 534;"
05:20:09 PM [INFO](./string/string_buffer.c:89) c_utils_string_buffer_append(): 
"Old Length: 534; New Length: 536;"
05:20:09 PM [INFO](./string/string_buffer.c:89) c_utils_string_buffer_append(): 
"Old Length: 536; New Length: 539;"
05:20:09 PM [INFO](./string/string_buffer.c:89) c_utils_string_buffer_append(): 
"Old Length: 539; New Length: 541;"
05:20:09 PM [INFO](./string/string_buffer.c:89) c_utils_string_buffer_append(): 
"Old Length: 541; New Length: 544;"
05:20:09 PM [INFO](./string/string_buffer.c:89) c_utils_string_buffer_append(): 
"Old Length: 544; New Length: 546;"
05:20:09 PM [INFO](./string/string_buffer.c:89) c_utils_string_buffer_append(): 
"Old Length: 546; New Length: 549;"
05:20:09 PM [INFO](./string/string_buffer.c:89) c_utils_string_buffer_append(): 
"Old Length: 549; New Length: 551;"
05:20:09 PM [INFO](./string/string_buffer.c:89) c_utils_string_buffer_append(): 
"Old Length: 551; New Length: 553;"
05:20:09 PM [INFO](./string/string_buffer.c:89) c_utils_string_buffer_append(): 
"Old Length: 553; New Length: 555;"
05:20:09 PM [INFO](./string/string_buffer.c:89) c_utils_string_buffer_append(): 
"Old Length: 555; New Length: 557;"
05:20:09 PM [INFO](./string/string_buffer.c:89) c_utils_string_buffer_append(): 
"Old Length: 557; New Length: 559;"
05:20:09 PM [INFO](./string/string_buffer.c:89) c_utils_string_buffer_append(): 
"Old Length: 559; New Length: 561;"
05:20:09 PM [INFO](./string/string_buffer.c:89) c_utils_string_buffer_append(): 
"Old Length: 561; New Length: 563;"
05:20:09 PM [INFO](./string/string_buffer.c:89) c_utils_string_buffer_append(): 
"Old Length: 563; New Length: 564;"
05:20:09 PM [INFO](./string/string_buffer.c:89) c_utils_string_buffer_append(): 
"Old Length: 564; New Length: 566;"
05:20:09 PM [INFO](./string/string_buffer.c:89) c_utils_string_buffer_append(): 
"Old Length: 566; New Length: 567;"
05:20:09 PM [INFO](./string/string_buffer.c:89) c_utils_string_buffer_append(): 
"Old Length: 567; New Length: 569;"
05:20:09 PM [INFO](./string/string_buffer.c:168) c_utils_string_buffer_delete(): 
"Initial Start: -2; Initial End: -1;"
05:20:09 PM [INFO](./string/string_buffer.c:186) c_utils_string_buffer_delete(): 
"Corrected Start: 565; Corrected End: 567;"
05:20:09 PM [INFO](./string/string_buffer.c:190) c_utils_string_buffer_delete(): 
"Buffer used: 569; New Length: 567;"
05:20:09 PM [INFO](./string/string_buffer.c:194) c_utils_string_buffer_delete(): 
"Before: buf->data: " { 8722, 8556, 7280, 7128, 6808, 6305, 6106, 5928, 5917, 5628, 5544, 5382, 5130, 5063, 4992, 4920, 4753, 4730, 4365, 4136, 4074, 3990, 3915, 3895, 3876, 3782, 3478, 3444, 3384, 3348, 3128, 3120, 3080, 2961, 2950, 2926, 2923, 2910, 2820, 2788, 2784, 2784, 2700, 2640, 2635, 2550, 2542, 2475, 2442, 2300, 2291, 2100, 2090, 2013, 1932, 1924, 1863, 1855, 1659, 1600, 1595, 1593, 1581, 1520, 1470, 1387, 1292, 1232, 1095, 1040, 1008, 966, 888, 820, 801, 731, 704, 696, 608, 581, 567, 561, 480, 432, 365, 325, 322, 308, 256, 235, 186, 165, 162, 148, 102, 60, 55, 24, 0, 0, ";"
05:20:09 PM [INFO](./string/string_buffer.c:197) c_utils_string_buffer_delete(): 
"After: buf->data: " { 8722, 8556, 7280, 7128, 6808, 6305, 6106, 5928, 5917, 5628, 5544, 5382, 5130, 5063, 4992, 4920, 4753, 4730, 4365, 4136, 4074, 3990, 3915, 3895, 3876, 3782, 3478, 3444, 3384, 3348, 3128, 3120, 3080, 2961, 2950, 2926, 2923, 2910, 2820, 2788, 2784, 2784, 2700, 2640, 2635, 2550, 2542, 2475, 2442, 2300, 2291, 2100, 2090, 2013, 1932, 1924, 1863, 1855, 1659, 1600, 1595, 1593, 1581, 1520, 1470, 1387, 1292, 1232, 1095, 1040, 1008, 966, 888, 820, 801, 731, 704, 696, 608, 581, 567, 561, 480, 432, 365, 325, 322, 308, 256, 235, 186, 165, 162, 148, 102, 60, 55, 24, 0, 0";"
05:20:09 PM [INFO](./string/string_buffer.c:89) c_utils_string_buffer_append(): 
"Old Length: 567; New Length: 570;"
05:20:09 PM [INFO](./string/string_buffer.c:89) c_utils_string_buffer_append(): 
"Old Length: 5; New Length: 6;"
05:20:09 PM [INFO](./string/string_buffer.c:89) c_utils_string_buffer_append(): 
"Old Length: 6; New Length: 8;"
05:20:09 PM [INFO](./string/string_buffer.c:89) c_utils_string_buffer_append(): 
"Old Length: 8; New Length: 9;"
05:20:09 PM [INFO](./string/string_buffer.c:89) c_utils_string_buffer_append(): 
"Old Length: 9; New Length: 11;"
05:20:09 PM [INFO](./string/string_buffer.c:89) c_utils_string_buffer_append(): 
"Old Length: 11; New Length: 13;"
05:20:09 PM [INFO](./string/string_buffer.c:89) c_utils_string_buffer_append(): 
"Old Length: 13; New Length: 15;"
05:20:09 PM [INFO](./string/string_buffer.c:89) c_utils_string_buffer_append(): 
"Old Length: 15; New Length: 17;"
05:20:09 PM [INFO](./string/string_buffer.c:89) c_utils_string_buffer_append(): 
"Old Length: 17; New Length: 19;"
05:20:09 PM [INFO](./string/string_buffer.c:89) c_utils_string_buffer_append(): 
"Old Length: 19; New Length: 21;"
05:20:09 PM [INFO](./string/string_buffer.c:89) c_utils_string_buffer_append(): 
"Old Length: 21; New Length: 23;"
05:20:09 PM [INFO](./string/string_buffer.c:89) c_utils_string_buffer_append(): 
"Old Length: 23; New Length: 26;"
05:20:09 PM [INFO](./string/string_buffer.c:89) c_utils_string_buffer_append(): 
"Old Length: 26; New Length: 28;"
05:20:09 PM [INFO](./string/string_buffer.c:89) c_utils_string_buffer_append(): 
"Old Length: 28; New Length: 31;"
05:20:09 PM [INFO](./string/string_buffer.c:89) c_utils_string_buffer_append(): 
"Old Length: 31; New Length: 33;"
05:20:09 PM [INFO](./string/string_buffer.c:89) c_utils_string_buffer_append(): 
"Old Length: 33; New Length: 36;"
05:20:09 PM [INFO](./string/string_buffer.c:89) c_utils_string_buffer_append(): 
"Old Length: 36; New Length: 38;"
05:20:09 PM [INFO](./string/string_buffer.c:89) c_utils_string_buffer_append(): 
"Old Length: 38; New Length: 41;"
05:20:09 PM [INFO](./string/string_buffer.c:89) c_utils_string_buffer_append(): 
"Old Length: 41; New Length: 43;"
05:20:09 PM [INFO](./string/string_buffer.c:89) c_utils_string_buffer_append(): 
"Old Length: 43; New Length: 46;"
05:20:09 PM [INFO](./string/string_buffer.c:89) c_utils_string_buffer_append(): 
"Old Length: 46; New Length: 48;"
05:20:09 PM [INFO](./string/string_buffer.c:89) c_utils_string_buffer_append(): 
"Old Length: 48; New Length: 51;"
05:20:09 PM [INFO](./string/string_buffer.c:89) c_utils_string_buffer_append(): 
"Old Length: 51; New Length: 53;"
05:20:09 PM [INFO](./string/string_buffer.c:89) c_utils_string_buffer_append(): 
"Old Length: 53; New Length: 56;"
05:20:09 PM [INFO](./string/string_buffer.c:89) c_utils_string_buffer_append(): 
"Old Length: 56; New Length: 58;"
05:20:09 PM [INFO](./string/string_buffer.c:89) c_utils_string_buffer_append(): 
"Old Length: 58; New Length: 61;"
05:20:09 PM [INFO](./string/string_buffer.c:89) c_utils_string_buffer_append(): 
"Old Length: 61; New Length: 63;"
05:20:09 PM [INFO](./string/string_buffer.c:89) c_utils_string_buffer_append(): 
"Old Length: 63; New Length: 66;"
05:20:09 PM [INFO](./string/string_buffer.c:89) c_utils_string_buffer_append(): 
"Old Length: 66; New Length: 68;"
05:20:09 PM [INFO](./string/string_buffer.c:89) c_utils_string_buffer_append(): 
"Old Length: 68; New Length: 71;"
05:20:09 PM [INFO](./string/string_buffer.c:89) c_utils_string_buffer_append(): 
"Old Length: 71; New Length: 73;"
05:20:09 PM [INFO](./string/string_buffer.c:89) c_utils_string_buffer_append(): 
"Old Length: 73; New Length: 76;"
05:20:09 PM [INFO](./string/string_buffer.c:89) c_utils_string_buffer_append(): 
"Old Length: 76; New Length: 78;"
05:20:09 PM [INFO](./string/string_buffer.c:89) c_utils_string_buffer_append(): 
"Old Length: 78; New Length: 81;"
05:20:09 PM [INFO](./string/string_buffer.c:89) c_utils_string_buffer_append(): 
"Old Length: 81; New Length: 83;"
05:20:09 PM [INFO](./string/string_buffer.c:89) c_utils_string_buffer_append(): 
"Old Length: 83; New Length: 86;"
05:20:09 PM [INFO](./string/string_buffer.c:89) c_utils_string_buffer_append(): 
"Old Length: 86; New Length: 88;"
05:20:09 PM [INFO](./string/string_buffer.c:89) c_utils_string_buffer_append(): 
"Old Length: 88; New Length: 91;"
05:20:09 PM [INFO](./string/string_buffer.c:89) c_utils_string_buffer_append(): 
"Old Length: 91; New Length: 93;"
05:20:09 PM [INFO](./string/string_buffer.c:89) c_utils_string_buffer_append(): 
"Old Length: 93; New Length: 96;"
05:20:09 PM [INFO](./string/string_buffer.c:89) c_utils_string_buffer_append(): 
"Old Length: 96; New Length: 98;"
05:20:09 PM [INFO](./string/string_buffer.c:89) c_utils_string_buffer_append(): 
"Old Length: 98; New Length: 101;"
05:20:09 PM [INFO](./string/string_buffer.c:89) c_utils_string_buffer_append(): 
"Old Length: 101; New Length: 103;"
05:20:09 PM [INFO](./string/string_buffer.c:89) c_utils_string_buffer_append(): 
"Old Length: 103; New Length: 106;"
05:20:09 PM [INFO](./string/string_buffer.c:89) c_utils_string_buffer_append(): 
"Old Length: 106; New Length: 108;"
05:20:09 PM [INFO](./string/string_buffer.c:89) c_utils_string_buffer_append(): 
"Old Length: 108; New Length: 111;"
05:20:09 PM [INFO](./string/string_buffer.c:89) c_utils_string_buffer_append(): 
"Old Length: 111; New Length: 113;"
05:20:09 PM [INFO](./string/string_buffer.c:89) c_utils_string_buffer_append(): 
"Old Length: 113; New Length: 116;"
05:20:09 PM [INFO](./string/string_buffer.c:89) c_utils_string_buffer_append(): 
"Old Length: 116; New Length: 118;"
05:20:09 PM [INFO](./string/string_buffer.c:89) c_utils_string_buffer_append(): 
"Old Length: 118; New Length: 121;"
05:20:09 PM [INFO](./string/string_buffer.c:89) c_utils_string_buffer_append(): 
"Old Length: 121; New Length: 123;"
05:20:09 PM [INFO](./string/string_buffer.c:89) c_utils_string_buffer_append(): 
"Old Length: 123; New Length: 126;"
05:20:09 PM [INFO](./string/string_buffer.c:89) c_utils_string_buffer_append(): 
"Old Length: 126; New Length: 128;"
05:20:09 PM [INFO](./string/string_buffer.c:89) c_utils_string_buffer_append(): 
"Old Length: 128; New Length: 131;"
05:20:09 PM [INFO](./string/string_buffer.c:89) c_utils_string_buffer_append(): 
"Old Length: 131; New Length: 133;"
05:20:09 PM [INFO](./string/string_buffer.c:89) c_utils_string_buffer_append(): 
"Old Length: 133; New Length: 136;"
05:20:09 PM [INFO](./string/string_buffer.c:89) c_utils_string_buffer_append(): 
"Old Length: 136; New Length: 138;"
05:20:09 PM [INFO](./string/string_buffer.c:89) c_utils_string_buffer_append(): 
"Old Length: 138; New Length: 141;"
05:20:09 PM [INFO](./string/string_buffer.c:89) c_utils_string_buffer_append(): 
"Old Length: 141; New Length: 143;"
05:20:09 PM [INFO](./string/string_buffer.c:89) c_utils_string_buffer_append(): 
"Old Length: 143; New Length: 147;"
05:20:09 PM [INFO](./string/string_buffer.c:89) c_utils_string_buffer_append(): 
"Old Length: 147; New Length: 149;"
05:20:09 PM [INFO](./string/string_buffer.c:89) c_utils_string_buffer_append(): 
"Old Length: 149; New Length: 153;"
05:20:09 PM [INFO](./string/string_buffer.c:89) c_utils_string_buffer_append(): 
"Old Length: 153; New Length: 155;"
05:20:09 PM [INFO](./string/string_buffer.c:89) c_utils_string_buffer_append(): 
"Old Length: 155; New Length: 159;"
05:20:09 PM [INFO](./string/string_buffer.c:89) c_utils_string_buffer_append(): 
"Old Length: 159; New Length: 161;"
05:20:09 PM [INFO](./string/string_buffer.c:89) c_utils_string_buffer_append(): 
"Old Length: 161; New Length: 165;"
05:20:09 PM [INFO](./string/string_buffer.c:89) c_utils_string_buffer_append(): 
"Old Length: 165; New Length: 167;"
05:20:09 PM [INFO](./string/string_buffer.c:89) c_utils_string_buffer_append(): 
"Old Length: 167; New Length: 171;"
05:20:09 PM [INFO](./string/string_buffer.c:89) c_utils_string_buffer_append(): 
"Old Length: 171; New Length: 173;"
05:20:09 PM [INFO](./string/string_buffer.c:89) c_utils_string_buffer_append(): 
"Old Length: 173; New Length: 177;"
05:20:09 PM [INFO](./string/string_buffer.c:89) c_utils_string_buffer_append(): 
"Old Length: 177; New Length: 179;"
05:20:09 PM [INFO](./string/string_buffer.c:89) c_utils_string_buffer_append(): 
"Old Length: 179; New Length: 183;"
05:20:09 PM [INFO](./string/string_buffer.c:89) c_utils_string_buffer_append(): 
"Old Length: 183; New Length: 185;"
05:20:09 PM [INFO](./string/string_buffer.c:89) c_utils_string_buffer_append(): 
"Old Length: 185; New Length: 189;"
05:20:09 PM [INFO](./string/string_buffer.c:89) c_utils_string_buffer_append(): 
"Old Length: 189; New Length: 191;"
05:20:09 PM [INFO](./string/string_buffer.c:89) c_utils_string_buffer_append(): 
"Old Length: 191; New Length: 195;"
05:20:09 PM [INFO](./string/string_buffer.c:89) c_utils_string_buffer_append(): 
"Old Length: 195; New Length: 197;"
05:20:09 PM [INFO](./string/string_buffer.c:89) c_utils_string_buffer_append(): 
"Old Length: 197; New Length: 201;"
05:20:09 PM [INFO](./string/string_buffer.c:89) c_utils_string_buffer_append(): 
"Old Length: 201; New Length: 203;"
05:20:09 PM [INFO](./string/string_buffer.c:89) c_utils_string_buffer_append(): 
"Old Length: 203; New Length: 207;"
05:20:09 PM [INFO](./string/string_buffer.c:89) c_utils_string_buffer_append(): 
"Old Length: 207; New Length: 209;"
05:20:09 PM [INFO](./string/string_buffer.c:89) c_utils_string_buffer_append(): 
"Old Length: 209; New Length: 213;"
05:20:09 PM [INFO](./string/string_buffer.c:89) c_utils_string_buffer_append(): 
"Old Length: 213; New Length: 215;"
05:20:09 PM [INFO](./string/string_buffer.c:89) c_utils_string_buffer_append(): 
"Old Length: 215; New Length: 219;"
05:20:09 PM [INFO](./string/string_buffer.c:89) c_utils_string_buffer_append(): 
"Old Length: 219; New Length: 221;"
05:20:09 PM [INFO](./string/string_buffer.c:89) c_utils_string_buffer_append(): 
"Old Length: 221; New Length: 225;"
05:20:09 PM [INFO](./string/string_buffer.c:89) c_utils_string_buffer_append(): 
"Old Length: 225; New Length: 227;"
05:20:09 PM [INFO](./string/string_buffer.c:89) c_utils_string_buffer_append(): 
"Old Length: 227; New Length: 231;"
05:20:09 PM [INFO](./string/string_buffer.c:89) c_utils_string_buffer_append(): 
"Old Length: 231; New Length: 233;"
05:20:09 PM [INFO](./string/string_buffer.c:89) c_utils_string_buffer_append(): 
"Old Length: 233; New Length: 237;"
05:20:09 PM [INFO](./string/string_buffer.c:89) c_utils_string_buffer_append(): 
"Old Length: 237; New Length: 239;"
05:20:09 PM [INFO](./string/string_buffer.c:89) c_utils_string_buffer_append(): 
"Old Length: 239; New Length: 243;"
05:20:09 PM [INFO](./string/string_buffer.c:89) c_utils_string_buffer_append(): 
"Old Length: 243; New Length: 245;"
05:20:09 PM [INFO](./string/string_buffer.c:89) c_utils_string_buffer_append(): 
"Old Length: 245; New Length: 249;"
05:20:09 PM [INFO](./string/string_buffer.c:89) c_utils_string_buffer_append(): 
"Old Length: 249; New Length: 251;"
05:20:09 PM [INFO](./string/string_buffer.c:89) c_utils_string_buffer_append(): 
"Old Length: 251; New Length: 255;"
05:20:09 PM [INFO](./string/string_buffer.c:89) c_utils_string_buffer_append(): 
"Old Length: 255; New Length: 257;"
05:20:09 PM [INFO](./string/string_buffer.c:89) c_utils_string_buffer_append(): 
"Old Length: 257; New Length: 261;"
05:20:09 PM [INFO](./string/string_buffer.c:89) c_utils_string_buffer_append(): 
"Old Length: 261; New Length: 263;"
05:20:09 PM [INFO](./string/string_buffer.c:89) c_utils_string_buffer_append(): 
"Old Length: 263; New Length: 267;"
05:20:09 PM [INFO](./string/string_buffer.c:89) c_utils_string_buffer_append(): 
"Old Length: 267; New Length: 269;"
05:20:09 PM [INFO](./string/string_buffer.c:89) c_utils_string_buffer_append(): 
"Old Length: 269; New Length: 273;"
05:20:09 PM [INFO](./string/string_buffer.c:89) c_utils_string_buffer_append(): 
"Old Length: 273; New Length: 275;"
05:20:09 PM [INFO](./string/string_buffer.c:89) c_utils_string_buffer_append(): 
"Old Length: 275; New Length: 279;"
05:20:09 PM [INFO](./string/string_buffer.c:89) c_utils_string_buffer_append(): 
"Old Length: 279; New Length: 281;"
05:20:09 PM [INFO](./string/string_buffer.c:89) c_utils_string_buffer_append(): 
"Old Length: 281; New Length: 285;"
05:20:09 PM [INFO](./string/string_buffer.c:89) c_utils_string_buffer_append(): 
"Old Length: 285; New Length: 287;"
05:20:09 PM [INFO](./string/string_buffer.c:89) c_utils_string_buffer_append(): 
"Old Length: 287; New Length: 291;"
05:20:09 PM [INFO](./string/string_buffer.c:89) c_utils_string_buffer_append(): 
"Old Length: 291; New Length: 293;"
05:20:09 PM [INFO](./string/string_buffer.c:89) c_utils_string_buffer_append(): 
"Old Length: 293; New Length: 297;"
05:20:09 PM [INFO](./string/string_buffer.c:89) c_utils_string_buffer_append(): 
"Old Length: 297; New Length: 299;"
05:20:09 PM [INFO](./string/string_buffer.c:89) c_utils_string_buffer_append(): 
"Old Length: 299; New Length: 303;"
05:20:09 PM [INFO](./string/string_buffer.c:89) c_utils_string_buffer_append(): 
"Old Length: 303; New Length: 305;"
05:20:09 PM [INFO](./string/string_buffer.c:89) c_utils_string_buffer_append(): 
"Old Length: 305; New Length: 309;"
05:20:09 PM [INFO](./string/string_buffer.c:89) c_utils_string_buffer_append(): 
"Old Length: 309; New Length: 311;"
05:20:09 PM [INFO](./string/string_buffer.c:89) c_utils_string_buffer_append(): 
"Old Length: 311; New Length: 315;"
05:20:09 PM [INFO](./string/string_buffer.c:89) c_utils_string_buffer_append(): 
"Old Length: 315; New Length: 317;"
05:20:09 PM [INFO](./string/string_buffer.c:89) c_utils_string_buffer_append(): 
"Old Length: 317; New Length: 321;"
05:20:09 PM [INFO](./string/string_buffer.c:89) c_utils_string_buffer_append(): 
"Old Length: 321; New Length: 323;"
05:20:09 PM [INFO](./string/string_buffer.c:89) c_utils_string_buffer_append(): 
"Old Length: 323; New Length: 327;"
05:20:09 PM [INFO](./string/string_buffer.c:89) c_utils_string_buffer_append(): 
"Old Length: 327; New Length: 329;"
05:20:09 PM [INFO](./string/string_buffer.c:89) c_utils_string_buffer_append(): 
"Old Length: 329; New Length: 333;"
05:20:09 PM [INFO](./string/string_buffer.c:89) c_utils_string_buffer_append(): 
"Old Length: 333; New Length: 335;"
05:20:09 PM [INFO](./string/string_buffer.c:89) c_utils_string_buffer_append(): 
"Old Length: 335; New Length: 339;"
05:20:09 PM [INFO](./string/string_buffer.c:89) c_utils_string_buffer_append(): 
"Old Length: 339; New Length: 341;"
05:20:09 PM [INFO](./string/string_buffer.c:89) c_utils_string_buffer_append(): 
"Old Length: 341; New Length: 345;"
05:20:09 PM [INFO](./string/string_buffer.c:89) c_utils_string_buffer_append(): 
"Old Length: 345; New Length: 347;"
05:20:09 PM [INFO](./string/string_buffer.c:89) c_utils_string_buffer_append(): 
"Old Length: 347; New Length: 351;"
05:20:09 PM [INFO](./string/string_buffer.c:89) c_utils_string_buffer_append(): 
"Old Length: 351; New Length: 353;"
05:20:09 PM [INFO](./string/string_buffer.c:89) c_utils_string_buffer_append(): 
"Old Length: 353; New Length: 357;"
05:20:09 PM [INFO](./string/string_buffer.c:89) c_utils_string_buffer_append(): 
"Old Length: 357; New Length: 359;"
05:20:09 PM [INFO](./string/string_buffer.c:89) c_utils_string_buffer_append(): 
"Old Length: 359; New Length: 363;"
05:20:09 PM [INFO](./string/string_buffer.c:89) c_utils_string_buffer_append(): 
"Old Length: 363; New Length: 365;"
05:20:09 PM [INFO](./string/string_buffer.c:89) c_utils_string_buffer_append(): 
"Old Length: 365; New Length: 369;"
05:20:09 PM [INFO](./string/string_buffer.c:89) c_utils_string_buffer_append(): 
"Old Length: 369; New Length: 371;"
05:20:09 PM [INFO](./string/string_buffer.c:89) c_utils_string_buffer_append(): 
"Old Length: 371; New Length: 375;"
05:20:09 PM [INFO](./string/string_buffer.c:89) c_utils_string_buffer_append(): 
"Old Length: 375; New Length: 377;"
05:20:09 PM [INFO](./string/string_buffer.c:89) c_utils_string_buffer_append(): 
"Old Length: 377; New Length: 381;"
05:20:09 PM [INFO](./string/string_buffer.c:89) c_utils_string_buffer_append(): 
"Old Length: 381; New Length: 383;"
05:20:09 PM [INFO](./string/string_buffer.c:89) c_utils_string_buffer_append(): 
"Old Length: 383; New Length: 387;"
05:20:09 PM [INFO](./string/string_buffer.c:89) c_utils_string_buffer_append(): 
"Old Length: 387; New Length: 389;"
05:20:09 PM [INFO](./string/string_buffer.c:89) c_utils_string_buffer_append(): 
"Old Length: 389; New Length: 393;"
05:20:09 PM [INFO](./string/string_buffer.c:89) c_utils_string_buffer_append(): 
"Old Length: 393; New Length: 395;"
05:20:09 PM [INFO](./string/string_buffer.c:89) c_utils_string_buffer_append(): 
"Old Length: 395; New Length: 399;"
05:20:09 PM [INFO](./string/string_buffer.c:89) c_utils_string_buffer_append(): 
"Old Length: 399; New Length: 401;"
05:20:09 PM [INFO](./string/string_buffer.c:89) c_utils_string_buffer_append(): 
"Old Length: 401; New Length: 405;"
05:20:09 PM [INFO](./string/string_buffer.c:89) c_utils_string_buffer_append(): 
"Old Length: 405; New Length: 407;"
05:20:09 PM [INFO](./string/string_buffer.c:89) c_utils_string_buffer_append(): 
"Old Length: 407; New Length: 411;"
05:20:09 PM [INFO](./string/string_buffer.c:89) c_utils_string_buffer_append(): 
"Old Length: 411; New Length: 413;"
05:20:09 PM [INFO](./string/string_buffer.c:89) c_utils_string_buffer_append(): 
"Old Length: 413; New Length: 417;"
05:20:09 PM [INFO](./string/string_buffer.c:89) c_utils_string_buffer_append(): 
"Old Length: 417; New Length: 419;"
05:20:09 PM [INFO](./string/string_buffer.c:89) c_utils_string_buffer_append(): 
"Old Length: 419; New Length: 423;"
05:20:09 PM [INFO](./string/string_buffer.c:89) c_utils_string_buffer_append(): 
"Old Length: 423; New Length: 425;"
05:20:09 PM [INFO](./string/string_buffer.c:89) c_utils_string_buffer_append(): 
"Old Length: 425; New Length: 429;"
05:20:09 PM [INFO](./string/string_buffer.c:89) c_utils_string_buffer_append(): 
"Old Length: 429; New Length: 431;"
05:20:09 PM [INFO](./string/string_buffer.c:89) c_utils_string_buffer_append(): 
"Old Length: 431; New Length: 435;"
05:20:09 PM [INFO](./string/string_buffer.c:89) c_utils_string_buffer_append(): 
"Old Length: 435; New Length: 437;"
05:20:09 PM [INFO](./string/string_buffer.c:89) c_utils_string_buffer_append(): 
"Old Length: 437; New Length: 441;"
05:20:09 PM [INFO](./string/string_buffer.c:89) c_utils_string_buffer_append(): 
"Old Length: 441; New Length: 443;"
05:20:09 PM [INFO](./string/string_buffer.c:89) c_utils_string_buffer_append(): 
"Old Length: 443; New Length: 447;"
05:20:09 PM [INFO](./string/string_buffer.c:89) c_utils_string_buffer_append(): 
"Old Length: 447; New Length: 449;"
05:20:09 PM [INFO](./string/string_buffer.c:89) c_utils_string_buffer_append(): 
"Old Length: 449; New Length: 453;"
05:20:09 PM [INFO](./string/string_buffer.c:89) c_utils_string_buffer_append(): 
"Old Length: 453; New Length: 455;"
05:20:09 PM [INFO](./string/string_buffer.c:89) c_utils_string_buffer_append(): 
"Old Length: 455; New Length: 459;"
05:20:09 PM [INFO](./string/string_buffer.c:89) c_utils_string_buffer_append(): 
"Old Length: 459; New Length: 461;"
05:20:09 PM [INFO](./string/string_buffer.c:89) c_utils_string_buffer_append(): 
"Old Length: 461; New Length: 465;"
05:20:09 PM [INFO](./string/string_buffer.c:89) c_utils_string_buffer_append(): 
"Old Length: 465; New Length: 467;"
05:20:09 PM [INFO](./string/string_buffer.c:89) c_utils_string_buffer_append(): 
"Old Length: 467; New Length: 471;"
05:20:09 PM [INFO](./string/string_buffer.c:89) c_utils_string_buffer_append(): 
"Old Length: 471; New Length: 473;"
05:20:09 PM [INFO](./string/string_buffer.c:89) c_utils_string_buffer_append(): 
"Old Length: 473; New Length: 477;"
05:20:09 PM [INFO](./string/string_buffer.c:89) c_utils_string_buffer_append(): 
"Old Length: 477; New Length: 479;"
05:20:09 PM [INFO](./string/string_buffer.c:89) c_utils_string_buffer_append(): 
"Old Length: 479; New Length: 483;"
05:20:09 PM [INFO](./string/string_buffer.c:89) c_utils_string_buffer_append(): 
"Old Length: 483; New Length: 485;"
05:20:09 PM [INFO](./string/string_buffer.c:89) c_utils_string_buffer_append(): 
"Old Length: 485; New Length: 489;"
05:20:09 PM [INFO](./string/string_buffer.c:89) c_utils_string_buffer_append(): 
"Old Length: 489; New Length: 491;"
05:20:09 PM [INFO](./string/string_buffer.c:89) c_utils_string_buffer_append(): 
"Old Length: 491; New Length: 495;"
05:20:09 PM [INFO](./string/string_buffer.c:89) c_utils_string_buffer_append(): 
"Old Length: 495; New Length: 497;"
05:20:09 PM [INFO](./string/string_buffer.c:89) c_utils_string_buffer_append(): 
"Old Length: 497; New Length: 501;"
05:20:09 PM [INFO](./string/string_buffer.c:89) c_utils_string_buffer_append(): 
"Old Length: 501; New Length: 503;"
05:20:09 PM [INFO](./string/string_buffer.c:89) c_utils_string_buffer_append(): 
"Old Length: 503; New Length: 507;"
05:20:09 PM [INFO](./string/string_buffer.c:89) c_utils_string_buffer_append(): 
"Old Length: 507; New Length: 509;"
05:20:09 PM [INFO](./string/string_buffer.c:89) c_utils_string_buffer_append(): 
"Old Length: 509; New Length: 513;"
05:20:09 PM [INFO](./string/string_buffer.c:89) c_utils_string_buffer_append(): 
"Old Length: 513; New Length: 515;"
05:20:09 PM [INFO](./string/string_buffer.c:89) c_utils_string_buffer_append(): 
"Old Length: 515; New Length: 519;"
05:20:09 PM [INFO](./string/string_buffer.c:89) c_utils_string_buffer_append(): 
"Old Length: 519; New Length: 521;"
05:20:09 PM [INFO](./string/string_buffer.c:89) c_utils_string_buffer_append(): 
"Old Length: 521; New Length: 525;"
05:20:09 PM [INFO](./string/string_buffer.c:89) c_utils_string_buffer_append(): 
"Old Length: 525; New Length: 527;"
05:20:09 PM [INFO](./string/string_buffer.c:89) c_utils_string_buffer_append(): 
"Old Length: 527; New Length: 531;"
05:20:09 PM [INFO](./string/string_buffer.c:89) c_utils_string_buffer_append(): 
"Old Length: 531; New Length: 533;"
05:20:09 PM [INFO](./string/string_buffer.c:89) c_utils_string_buffer_append(): 
"Old Length: 533; New Length: 537;"
05:20:09 PM [INFO](./string/string_buffer.c:89) c_utils_string_buffer_append(): 
"Old Length: 537; New Length: 539;"
05:20:09 PM [INFO](./string/string_buffer.c:89) c_utils_string_buffer_append(): 
"Old Length: 539; New Length: 543;"
05:20:09 PM [INFO](./string/string_buffer.c:89) c_utils_string_buffer_append(): 
"Old Length: 543; New Length: 545;"
05:20:09 PM [INFO](./string/string_buffer.c:89) c_utils_string_buffer_append(): 
"Old Length: 545; New Length: 549;"
05:20:09 PM [INFO](./string/string_buffer.c:89) c_utils_string_buffer_append(): 
"Old Length: 549; New Length: 551;"
05:20:09 PM [INFO](./string/string_buffer.c:89) c_utils_string_buffer_append(): 
"Old Length: 551; New Length: 555;"
05:20:09 PM [INFO](./string/string_buffer.c:89) c_utils_string_buffer_append(): 
"Old Length: 555; New Length: 557;"
05:20:09 PM [INFO](./string/string_buffer.c:89) c_utils_string_buffer_append(): 
"Old Length: 557; New Length: 561;"
05:20:09 PM [INFO](./string/string_buffer.c:89) c_utils_string_buffer_append(): 
"Old Length: 561; New Length: 563;"
05:20:09 PM [INFO](./string/string_buffer.c:89) c_utils_string_buffer_append(): 
"Old Length: 563; New Length: 567;"
05:20:09 PM [INFO](./string/string_buffer.c:89) c_utils_string_buffer_append(): 
"Old Length: 567; New Length: 569;"
05:20:09 PM [INFO](./string/string_buffer.c:168) c_utils_string_buffer_delete(): 
"Initial Start: -2; Initial End: -1;"
05:20:09 PM [INFO](./string/string_buffer.c:186) c_utils_string_buffer_delete(): 
"Corrected Start: 565; Corrected End: 567;"
05:20:09 PM [INFO](./string/string_buffer.c:190) c_utils_string_buffer_delete(): 
"Buffer used: 569; New Length: 567;"
05:20:09 PM [INFO](./string/string_buffer.c:194) c_utils_string_buffer_delete(): 
"Before: buf->data: " { 0, 0, 24, 55, 60, 102, 148, 162, 165, 186, 235, 256, 308, 322, 325, 365, 432, 480, 561, 567, 581, 608, 696, 704, 731, 801, 820, 888, 966, 1008, 1040, 1095, 1232, 1292, 1387, 1470, 1520, 1581, 1593, 1595, 1600, 1659, 1855, 1863, 1924, 1932, 2013, 2090, 2100, 2291, 2300, 2442, 2475, 2542, 2550, 2635, 2640, 2700, 2784, 2784, 2788, 2820, 2910, 2923, 2926, 2950, 2961, 3080, 3120, 3128, 3348, 3384, 3444, 3478, 3782, 3876, 3895, 3915, 3990, 4074, 4136, 4365, 4730, 4753, 4920, 4992, 5063, 5130, 5382, 5544, 5628, 5917, 5928, 6106, 6305, 6808, 7128, 7280, 8556, 8722, ";"
05:20:09 PM [INFO](./string/string_buffer.c:197) c_utils_string_buffer_delete(): 
"After: buf->data: " { 0, 0, 24, 55, 60, 102, 148, 162, 165, 186, 235, 256, 308, 322, 325, 365, 432, 480, 561, 567, 581, 608, 696, 704, 731, 801, 820, 888, 966, 1008, 1040, 1095, 1232, 1292, 1387, 1470, 1520, 1581, 1593, 1595, 1600, 1659, 1855, 1863, 1924, 1932, 2013, 2090, 2100, 2291, 2300, 2442, 2475, 2542, 2550, 2635, 2640, 2700, 2784, 2784, 2788, 2820, 2910, 2923, 2926, 2950, 2961, 3080, 3120, 3128, 3348, 3384, 3444, 3478, 3782, 3876, 3895, 3915, 3990, 4074, 4136, 4365, 4730, 4753, 4920, 4992, 5063, 5130, 5382, 5544, 5628, 5917, 5928, 6106, 6305, 6808, 7128, 7280, 8556, 8722";"
05:20:09 PM [INFO](./string/string_buffer.c:89) c_utils_string_buffer_append(): 
"Old Length: 567; New Length: 570;"
05:20:09 PM [INFO](./string/string_buffer.c:168) c_utils_string_buffer_delete(): 
"Initial Start: -2; Initial End: -1;"
05:20:09 PM [INFO](./string/string_buffer.c:186) c_utils_string_buffer_delete(): 
"Corrected Start: 1; Corrected End: 3;"
05:20:09 PM [INFO](./string/string_buffer.c:190) c_utils_string_buffer_delete(): 
"Buffer used: 5; New Length: 3;"
05:20:09 PM [INFO](./string/string_buffer.c:194) c_utils_string_buffer_delete(): 
"Before: buf->data: " { ";"
05:20:09 PM [INFO](./string/string_buffer.c:197) c_utils_string_buffer_delete(): 
"After: buf->data: " ";"
05:20:09 PM [INFO](./string/string_buffer.c:89) c_utils_string_buffer_append(): 
"Old Length: 3; New Length: 6;"
